{"__type":"$$EventMessageWorkflow","id":"496ca9f1-f7f9-4d43-8739-269959bb80a6","ts":"2025-05-02T18:27:51.601+00:00","eventName":"n8n.workflow.started","message":"n8n.workflow.started","payload":{"executionId":"121","workflowId":"AA1JULOQyw6wmZHH","isManual":false,"workflowName":"My workflow"}}
{"__type":"$$EventMessageConfirm","confirm":"496ca9f1-f7f9-4d43-8739-269959bb80a6","ts":"2025-05-02T18:27:51.602+00:00","source":{"id":"0","name":"eventBus"}}
{"__type":"$$EventMessageNode","id":"2be6a1ab-371b-4177-b4e6-5ccdbb59b25a","ts":"2025-05-02T18:27:51.605+00:00","eventName":"n8n.node.started","message":"n8n.node.started","payload":{"workflowId":"AA1JULOQyw6wmZHH","workflowName":"My workflow","executionId":"121","nodeType":"n8n-nodes-base.manualTrigger","nodeName":"When clicking ‘Test workflow’"}}
{"__type":"$$EventMessageConfirm","confirm":"2be6a1ab-371b-4177-b4e6-5ccdbb59b25a","ts":"2025-05-02T18:27:51.606+00:00","source":{"id":"0","name":"eventBus"}}
{"__type":"$$EventMessageNode","id":"5606bb69-8f91-48fd-b786-f6d312741ea4","ts":"2025-05-02T18:27:51.613+00:00","eventName":"n8n.node.finished","message":"n8n.node.finished","payload":{"workflowId":"AA1JULOQyw6wmZHH","workflowName":"My workflow","executionId":"121","nodeType":"n8n-nodes-base.manualTrigger","nodeName":"When clicking ‘Test workflow’"}}
{"__type":"$$EventMessageConfirm","confirm":"5606bb69-8f91-48fd-b786-f6d312741ea4","ts":"2025-05-02T18:27:51.613+00:00","source":{"id":"0","name":"eventBus"}}
{"__type":"$$EventMessageNode","id":"4fa61ff6-dcc4-4269-85f4-cb9e65afca7a","ts":"2025-05-02T18:27:51.613+00:00","eventName":"n8n.node.started","message":"n8n.node.started","payload":{"workflowId":"AA1JULOQyw6wmZHH","workflowName":"My workflow","executionId":"121","nodeType":"n8n-nodes-base.readWriteFile","nodeName":"Employees"}}
{"__type":"$$EventMessageConfirm","confirm":"4fa61ff6-dcc4-4269-85f4-cb9e65afca7a","ts":"2025-05-02T18:27:51.613+00:00","source":{"id":"0","name":"eventBus"}}
{"__type":"$$EventMessageNode","id":"b0e5788b-5880-4655-930f-62d97d6e198b","ts":"2025-05-02T18:27:51.649+00:00","eventName":"n8n.node.finished","message":"n8n.node.finished","payload":{"workflowId":"AA1JULOQyw6wmZHH","workflowName":"My workflow","executionId":"121","nodeType":"n8n-nodes-base.readWriteFile","nodeName":"Employees"}}
{"__type":"$$EventMessageConfirm","confirm":"b0e5788b-5880-4655-930f-62d97d6e198b","ts":"2025-05-02T18:27:51.649+00:00","source":{"id":"0","name":"eventBus"}}
{"__type":"$$EventMessageNode","id":"3c18364f-ae58-47a3-bd1b-2e31ae91222d","ts":"2025-05-02T18:27:51.650+00:00","eventName":"n8n.node.started","message":"n8n.node.started","payload":{"workflowId":"AA1JULOQyw6wmZHH","workflowName":"My workflow","executionId":"121","nodeType":"n8n-nodes-base.extractFromFile","nodeName":"Extract Employees CSV"}}
{"__type":"$$EventMessageConfirm","confirm":"3c18364f-ae58-47a3-bd1b-2e31ae91222d","ts":"2025-05-02T18:27:51.650+00:00","source":{"id":"0","name":"eventBus"}}
{"__type":"$$EventMessageNode","id":"aee99a58-6e2a-4f1f-9fef-3f0eda7a0485","ts":"2025-05-02T18:27:51.661+00:00","eventName":"n8n.node.finished","message":"n8n.node.finished","payload":{"workflowId":"AA1JULOQyw6wmZHH","workflowName":"My workflow","executionId":"121","nodeType":"n8n-nodes-base.extractFromFile","nodeName":"Extract Employees CSV"}}
{"__type":"$$EventMessageConfirm","confirm":"aee99a58-6e2a-4f1f-9fef-3f0eda7a0485","ts":"2025-05-02T18:27:51.661+00:00","source":{"id":"0","name":"eventBus"}}
{"__type":"$$EventMessageNode","id":"497466bd-3d96-4a18-b7bc-0d8e0241181a","ts":"2025-05-02T18:27:51.662+00:00","eventName":"n8n.node.started","message":"n8n.node.started","payload":{"workflowId":"AA1JULOQyw6wmZHH","workflowName":"My workflow","executionId":"121","nodeType":"n8n-nodes-base.readWriteFile","nodeName":"Shifts"}}
{"__type":"$$EventMessageConfirm","confirm":"497466bd-3d96-4a18-b7bc-0d8e0241181a","ts":"2025-05-02T18:27:51.662+00:00","source":{"id":"0","name":"eventBus"}}
{"__type":"$$EventMessageNode","id":"16270ad6-3338-403d-ae67-3228b2efd7ff","ts":"2025-05-02T18:27:51.684+00:00","eventName":"n8n.node.finished","message":"n8n.node.finished","payload":{"workflowId":"AA1JULOQyw6wmZHH","workflowName":"My workflow","executionId":"121","nodeType":"n8n-nodes-base.readWriteFile","nodeName":"Shifts"}}
{"__type":"$$EventMessageConfirm","confirm":"16270ad6-3338-403d-ae67-3228b2efd7ff","ts":"2025-05-02T18:27:51.685+00:00","source":{"id":"0","name":"eventBus"}}
{"__type":"$$EventMessageNode","id":"d3b889e1-7250-41c2-93d3-7bc1957de3ce","ts":"2025-05-02T18:27:51.685+00:00","eventName":"n8n.node.started","message":"n8n.node.started","payload":{"workflowId":"AA1JULOQyw6wmZHH","workflowName":"My workflow","executionId":"121","nodeType":"n8n-nodes-base.extractFromFile","nodeName":"Extract Shifts CSV"}}
{"__type":"$$EventMessageConfirm","confirm":"d3b889e1-7250-41c2-93d3-7bc1957de3ce","ts":"2025-05-02T18:27:51.685+00:00","source":{"id":"0","name":"eventBus"}}
{"__type":"$$EventMessageNode","id":"2e741dfa-5018-48c1-add5-0fd9163d991e","ts":"2025-05-02T18:27:51.689+00:00","eventName":"n8n.node.finished","message":"n8n.node.finished","payload":{"workflowId":"AA1JULOQyw6wmZHH","workflowName":"My workflow","executionId":"121","nodeType":"n8n-nodes-base.extractFromFile","nodeName":"Extract Shifts CSV"}}
{"__type":"$$EventMessageConfirm","confirm":"2e741dfa-5018-48c1-add5-0fd9163d991e","ts":"2025-05-02T18:27:51.689+00:00","source":{"id":"0","name":"eventBus"}}
{"__type":"$$EventMessageNode","id":"aeacd303-0c0a-4600-bcc2-0c0db0a7c7b3","ts":"2025-05-02T18:27:51.690+00:00","eventName":"n8n.node.started","message":"n8n.node.started","payload":{"workflowId":"AA1JULOQyw6wmZHH","workflowName":"My workflow","executionId":"121","nodeType":"n8n-nodes-base.readWriteFile","nodeName":"Avaibility"}}
{"__type":"$$EventMessageConfirm","confirm":"aeacd303-0c0a-4600-bcc2-0c0db0a7c7b3","ts":"2025-05-02T18:27:51.690+00:00","source":{"id":"0","name":"eventBus"}}
{"__type":"$$EventMessageNode","id":"b4fd1d7c-cac3-4168-b136-104e39a98f59","ts":"2025-05-02T18:27:51.713+00:00","eventName":"n8n.node.finished","message":"n8n.node.finished","payload":{"workflowId":"AA1JULOQyw6wmZHH","workflowName":"My workflow","executionId":"121","nodeType":"n8n-nodes-base.readWriteFile","nodeName":"Avaibility"}}
{"__type":"$$EventMessageConfirm","confirm":"b4fd1d7c-cac3-4168-b136-104e39a98f59","ts":"2025-05-02T18:27:51.713+00:00","source":{"id":"0","name":"eventBus"}}
{"__type":"$$EventMessageNode","id":"d90c955b-5630-4f46-8094-e0287824b8a1","ts":"2025-05-02T18:27:51.714+00:00","eventName":"n8n.node.started","message":"n8n.node.started","payload":{"workflowId":"AA1JULOQyw6wmZHH","workflowName":"My workflow","executionId":"121","nodeType":"n8n-nodes-base.extractFromFile","nodeName":"Extract Availability CSV"}}
{"__type":"$$EventMessageConfirm","confirm":"d90c955b-5630-4f46-8094-e0287824b8a1","ts":"2025-05-02T18:27:51.714+00:00","source":{"id":"0","name":"eventBus"}}
{"__type":"$$EventMessageNode","id":"b80d5b11-74bc-4fc0-8290-2390c3bc5e04","ts":"2025-05-02T18:27:51.728+00:00","eventName":"n8n.node.finished","message":"n8n.node.finished","payload":{"workflowId":"AA1JULOQyw6wmZHH","workflowName":"My workflow","executionId":"121","nodeType":"n8n-nodes-base.extractFromFile","nodeName":"Extract Availability CSV"}}
{"__type":"$$EventMessageConfirm","confirm":"b80d5b11-74bc-4fc0-8290-2390c3bc5e04","ts":"2025-05-02T18:27:51.728+00:00","source":{"id":"0","name":"eventBus"}}
{"__type":"$$EventMessageNode","id":"b2ca952e-ee9e-4e95-b803-efdeceb04dba","ts":"2025-05-02T18:27:51.731+00:00","eventName":"n8n.node.started","message":"n8n.node.started","payload":{"workflowId":"AA1JULOQyw6wmZHH","workflowName":"My workflow","executionId":"121","nodeType":"n8n-nodes-base.readWriteFile","nodeName":"Preferences"}}
{"__type":"$$EventMessageConfirm","confirm":"b2ca952e-ee9e-4e95-b803-efdeceb04dba","ts":"2025-05-02T18:27:51.731+00:00","source":{"id":"0","name":"eventBus"}}
{"__type":"$$EventMessageNode","id":"0d53dbef-7c41-4514-b842-faec41d177ec","ts":"2025-05-02T18:27:51.754+00:00","eventName":"n8n.node.finished","message":"n8n.node.finished","payload":{"workflowId":"AA1JULOQyw6wmZHH","workflowName":"My workflow","executionId":"121","nodeType":"n8n-nodes-base.readWriteFile","nodeName":"Preferences"}}
{"__type":"$$EventMessageConfirm","confirm":"0d53dbef-7c41-4514-b842-faec41d177ec","ts":"2025-05-02T18:27:51.754+00:00","source":{"id":"0","name":"eventBus"}}
{"__type":"$$EventMessageNode","id":"efaf2acd-1360-49ad-97b4-63a47231f043","ts":"2025-05-02T18:27:51.755+00:00","eventName":"n8n.node.started","message":"n8n.node.started","payload":{"workflowId":"AA1JULOQyw6wmZHH","workflowName":"My workflow","executionId":"121","nodeType":"n8n-nodes-base.extractFromFile","nodeName":"Extract Preferences CSV"}}
{"__type":"$$EventMessageConfirm","confirm":"efaf2acd-1360-49ad-97b4-63a47231f043","ts":"2025-05-02T18:27:51.755+00:00","source":{"id":"0","name":"eventBus"}}
{"__type":"$$EventMessageNode","id":"df926986-fb97-45f0-b55a-1b5d533d7e57","ts":"2025-05-02T18:27:51.758+00:00","eventName":"n8n.node.finished","message":"n8n.node.finished","payload":{"workflowId":"AA1JULOQyw6wmZHH","workflowName":"My workflow","executionId":"121","nodeType":"n8n-nodes-base.extractFromFile","nodeName":"Extract Preferences CSV"}}
{"__type":"$$EventMessageConfirm","confirm":"df926986-fb97-45f0-b55a-1b5d533d7e57","ts":"2025-05-02T18:27:51.758+00:00","source":{"id":"0","name":"eventBus"}}
{"__type":"$$EventMessageNode","id":"0c7fa45e-a85c-431a-8b46-1c27e8242d09","ts":"2025-05-02T18:27:51.759+00:00","eventName":"n8n.node.started","message":"n8n.node.started","payload":{"workflowId":"AA1JULOQyw6wmZHH","workflowName":"My workflow","executionId":"121","nodeType":"n8n-nodes-base.readWriteFile","nodeName":"Skills"}}
{"__type":"$$EventMessageConfirm","confirm":"0c7fa45e-a85c-431a-8b46-1c27e8242d09","ts":"2025-05-02T18:27:51.759+00:00","source":{"id":"0","name":"eventBus"}}
{"__type":"$$EventMessageNode","id":"9e739344-f755-496d-b3de-62780c67a901","ts":"2025-05-02T18:27:51.782+00:00","eventName":"n8n.node.finished","message":"n8n.node.finished","payload":{"workflowId":"AA1JULOQyw6wmZHH","workflowName":"My workflow","executionId":"121","nodeType":"n8n-nodes-base.readWriteFile","nodeName":"Skills"}}
{"__type":"$$EventMessageConfirm","confirm":"9e739344-f755-496d-b3de-62780c67a901","ts":"2025-05-02T18:27:51.782+00:00","source":{"id":"0","name":"eventBus"}}
{"__type":"$$EventMessageNode","id":"5d978a47-a1b4-4ae0-a9b3-dfd5e3e63ccb","ts":"2025-05-02T18:27:51.783+00:00","eventName":"n8n.node.started","message":"n8n.node.started","payload":{"workflowId":"AA1JULOQyw6wmZHH","workflowName":"My workflow","executionId":"121","nodeType":"n8n-nodes-base.extractFromFile","nodeName":"Extract Skills CSV"}}
{"__type":"$$EventMessageConfirm","confirm":"5d978a47-a1b4-4ae0-a9b3-dfd5e3e63ccb","ts":"2025-05-02T18:27:51.783+00:00","source":{"id":"0","name":"eventBus"}}
{"__type":"$$EventMessageNode","id":"44f9f61e-665f-46b3-af8d-578bfd9e5abf","ts":"2025-05-02T18:27:51.793+00:00","eventName":"n8n.node.finished","message":"n8n.node.finished","payload":{"workflowId":"AA1JULOQyw6wmZHH","workflowName":"My workflow","executionId":"121","nodeType":"n8n-nodes-base.extractFromFile","nodeName":"Extract Skills CSV"}}
{"__type":"$$EventMessageConfirm","confirm":"44f9f61e-665f-46b3-af8d-578bfd9e5abf","ts":"2025-05-02T18:27:51.793+00:00","source":{"id":"0","name":"eventBus"}}
{"__type":"$$EventMessageNode","id":"c8855514-6ffe-4374-b80f-748a7b9f8977","ts":"2025-05-02T18:27:51.794+00:00","eventName":"n8n.node.started","message":"n8n.node.started","payload":{"workflowId":"AA1JULOQyw6wmZHH","workflowName":"My workflow","executionId":"121","nodeType":"n8n-nodes-base.merge","nodeName":"Merge"}}
{"__type":"$$EventMessageConfirm","confirm":"c8855514-6ffe-4374-b80f-748a7b9f8977","ts":"2025-05-02T18:27:51.794+00:00","source":{"id":"0","name":"eventBus"}}
{"__type":"$$EventMessageNode","id":"dc11a15f-2911-486a-a771-00294553b1e2","ts":"2025-05-02T21:27:51.872+03:00","eventName":"n8n.node.finished","message":"n8n.node.finished","payload":{"workflowId":"AA1JULOQyw6wmZHH","workflowName":"My workflow","executionId":"121","nodeType":"n8n-nodes-base.merge","nodeName":"Merge"}}
{"__type":"$$EventMessageConfirm","confirm":"dc11a15f-2911-486a-a771-00294553b1e2","ts":"2025-05-02T21:27:51.872+03:00","source":{"id":"0","name":"eventBus"}}
{"__type":"$$EventMessageNode","id":"5a087f24-5c8f-4cbf-b787-d9d9a492e63a","ts":"2025-05-02T21:27:51.877+03:00","eventName":"n8n.node.started","message":"n8n.node.started","payload":{"workflowId":"AA1JULOQyw6wmZHH","workflowName":"My workflow","executionId":"121","nodeType":"n8n-nodes-base.code","nodeName":"Code"}}
{"__type":"$$EventMessageConfirm","confirm":"5a087f24-5c8f-4cbf-b787-d9d9a492e63a","ts":"2025-05-02T21:27:51.877+03:00","source":{"id":"0","name":"eventBus"}}
{"__type":"$$EventMessageNode","id":"3ce86d25-3542-4b76-a646-e63664bd4539","ts":"2025-05-02T21:27:52.011+03:00","eventName":"n8n.node.finished","message":"n8n.node.finished","payload":{"workflowId":"AA1JULOQyw6wmZHH","workflowName":"My workflow","executionId":"121","nodeType":"n8n-nodes-base.code","nodeName":"Code"}}
{"__type":"$$EventMessageConfirm","confirm":"3ce86d25-3542-4b76-a646-e63664bd4539","ts":"2025-05-02T21:27:52.011+03:00","source":{"id":"0","name":"eventBus"}}
{"__type":"$$EventMessageNode","id":"adfaf832-8158-4a39-b27c-766b4f18f52c","ts":"2025-05-02T21:27:52.023+03:00","eventName":"n8n.node.started","message":"n8n.node.started","payload":{"workflowId":"AA1JULOQyw6wmZHH","workflowName":"My workflow","executionId":"121","nodeType":"n8n-nodes-base.httpRequest","nodeName":"HTTP Request"}}
{"__type":"$$EventMessageConfirm","confirm":"adfaf832-8158-4a39-b27c-766b4f18f52c","ts":"2025-05-02T21:27:52.023+03:00","source":{"id":"0","name":"eventBus"}}
{"__type":"$$EventMessageNode","id":"7e7ed3e2-8817-4a5c-8a5c-c850092bf78c","ts":"2025-05-02T21:27:52.192+03:00","eventName":"n8n.node.finished","message":"n8n.node.finished","payload":{"workflowId":"AA1JULOQyw6wmZHH","workflowName":"My workflow","executionId":"121","nodeType":"n8n-nodes-base.httpRequest","nodeName":"HTTP Request"}}
{"__type":"$$EventMessageConfirm","confirm":"7e7ed3e2-8817-4a5c-8a5c-c850092bf78c","ts":"2025-05-02T21:27:52.192+03:00","source":{"id":"0","name":"eventBus"}}
{"__type":"$$EventMessageWorkflow","id":"d911fd04-9df6-493d-8629-0357c3ca3938","ts":"2025-05-02T21:27:52.209+03:00","eventName":"n8n.workflow.failed","message":"n8n.workflow.failed","payload":{"executionId":"121","userId":"47b17605-6eae-49e2-8652-4965cffa9ed5","success":false,"isManual":true,"workflowId":"AA1JULOQyw6wmZHH","workflowName":"My workflow","lastNodeExecuted":"HTTP Request","errorNodeType":"n8n-nodes-base.httpRequest","errorMessage":"The service refused the connection - perhaps it is offline"}}
{"__type":"$$EventMessageConfirm","confirm":"d911fd04-9df6-493d-8629-0357c3ca3938","ts":"2025-05-02T21:27:52.209+03:00","source":{"id":"0","name":"eventBus"}}
{"__type":"$$EventMessageWorkflow","id":"4a5e4bdd-08ba-430e-b9f7-04a60195033b","ts":"2025-05-02T21:28:16.822+03:00","eventName":"n8n.workflow.started","message":"n8n.workflow.started","payload":{"executionId":"122","workflowId":"AA1JULOQyw6wmZHH","isManual":false,"workflowName":"My workflow"}}
{"__type":"$$EventMessageConfirm","confirm":"4a5e4bdd-08ba-430e-b9f7-04a60195033b","ts":"2025-05-02T21:28:16.823+03:00","source":{"id":"0","name":"eventBus"}}
{"__type":"$$EventMessageNode","id":"8f6f3174-3036-42ee-9bdd-f669972b1a6a","ts":"2025-05-02T21:28:16.857+03:00","eventName":"n8n.node.started","message":"n8n.node.started","payload":{"workflowId":"AA1JULOQyw6wmZHH","workflowName":"My workflow","executionId":"122","nodeType":"n8n-nodes-base.httpRequest","nodeName":"HTTP Request"}}
{"__type":"$$EventMessageConfirm","confirm":"8f6f3174-3036-42ee-9bdd-f669972b1a6a","ts":"2025-05-02T21:28:16.858+03:00","source":{"id":"0","name":"eventBus"}}
{"__type":"$$EventMessageNode","id":"d568dc2b-a410-47c0-b818-d59246060f3d","ts":"2025-05-02T21:28:17.163+03:00","eventName":"n8n.node.finished","message":"n8n.node.finished","payload":{"workflowId":"AA1JULOQyw6wmZHH","workflowName":"My workflow","executionId":"122","nodeType":"n8n-nodes-base.httpRequest","nodeName":"HTTP Request"}}
{"__type":"$$EventMessageConfirm","confirm":"d568dc2b-a410-47c0-b818-d59246060f3d","ts":"2025-05-02T21:28:17.163+03:00","source":{"id":"0","name":"eventBus"}}
{"__type":"$$EventMessageWorkflow","id":"54798f83-da2a-4105-8aed-bc34e12426b4","ts":"2025-05-02T21:28:17.171+03:00","eventName":"n8n.workflow.failed","message":"n8n.workflow.failed","payload":{"executionId":"122","userId":"47b17605-6eae-49e2-8652-4965cffa9ed5","success":false,"isManual":true,"workflowId":"AA1JULOQyw6wmZHH","workflowName":"My workflow","lastNodeExecuted":"HTTP Request","errorNodeType":"n8n-nodes-base.httpRequest","errorMessage":"Your request is invalid or could not be processed by the service"}}
{"__type":"$$EventMessageConfirm","confirm":"54798f83-da2a-4105-8aed-bc34e12426b4","ts":"2025-05-02T21:28:17.171+03:00","source":{"id":"0","name":"eventBus"}}
{"__type":"$$EventMessageWorkflow","id":"ebaf8306-74b4-4782-891d-462a31a05898","ts":"2025-05-02T21:28:22.673+03:00","eventName":"n8n.workflow.started","message":"n8n.workflow.started","payload":{"executionId":"123","workflowId":"AA1JULOQyw6wmZHH","isManual":false,"workflowName":"My workflow"}}
{"__type":"$$EventMessageConfirm","confirm":"ebaf8306-74b4-4782-891d-462a31a05898","ts":"2025-05-02T21:28:22.674+03:00","source":{"id":"0","name":"eventBus"}}
{"__type":"$$EventMessageNode","id":"203c9a7b-1c1f-4587-aae8-f009f80ff548","ts":"2025-05-02T21:28:22.689+03:00","eventName":"n8n.node.started","message":"n8n.node.started","payload":{"workflowId":"AA1JULOQyw6wmZHH","workflowName":"My workflow","executionId":"123","nodeType":"n8n-nodes-base.httpRequest","nodeName":"HTTP Request"}}
{"__type":"$$EventMessageConfirm","confirm":"203c9a7b-1c1f-4587-aae8-f009f80ff548","ts":"2025-05-02T21:28:22.690+03:00","source":{"id":"0","name":"eventBus"}}
{"__type":"$$EventMessageNode","id":"e898e988-c178-4fea-8874-ed446b15e1e5","ts":"2025-05-02T21:28:22.873+03:00","eventName":"n8n.node.finished","message":"n8n.node.finished","payload":{"workflowId":"AA1JULOQyw6wmZHH","workflowName":"My workflow","executionId":"123","nodeType":"n8n-nodes-base.httpRequest","nodeName":"HTTP Request"}}
{"__type":"$$EventMessageConfirm","confirm":"e898e988-c178-4fea-8874-ed446b15e1e5","ts":"2025-05-02T21:28:22.873+03:00","source":{"id":"0","name":"eventBus"}}
{"__type":"$$EventMessageWorkflow","id":"4baabdfd-371d-4f19-9bfc-5ed2028902f3","ts":"2025-05-02T21:28:22.881+03:00","eventName":"n8n.workflow.failed","message":"n8n.workflow.failed","payload":{"executionId":"123","userId":"47b17605-6eae-49e2-8652-4965cffa9ed5","success":false,"isManual":true,"workflowId":"AA1JULOQyw6wmZHH","workflowName":"My workflow","lastNodeExecuted":"HTTP Request","errorNodeType":"n8n-nodes-base.httpRequest","errorMessage":"Your request is invalid or could not be processed by the service"}}
{"__type":"$$EventMessageConfirm","confirm":"4baabdfd-371d-4f19-9bfc-5ed2028902f3","ts":"2025-05-02T21:28:22.881+03:00","source":{"id":"0","name":"eventBus"}}
{"__type":"$$EventMessageWorkflow","id":"4bee04e0-b3d5-49eb-9733-27cb8f09227c","ts":"2025-05-02T21:28:42.956+03:00","eventName":"n8n.workflow.started","message":"n8n.workflow.started","payload":{"executionId":"124","workflowId":"AA1JULOQyw6wmZHH","isManual":false,"workflowName":"My workflow"}}
{"__type":"$$EventMessageConfirm","confirm":"4bee04e0-b3d5-49eb-9733-27cb8f09227c","ts":"2025-05-02T21:28:42.956+03:00","source":{"id":"0","name":"eventBus"}}
{"__type":"$$EventMessageNode","id":"31f2d717-3f58-4518-98fa-bda204919305","ts":"2025-05-02T21:28:42.968+03:00","eventName":"n8n.node.started","message":"n8n.node.started","payload":{"workflowId":"AA1JULOQyw6wmZHH","workflowName":"My workflow","executionId":"124","nodeType":"n8n-nodes-base.httpRequest","nodeName":"HTTP Request"}}
{"__type":"$$EventMessageConfirm","confirm":"31f2d717-3f58-4518-98fa-bda204919305","ts":"2025-05-02T21:28:42.969+03:00","source":{"id":"0","name":"eventBus"}}
{"__type":"$$EventMessageNode","id":"5f094cbb-e3f3-49d6-a214-cc8a27ab004e","ts":"2025-05-02T21:28:43.133+03:00","eventName":"n8n.node.finished","message":"n8n.node.finished","payload":{"workflowId":"AA1JULOQyw6wmZHH","workflowName":"My workflow","executionId":"124","nodeType":"n8n-nodes-base.httpRequest","nodeName":"HTTP Request"}}
{"__type":"$$EventMessageConfirm","confirm":"5f094cbb-e3f3-49d6-a214-cc8a27ab004e","ts":"2025-05-02T21:28:43.134+03:00","source":{"id":"0","name":"eventBus"}}
{"__type":"$$EventMessageWorkflow","id":"9c3ce5d7-c526-49d1-953f-17feff02cef7","ts":"2025-05-02T21:28:43.143+03:00","eventName":"n8n.workflow.failed","message":"n8n.workflow.failed","payload":{"executionId":"124","userId":"47b17605-6eae-49e2-8652-4965cffa9ed5","success":false,"isManual":true,"workflowId":"AA1JULOQyw6wmZHH","workflowName":"My workflow","lastNodeExecuted":"HTTP Request","errorNodeType":"n8n-nodes-base.httpRequest","errorMessage":"Your request is invalid or could not be processed by the service"}}
{"__type":"$$EventMessageConfirm","confirm":"9c3ce5d7-c526-49d1-953f-17feff02cef7","ts":"2025-05-02T21:28:43.144+03:00","source":{"id":"0","name":"eventBus"}}
{"__type":"$$EventMessageWorkflow","id":"432864d0-1885-477c-951e-008ef548adbd","ts":"2025-05-02T21:42:00.377+03:00","eventName":"n8n.workflow.started","message":"n8n.workflow.started","payload":{"executionId":"125","workflowId":"AA1JULOQyw6wmZHH","isManual":false,"workflowName":"My workflow"}}
{"__type":"$$EventMessageConfirm","confirm":"432864d0-1885-477c-951e-008ef548adbd","ts":"2025-05-02T21:42:00.378+03:00","source":{"id":"0","name":"eventBus"}}
{"__type":"$$EventMessageNode","id":"ed2760bb-530e-47f7-b770-0237c24b8f7d","ts":"2025-05-02T21:42:00.419+03:00","eventName":"n8n.node.started","message":"n8n.node.started","payload":{"workflowId":"AA1JULOQyw6wmZHH","workflowName":"My workflow","executionId":"125","nodeType":"n8n-nodes-base.code","nodeName":"Code"}}
{"__type":"$$EventMessageConfirm","confirm":"ed2760bb-530e-47f7-b770-0237c24b8f7d","ts":"2025-05-02T21:42:00.420+03:00","source":{"id":"0","name":"eventBus"}}
{"__type":"$$EventMessageNode","id":"98455898-26f1-4355-90e7-303894b57c39","ts":"2025-05-02T21:42:00.574+03:00","eventName":"n8n.node.finished","message":"n8n.node.finished","payload":{"workflowId":"AA1JULOQyw6wmZHH","workflowName":"My workflow","executionId":"125","nodeType":"n8n-nodes-base.code","nodeName":"Code"}}
{"__type":"$$EventMessageConfirm","confirm":"98455898-26f1-4355-90e7-303894b57c39","ts":"2025-05-02T21:42:00.574+03:00","source":{"id":"0","name":"eventBus"}}
{"__type":"$$EventMessageWorkflow","id":"eef1f5e4-2713-4b33-9ee9-b5f9764e09b4","ts":"2025-05-02T21:42:00.595+03:00","eventName":"n8n.workflow.success","message":"n8n.workflow.success","payload":{"executionId":"125","userId":"47b17605-6eae-49e2-8652-4965cffa9ed5","success":true,"isManual":true,"workflowId":"AA1JULOQyw6wmZHH","workflowName":"My workflow"}}
{"__type":"$$EventMessageConfirm","confirm":"eef1f5e4-2713-4b33-9ee9-b5f9764e09b4","ts":"2025-05-02T21:42:00.595+03:00","source":{"id":"0","name":"eventBus"}}
{"__type":"$$EventMessageWorkflow","id":"baf2b63b-a917-43fa-baab-827fda1d2d4a","ts":"2025-05-02T21:42:09.262+03:00","eventName":"n8n.workflow.started","message":"n8n.workflow.started","payload":{"executionId":"126","workflowId":"AA1JULOQyw6wmZHH","isManual":false,"workflowName":"My workflow"}}
{"__type":"$$EventMessageConfirm","confirm":"baf2b63b-a917-43fa-baab-827fda1d2d4a","ts":"2025-05-02T21:42:09.262+03:00","source":{"id":"0","name":"eventBus"}}
{"__type":"$$EventMessageNode","id":"1bc858e5-fb10-404a-877c-428817449662","ts":"2025-05-02T21:42:09.288+03:00","eventName":"n8n.node.started","message":"n8n.node.started","payload":{"workflowId":"AA1JULOQyw6wmZHH","workflowName":"My workflow","executionId":"126","nodeType":"n8n-nodes-base.httpRequest","nodeName":"HTTP Request"}}
{"__type":"$$EventMessageConfirm","confirm":"1bc858e5-fb10-404a-877c-428817449662","ts":"2025-05-02T21:42:09.288+03:00","source":{"id":"0","name":"eventBus"}}
{"__type":"$$EventMessageNode","id":"e9efea25-b457-4061-ae32-c4eeec706f68","ts":"2025-05-02T21:42:09.369+03:00","eventName":"n8n.node.finished","message":"n8n.node.finished","payload":{"workflowId":"AA1JULOQyw6wmZHH","workflowName":"My workflow","executionId":"126","nodeType":"n8n-nodes-base.httpRequest","nodeName":"HTTP Request"}}
{"__type":"$$EventMessageConfirm","confirm":"e9efea25-b457-4061-ae32-c4eeec706f68","ts":"2025-05-02T21:42:09.369+03:00","source":{"id":"0","name":"eventBus"}}
{"__type":"$$EventMessageWorkflow","id":"9466a8d1-6539-4d77-a051-a2facba38a6d","ts":"2025-05-02T21:42:09.376+03:00","eventName":"n8n.workflow.failed","message":"n8n.workflow.failed","payload":{"executionId":"126","userId":"47b17605-6eae-49e2-8652-4965cffa9ed5","success":false,"isManual":true,"workflowId":"AA1JULOQyw6wmZHH","workflowName":"My workflow","lastNodeExecuted":"HTTP Request","errorNodeType":"n8n-nodes-base.httpRequest","errorMessage":"The service was not able to process your request"}}
{"__type":"$$EventMessageConfirm","confirm":"9466a8d1-6539-4d77-a051-a2facba38a6d","ts":"2025-05-02T21:42:09.376+03:00","source":{"id":"0","name":"eventBus"}}
{"__type":"$$EventMessageWorkflow","id":"6f08dc6e-5ee1-49e7-b487-43547950d483","ts":"2025-05-02T21:42:31.751+03:00","eventName":"n8n.workflow.started","message":"n8n.workflow.started","payload":{"executionId":"127","workflowId":"AA1JULOQyw6wmZHH","isManual":false,"workflowName":"My workflow"}}
{"__type":"$$EventMessageConfirm","confirm":"6f08dc6e-5ee1-49e7-b487-43547950d483","ts":"2025-05-02T21:42:31.751+03:00","source":{"id":"0","name":"eventBus"}}
{"__type":"$$EventMessageNode","id":"a2e4db04-b053-4f34-ba70-1aa431268e1d","ts":"2025-05-02T21:42:31.770+03:00","eventName":"n8n.node.started","message":"n8n.node.started","payload":{"workflowId":"AA1JULOQyw6wmZHH","workflowName":"My workflow","executionId":"127","nodeType":"n8n-nodes-base.httpRequest","nodeName":"HTTP Request"}}
{"__type":"$$EventMessageConfirm","confirm":"a2e4db04-b053-4f34-ba70-1aa431268e1d","ts":"2025-05-02T21:42:31.770+03:00","source":{"id":"0","name":"eventBus"}}
{"__type":"$$EventMessageNode","id":"226f4ae7-0301-4875-96f2-33747fc0b57f","ts":"2025-05-02T21:42:31.826+03:00","eventName":"n8n.node.finished","message":"n8n.node.finished","payload":{"workflowId":"AA1JULOQyw6wmZHH","workflowName":"My workflow","executionId":"127","nodeType":"n8n-nodes-base.httpRequest","nodeName":"HTTP Request"}}
{"__type":"$$EventMessageConfirm","confirm":"226f4ae7-0301-4875-96f2-33747fc0b57f","ts":"2025-05-02T21:42:31.826+03:00","source":{"id":"0","name":"eventBus"}}
{"__type":"$$EventMessageWorkflow","id":"c3d204bf-45ed-4f43-8604-a7202dd8cfca","ts":"2025-05-02T21:42:31.833+03:00","eventName":"n8n.workflow.failed","message":"n8n.workflow.failed","payload":{"executionId":"127","userId":"47b17605-6eae-49e2-8652-4965cffa9ed5","success":false,"isManual":true,"workflowId":"AA1JULOQyw6wmZHH","workflowName":"My workflow","lastNodeExecuted":"HTTP Request","errorNodeType":"n8n-nodes-base.httpRequest","errorMessage":"The service was not able to process your request"}}
{"__type":"$$EventMessageConfirm","confirm":"c3d204bf-45ed-4f43-8604-a7202dd8cfca","ts":"2025-05-02T21:42:31.833+03:00","source":{"id":"0","name":"eventBus"}}
{"__type":"$$EventMessageWorkflow","id":"49bbe1d0-0195-4b80-8bd6-3e2f85ee5898","ts":"2025-05-02T21:43:33.157+03:00","eventName":"n8n.workflow.started","message":"n8n.workflow.started","payload":{"executionId":"128","workflowId":"AA1JULOQyw6wmZHH","isManual":false,"workflowName":"My workflow"}}
{"__type":"$$EventMessageConfirm","confirm":"49bbe1d0-0195-4b80-8bd6-3e2f85ee5898","ts":"2025-05-02T21:43:33.157+03:00","source":{"id":"0","name":"eventBus"}}
{"__type":"$$EventMessageNode","id":"e25b3bc7-56a3-4114-8bb2-b142b30290d6","ts":"2025-05-02T21:43:33.175+03:00","eventName":"n8n.node.started","message":"n8n.node.started","payload":{"workflowId":"AA1JULOQyw6wmZHH","workflowName":"My workflow","executionId":"128","nodeType":"n8n-nodes-base.code","nodeName":"Code"}}
{"__type":"$$EventMessageConfirm","confirm":"e25b3bc7-56a3-4114-8bb2-b142b30290d6","ts":"2025-05-02T21:43:33.175+03:00","source":{"id":"0","name":"eventBus"}}
{"__type":"$$EventMessageNode","id":"bb8af844-a7d1-4bcf-ae83-b6d83581e1e6","ts":"2025-05-02T21:43:33.319+03:00","eventName":"n8n.node.finished","message":"n8n.node.finished","payload":{"workflowId":"AA1JULOQyw6wmZHH","workflowName":"My workflow","executionId":"128","nodeType":"n8n-nodes-base.code","nodeName":"Code"}}
{"__type":"$$EventMessageConfirm","confirm":"bb8af844-a7d1-4bcf-ae83-b6d83581e1e6","ts":"2025-05-02T21:43:33.319+03:00","source":{"id":"0","name":"eventBus"}}
{"__type":"$$EventMessageWorkflow","id":"dd79e593-4249-4d37-9a0a-39d439e65d21","ts":"2025-05-02T21:43:33.334+03:00","eventName":"n8n.workflow.success","message":"n8n.workflow.success","payload":{"executionId":"128","userId":"47b17605-6eae-49e2-8652-4965cffa9ed5","success":true,"isManual":true,"workflowId":"AA1JULOQyw6wmZHH","workflowName":"My workflow"}}
{"__type":"$$EventMessageConfirm","confirm":"dd79e593-4249-4d37-9a0a-39d439e65d21","ts":"2025-05-02T21:43:33.335+03:00","source":{"id":"0","name":"eventBus"}}
{"__type":"$$EventMessageWorkflow","id":"2ca7b5a3-be42-43c6-a0f6-29a96bacc397","ts":"2025-05-02T21:43:36.842+03:00","eventName":"n8n.workflow.started","message":"n8n.workflow.started","payload":{"executionId":"129","workflowId":"AA1JULOQyw6wmZHH","isManual":false,"workflowName":"My workflow"}}
{"__type":"$$EventMessageConfirm","confirm":"2ca7b5a3-be42-43c6-a0f6-29a96bacc397","ts":"2025-05-02T21:43:36.842+03:00","source":{"id":"0","name":"eventBus"}}
{"__type":"$$EventMessageNode","id":"3f535b31-b2a7-4a42-8f09-b83a50a9eaeb","ts":"2025-05-02T21:43:36.857+03:00","eventName":"n8n.node.started","message":"n8n.node.started","payload":{"workflowId":"AA1JULOQyw6wmZHH","workflowName":"My workflow","executionId":"129","nodeType":"n8n-nodes-base.httpRequest","nodeName":"HTTP Request"}}
{"__type":"$$EventMessageConfirm","confirm":"3f535b31-b2a7-4a42-8f09-b83a50a9eaeb","ts":"2025-05-02T21:43:36.858+03:00","source":{"id":"0","name":"eventBus"}}
{"__type":"$$EventMessageNode","id":"21297879-5bdb-4985-8b75-6f1f90d8531a","ts":"2025-05-02T21:43:36.929+03:00","eventName":"n8n.node.finished","message":"n8n.node.finished","payload":{"workflowId":"AA1JULOQyw6wmZHH","workflowName":"My workflow","executionId":"129","nodeType":"n8n-nodes-base.httpRequest","nodeName":"HTTP Request"}}
{"__type":"$$EventMessageConfirm","confirm":"21297879-5bdb-4985-8b75-6f1f90d8531a","ts":"2025-05-02T21:43:36.929+03:00","source":{"id":"0","name":"eventBus"}}
{"__type":"$$EventMessageWorkflow","id":"bec21da1-3b93-48eb-9a6b-4c06e4cb7385","ts":"2025-05-02T21:43:36.934+03:00","eventName":"n8n.workflow.failed","message":"n8n.workflow.failed","payload":{"executionId":"129","userId":"47b17605-6eae-49e2-8652-4965cffa9ed5","success":false,"isManual":true,"workflowId":"AA1JULOQyw6wmZHH","workflowName":"My workflow","lastNodeExecuted":"HTTP Request","errorNodeType":"n8n-nodes-base.httpRequest","errorMessage":"The service was not able to process your request"}}
{"__type":"$$EventMessageConfirm","confirm":"bec21da1-3b93-48eb-9a6b-4c06e4cb7385","ts":"2025-05-02T21:43:36.934+03:00","source":{"id":"0","name":"eventBus"}}
{"__type":"$$EventMessageWorkflow","id":"cc261009-4b15-4378-a923-704f2dc111c8","ts":"2025-05-02T21:44:54.572+03:00","eventName":"n8n.workflow.started","message":"n8n.workflow.started","payload":{"executionId":"130","workflowId":"AA1JULOQyw6wmZHH","isManual":false,"workflowName":"My workflow"}}
{"__type":"$$EventMessageConfirm","confirm":"cc261009-4b15-4378-a923-704f2dc111c8","ts":"2025-05-02T21:44:54.572+03:00","source":{"id":"0","name":"eventBus"}}
{"__type":"$$EventMessageNode","id":"33d5d495-8efe-422c-a9a8-428bdc5df630","ts":"2025-05-02T21:44:54.586+03:00","eventName":"n8n.node.started","message":"n8n.node.started","payload":{"workflowId":"AA1JULOQyw6wmZHH","workflowName":"My workflow","executionId":"130","nodeType":"n8n-nodes-base.code","nodeName":"Code"}}
{"__type":"$$EventMessageConfirm","confirm":"33d5d495-8efe-422c-a9a8-428bdc5df630","ts":"2025-05-02T21:44:54.586+03:00","source":{"id":"0","name":"eventBus"}}
{"__type":"$$EventMessageNode","id":"819211a7-967e-4a40-8f82-180e28a55a79","ts":"2025-05-02T21:44:54.719+03:00","eventName":"n8n.node.finished","message":"n8n.node.finished","payload":{"workflowId":"AA1JULOQyw6wmZHH","workflowName":"My workflow","executionId":"130","nodeType":"n8n-nodes-base.code","nodeName":"Code"}}
{"__type":"$$EventMessageConfirm","confirm":"819211a7-967e-4a40-8f82-180e28a55a79","ts":"2025-05-02T21:44:54.720+03:00","source":{"id":"0","name":"eventBus"}}
{"__type":"$$EventMessageWorkflow","id":"e763a1c8-df0c-4d05-90ed-a111952ab424","ts":"2025-05-02T21:44:54.749+03:00","eventName":"n8n.workflow.success","message":"n8n.workflow.success","payload":{"executionId":"130","userId":"47b17605-6eae-49e2-8652-4965cffa9ed5","success":true,"isManual":true,"workflowId":"AA1JULOQyw6wmZHH","workflowName":"My workflow"}}
{"__type":"$$EventMessageConfirm","confirm":"e763a1c8-df0c-4d05-90ed-a111952ab424","ts":"2025-05-02T21:44:54.749+03:00","source":{"id":"0","name":"eventBus"}}
{"__type":"$$EventMessageWorkflow","id":"3ad01134-5416-4dff-a0a0-ec61f2051ab5","ts":"2025-05-02T21:44:58.919+03:00","eventName":"n8n.workflow.started","message":"n8n.workflow.started","payload":{"executionId":"131","workflowId":"AA1JULOQyw6wmZHH","isManual":false,"workflowName":"My workflow"}}
{"__type":"$$EventMessageConfirm","confirm":"3ad01134-5416-4dff-a0a0-ec61f2051ab5","ts":"2025-05-02T21:44:58.919+03:00","source":{"id":"0","name":"eventBus"}}
{"__type":"$$EventMessageNode","id":"8a006bf0-c9b2-4437-856b-e5171456974d","ts":"2025-05-02T21:44:58.936+03:00","eventName":"n8n.node.started","message":"n8n.node.started","payload":{"workflowId":"AA1JULOQyw6wmZHH","workflowName":"My workflow","executionId":"131","nodeType":"n8n-nodes-base.httpRequest","nodeName":"HTTP Request"}}
{"__type":"$$EventMessageConfirm","confirm":"8a006bf0-c9b2-4437-856b-e5171456974d","ts":"2025-05-02T21:44:58.937+03:00","source":{"id":"0","name":"eventBus"}}
{"__type":"$$EventMessageNode","id":"a1d0eaa5-330f-4eca-b62b-8ed9f666ea39","ts":"2025-05-02T21:44:59.002+03:00","eventName":"n8n.node.finished","message":"n8n.node.finished","payload":{"workflowId":"AA1JULOQyw6wmZHH","workflowName":"My workflow","executionId":"131","nodeType":"n8n-nodes-base.httpRequest","nodeName":"HTTP Request"}}
{"__type":"$$EventMessageConfirm","confirm":"a1d0eaa5-330f-4eca-b62b-8ed9f666ea39","ts":"2025-05-02T21:44:59.003+03:00","source":{"id":"0","name":"eventBus"}}
{"__type":"$$EventMessageWorkflow","id":"18d6714c-4e77-4402-8506-1454514c832a","ts":"2025-05-02T21:44:59.007+03:00","eventName":"n8n.workflow.failed","message":"n8n.workflow.failed","payload":{"executionId":"131","userId":"47b17605-6eae-49e2-8652-4965cffa9ed5","success":false,"isManual":true,"workflowId":"AA1JULOQyw6wmZHH","workflowName":"My workflow","lastNodeExecuted":"HTTP Request","errorNodeType":"n8n-nodes-base.httpRequest","errorMessage":"The service was not able to process your request"}}
{"__type":"$$EventMessageConfirm","confirm":"18d6714c-4e77-4402-8506-1454514c832a","ts":"2025-05-02T21:44:59.007+03:00","source":{"id":"0","name":"eventBus"}}
{"__type":"$$EventMessageWorkflow","id":"5a341512-85c3-4dbc-ba52-b762d338c372","ts":"2025-05-02T21:59:28.644+03:00","eventName":"n8n.workflow.started","message":"n8n.workflow.started","payload":{"executionId":"132","workflowId":"AA1JULOQyw6wmZHH","isManual":false,"workflowName":"My workflow"}}
{"__type":"$$EventMessageConfirm","confirm":"5a341512-85c3-4dbc-ba52-b762d338c372","ts":"2025-05-02T21:59:28.644+03:00","source":{"id":"0","name":"eventBus"}}
{"__type":"$$EventMessageNode","id":"bf9ff0a8-0084-4132-b654-5d754e94d5aa","ts":"2025-05-02T21:59:28.666+03:00","eventName":"n8n.node.started","message":"n8n.node.started","payload":{"workflowId":"AA1JULOQyw6wmZHH","workflowName":"My workflow","executionId":"132","nodeType":"n8n-nodes-base.httpRequest","nodeName":"HTTP Request"}}
{"__type":"$$EventMessageConfirm","confirm":"bf9ff0a8-0084-4132-b654-5d754e94d5aa","ts":"2025-05-02T21:59:28.667+03:00","source":{"id":"0","name":"eventBus"}}
{"__type":"$$EventMessageNode","id":"2c225a15-e771-42be-bfd4-3b5d936a8800","ts":"2025-05-02T21:59:28.971+03:00","eventName":"n8n.node.finished","message":"n8n.node.finished","payload":{"workflowId":"AA1JULOQyw6wmZHH","workflowName":"My workflow","executionId":"132","nodeType":"n8n-nodes-base.httpRequest","nodeName":"HTTP Request"}}
{"__type":"$$EventMessageConfirm","confirm":"2c225a15-e771-42be-bfd4-3b5d936a8800","ts":"2025-05-02T21:59:28.972+03:00","source":{"id":"0","name":"eventBus"}}
{"__type":"$$EventMessageWorkflow","id":"0e8f4e9f-af75-40c4-ab0f-9ad0a815ce6a","ts":"2025-05-02T21:59:28.978+03:00","eventName":"n8n.workflow.success","message":"n8n.workflow.success","payload":{"executionId":"132","userId":"47b17605-6eae-49e2-8652-4965cffa9ed5","success":true,"isManual":true,"workflowId":"AA1JULOQyw6wmZHH","workflowName":"My workflow"}}
{"__type":"$$EventMessageConfirm","confirm":"0e8f4e9f-af75-40c4-ab0f-9ad0a815ce6a","ts":"2025-05-02T21:59:28.979+03:00","source":{"id":"0","name":"eventBus"}}
{"__type":"$$EventMessageWorkflow","id":"94ba489d-a286-405f-ba18-44c8521ae5ca","ts":"2025-05-02T22:01:16.428+03:00","eventName":"n8n.workflow.started","message":"n8n.workflow.started","payload":{"executionId":"133","workflowId":"AA1JULOQyw6wmZHH","isManual":false,"workflowName":"My workflow"}}
{"__type":"$$EventMessageConfirm","confirm":"94ba489d-a286-405f-ba18-44c8521ae5ca","ts":"2025-05-02T22:01:16.429+03:00","source":{"id":"0","name":"eventBus"}}
{"__type":"$$EventMessageNode","id":"23c86a10-e526-450f-819b-5e69e58ebcbb","ts":"2025-05-02T22:01:16.448+03:00","eventName":"n8n.node.started","message":"n8n.node.started","payload":{"workflowId":"AA1JULOQyw6wmZHH","workflowName":"My workflow","executionId":"133","nodeType":"n8n-nodes-base.code","nodeName":"Code"}}
{"__type":"$$EventMessageConfirm","confirm":"23c86a10-e526-450f-819b-5e69e58ebcbb","ts":"2025-05-02T22:01:16.448+03:00","source":{"id":"0","name":"eventBus"}}
{"__type":"$$EventMessageNode","id":"21d65db3-3ee3-405c-adbf-458780ab9b8e","ts":"2025-05-02T22:01:16.580+03:00","eventName":"n8n.node.finished","message":"n8n.node.finished","payload":{"workflowId":"AA1JULOQyw6wmZHH","workflowName":"My workflow","executionId":"133","nodeType":"n8n-nodes-base.code","nodeName":"Code"}}
{"__type":"$$EventMessageConfirm","confirm":"21d65db3-3ee3-405c-adbf-458780ab9b8e","ts":"2025-05-02T22:01:16.580+03:00","source":{"id":"0","name":"eventBus"}}
{"__type":"$$EventMessageWorkflow","id":"584a7741-c9c7-4cb9-8d88-6e755e7d1bde","ts":"2025-05-02T22:01:16.608+03:00","eventName":"n8n.workflow.success","message":"n8n.workflow.success","payload":{"executionId":"133","userId":"47b17605-6eae-49e2-8652-4965cffa9ed5","success":true,"isManual":true,"workflowId":"AA1JULOQyw6wmZHH","workflowName":"My workflow"}}
{"__type":"$$EventMessageConfirm","confirm":"584a7741-c9c7-4cb9-8d88-6e755e7d1bde","ts":"2025-05-02T22:01:16.608+03:00","source":{"id":"0","name":"eventBus"}}
{"__type":"$$EventMessageWorkflow","id":"7e30edaa-9b1d-4ae4-b877-3bc41769274a","ts":"2025-05-02T22:01:20.188+03:00","eventName":"n8n.workflow.started","message":"n8n.workflow.started","payload":{"executionId":"134","workflowId":"AA1JULOQyw6wmZHH","isManual":false,"workflowName":"My workflow"}}
{"__type":"$$EventMessageConfirm","confirm":"7e30edaa-9b1d-4ae4-b877-3bc41769274a","ts":"2025-05-02T22:01:20.188+03:00","source":{"id":"0","name":"eventBus"}}
{"__type":"$$EventMessageNode","id":"6df16848-2f04-43b5-b339-698f98084f2a","ts":"2025-05-02T22:01:20.205+03:00","eventName":"n8n.node.started","message":"n8n.node.started","payload":{"workflowId":"AA1JULOQyw6wmZHH","workflowName":"My workflow","executionId":"134","nodeType":"n8n-nodes-base.httpRequest","nodeName":"HTTP Request"}}
{"__type":"$$EventMessageConfirm","confirm":"6df16848-2f04-43b5-b339-698f98084f2a","ts":"2025-05-02T22:01:20.205+03:00","source":{"id":"0","name":"eventBus"}}
{"__type":"$$EventMessageNode","id":"d00cee79-3621-4554-bfac-61f03f3522c3","ts":"2025-05-02T22:01:20.299+03:00","eventName":"n8n.node.finished","message":"n8n.node.finished","payload":{"workflowId":"AA1JULOQyw6wmZHH","workflowName":"My workflow","executionId":"134","nodeType":"n8n-nodes-base.httpRequest","nodeName":"HTTP Request"}}
{"__type":"$$EventMessageConfirm","confirm":"d00cee79-3621-4554-bfac-61f03f3522c3","ts":"2025-05-02T22:01:20.299+03:00","source":{"id":"0","name":"eventBus"}}
{"__type":"$$EventMessageWorkflow","id":"707819ae-6e31-48d1-89da-2fa762823308","ts":"2025-05-02T22:01:20.305+03:00","eventName":"n8n.workflow.failed","message":"n8n.workflow.failed","payload":{"executionId":"134","userId":"47b17605-6eae-49e2-8652-4965cffa9ed5","success":false,"isManual":true,"workflowId":"AA1JULOQyw6wmZHH","workflowName":"My workflow","lastNodeExecuted":"HTTP Request","errorNodeType":"n8n-nodes-base.httpRequest","errorMessage":"The service was not able to process your request"}}
{"__type":"$$EventMessageConfirm","confirm":"707819ae-6e31-48d1-89da-2fa762823308","ts":"2025-05-02T22:01:20.305+03:00","source":{"id":"0","name":"eventBus"}}
{"__type":"$$EventMessageWorkflow","id":"526e4b56-5152-4770-bd81-08642e25855a","ts":"2025-05-02T22:01:34.524+03:00","eventName":"n8n.workflow.started","message":"n8n.workflow.started","payload":{"executionId":"135","workflowId":"AA1JULOQyw6wmZHH","isManual":false,"workflowName":"My workflow"}}
{"__type":"$$EventMessageConfirm","confirm":"526e4b56-5152-4770-bd81-08642e25855a","ts":"2025-05-02T22:01:34.524+03:00","source":{"id":"0","name":"eventBus"}}
{"__type":"$$EventMessageNode","id":"ca88e2ca-e19a-4985-a7a7-ca410f75d2c0","ts":"2025-05-02T22:01:34.536+03:00","eventName":"n8n.node.started","message":"n8n.node.started","payload":{"workflowId":"AA1JULOQyw6wmZHH","workflowName":"My workflow","executionId":"135","nodeType":"n8n-nodes-base.httpRequest","nodeName":"HTTP Request"}}
{"__type":"$$EventMessageConfirm","confirm":"ca88e2ca-e19a-4985-a7a7-ca410f75d2c0","ts":"2025-05-02T22:01:34.537+03:00","source":{"id":"0","name":"eventBus"}}
{"__type":"$$EventMessageNode","id":"2ddc22ea-696c-46a4-ac7b-83425611b582","ts":"2025-05-02T22:01:34.615+03:00","eventName":"n8n.node.finished","message":"n8n.node.finished","payload":{"workflowId":"AA1JULOQyw6wmZHH","workflowName":"My workflow","executionId":"135","nodeType":"n8n-nodes-base.httpRequest","nodeName":"HTTP Request"}}
{"__type":"$$EventMessageConfirm","confirm":"2ddc22ea-696c-46a4-ac7b-83425611b582","ts":"2025-05-02T22:01:34.615+03:00","source":{"id":"0","name":"eventBus"}}
{"__type":"$$EventMessageWorkflow","id":"d5ced196-9a3f-44f1-bb3d-04b255aeed9d","ts":"2025-05-02T22:01:34.619+03:00","eventName":"n8n.workflow.failed","message":"n8n.workflow.failed","payload":{"executionId":"135","userId":"47b17605-6eae-49e2-8652-4965cffa9ed5","success":false,"isManual":true,"workflowId":"AA1JULOQyw6wmZHH","workflowName":"My workflow","lastNodeExecuted":"HTTP Request","errorNodeType":"n8n-nodes-base.httpRequest","errorMessage":"The service was not able to process your request"}}
{"__type":"$$EventMessageConfirm","confirm":"d5ced196-9a3f-44f1-bb3d-04b255aeed9d","ts":"2025-05-02T22:01:34.619+03:00","source":{"id":"0","name":"eventBus"}}
{"__type":"$$EventMessageWorkflow","id":"6a7f55e6-4266-4530-9947-5933aa8bb630","ts":"2025-05-02T22:06:25.895+03:00","eventName":"n8n.workflow.started","message":"n8n.workflow.started","payload":{"executionId":"136","workflowId":"AA1JULOQyw6wmZHH","isManual":false,"workflowName":"My workflow"}}
{"__type":"$$EventMessageConfirm","confirm":"6a7f55e6-4266-4530-9947-5933aa8bb630","ts":"2025-05-02T22:06:25.895+03:00","source":{"id":"0","name":"eventBus"}}
{"__type":"$$EventMessageNode","id":"11dd626e-ef2f-4c1b-926b-e91c24da5b72","ts":"2025-05-02T22:06:25.911+03:00","eventName":"n8n.node.started","message":"n8n.node.started","payload":{"workflowId":"AA1JULOQyw6wmZHH","workflowName":"My workflow","executionId":"136","nodeType":"n8n-nodes-base.httpRequest","nodeName":"HTTP Request"}}
{"__type":"$$EventMessageConfirm","confirm":"11dd626e-ef2f-4c1b-926b-e91c24da5b72","ts":"2025-05-02T22:06:25.911+03:00","source":{"id":"0","name":"eventBus"}}
{"__type":"$$EventMessageNode","id":"cebfdb92-adda-4b96-b36d-15e2dab7d2be","ts":"2025-05-02T22:06:26.363+03:00","eventName":"n8n.node.finished","message":"n8n.node.finished","payload":{"workflowId":"AA1JULOQyw6wmZHH","workflowName":"My workflow","executionId":"136","nodeType":"n8n-nodes-base.httpRequest","nodeName":"HTTP Request"}}
{"__type":"$$EventMessageConfirm","confirm":"cebfdb92-adda-4b96-b36d-15e2dab7d2be","ts":"2025-05-02T22:06:26.363+03:00","source":{"id":"0","name":"eventBus"}}
{"__type":"$$EventMessageWorkflow","id":"bd02c5f9-df77-45da-959d-eac1d739593f","ts":"2025-05-02T22:06:26.366+03:00","eventName":"n8n.workflow.success","message":"n8n.workflow.success","payload":{"executionId":"136","userId":"47b17605-6eae-49e2-8652-4965cffa9ed5","success":true,"isManual":true,"workflowId":"AA1JULOQyw6wmZHH","workflowName":"My workflow"}}
{"__type":"$$EventMessageConfirm","confirm":"bd02c5f9-df77-45da-959d-eac1d739593f","ts":"2025-05-02T22:06:26.366+03:00","source":{"id":"0","name":"eventBus"}}
{"__type":"$$EventMessageWorkflow","id":"85a82bc9-cea6-4bdf-a093-2bc003206699","ts":"2025-05-02T22:12:36.851+03:00","eventName":"n8n.workflow.started","message":"n8n.workflow.started","payload":{"executionId":"137","workflowId":"AA1JULOQyw6wmZHH","isManual":false,"workflowName":"My workflow"}}
{"__type":"$$EventMessageConfirm","confirm":"85a82bc9-cea6-4bdf-a093-2bc003206699","ts":"2025-05-02T22:12:36.851+03:00","source":{"id":"0","name":"eventBus"}}
{"__type":"$$EventMessageNode","id":"208b6410-75b0-41ba-956c-050572b2561c","ts":"2025-05-02T22:12:36.868+03:00","eventName":"n8n.node.started","message":"n8n.node.started","payload":{"workflowId":"AA1JULOQyw6wmZHH","workflowName":"My workflow","executionId":"137","nodeType":"n8n-nodes-base.code","nodeName":"Code"}}
{"__type":"$$EventMessageConfirm","confirm":"208b6410-75b0-41ba-956c-050572b2561c","ts":"2025-05-02T22:12:36.868+03:00","source":{"id":"0","name":"eventBus"}}
{"__type":"$$EventMessageNode","id":"ee1f9c40-1f37-4f35-87c8-401b74e33b00","ts":"2025-05-02T22:12:36.988+03:00","eventName":"n8n.node.finished","message":"n8n.node.finished","payload":{"workflowId":"AA1JULOQyw6wmZHH","workflowName":"My workflow","executionId":"137","nodeType":"n8n-nodes-base.code","nodeName":"Code"}}
{"__type":"$$EventMessageConfirm","confirm":"ee1f9c40-1f37-4f35-87c8-401b74e33b00","ts":"2025-05-02T22:12:36.988+03:00","source":{"id":"0","name":"eventBus"}}
{"__type":"$$EventMessageWorkflow","id":"6c549b1c-2f6b-43a4-9b1d-0f1bc12715b9","ts":"2025-05-02T22:12:37.016+03:00","eventName":"n8n.workflow.success","message":"n8n.workflow.success","payload":{"executionId":"137","userId":"47b17605-6eae-49e2-8652-4965cffa9ed5","success":true,"isManual":true,"workflowId":"AA1JULOQyw6wmZHH","workflowName":"My workflow"}}
{"__type":"$$EventMessageConfirm","confirm":"6c549b1c-2f6b-43a4-9b1d-0f1bc12715b9","ts":"2025-05-02T22:12:37.016+03:00","source":{"id":"0","name":"eventBus"}}
{"__type":"$$EventMessageWorkflow","id":"ed9afa6a-53dc-4930-9029-beeaaa98d8ae","ts":"2025-05-02T22:27:48.125+03:00","eventName":"n8n.workflow.started","message":"n8n.workflow.started","payload":{"executionId":"138","workflowId":"AA1JULOQyw6wmZHH","isManual":false,"workflowName":"My workflow"}}
{"__type":"$$EventMessageConfirm","confirm":"ed9afa6a-53dc-4930-9029-beeaaa98d8ae","ts":"2025-05-02T22:27:48.125+03:00","source":{"id":"0","name":"eventBus"}}
{"__type":"$$EventMessageNode","id":"1e180239-762c-40f9-8d4e-63c606090548","ts":"2025-05-02T22:27:48.126+03:00","eventName":"n8n.node.started","message":"n8n.node.started","payload":{"workflowId":"AA1JULOQyw6wmZHH","workflowName":"My workflow","executionId":"138","nodeType":"n8n-nodes-base.manualTrigger","nodeName":"When clicking ‘Test workflow’"}}
{"__type":"$$EventMessageConfirm","confirm":"1e180239-762c-40f9-8d4e-63c606090548","ts":"2025-05-02T22:27:48.127+03:00","source":{"id":"0","name":"eventBus"}}
{"__type":"$$EventMessageNode","id":"758ce8e0-8784-4852-aa66-a935a12c2076","ts":"2025-05-02T22:27:48.137+03:00","eventName":"n8n.node.finished","message":"n8n.node.finished","payload":{"workflowId":"AA1JULOQyw6wmZHH","workflowName":"My workflow","executionId":"138","nodeType":"n8n-nodes-base.manualTrigger","nodeName":"When clicking ‘Test workflow’"}}
{"__type":"$$EventMessageConfirm","confirm":"758ce8e0-8784-4852-aa66-a935a12c2076","ts":"2025-05-02T22:27:48.137+03:00","source":{"id":"0","name":"eventBus"}}
{"__type":"$$EventMessageNode","id":"b4973bdc-4779-4005-aed0-9a408540b93a","ts":"2025-05-02T22:27:48.138+03:00","eventName":"n8n.node.started","message":"n8n.node.started","payload":{"workflowId":"AA1JULOQyw6wmZHH","workflowName":"My workflow","executionId":"138","nodeType":"n8n-nodes-base.readWriteFile","nodeName":"Employees"}}
{"__type":"$$EventMessageConfirm","confirm":"b4973bdc-4779-4005-aed0-9a408540b93a","ts":"2025-05-02T22:27:48.138+03:00","source":{"id":"0","name":"eventBus"}}
{"__type":"$$EventMessageNode","id":"405e1e75-8900-4e55-881c-7427028dabed","ts":"2025-05-02T22:27:48.174+03:00","eventName":"n8n.node.finished","message":"n8n.node.finished","payload":{"workflowId":"AA1JULOQyw6wmZHH","workflowName":"My workflow","executionId":"138","nodeType":"n8n-nodes-base.readWriteFile","nodeName":"Employees"}}
{"__type":"$$EventMessageConfirm","confirm":"405e1e75-8900-4e55-881c-7427028dabed","ts":"2025-05-02T22:27:48.174+03:00","source":{"id":"0","name":"eventBus"}}
{"__type":"$$EventMessageNode","id":"01e58412-cd51-4272-8b03-764abb4cb6a8","ts":"2025-05-02T22:27:48.175+03:00","eventName":"n8n.node.started","message":"n8n.node.started","payload":{"workflowId":"AA1JULOQyw6wmZHH","workflowName":"My workflow","executionId":"138","nodeType":"n8n-nodes-base.extractFromFile","nodeName":"Extract Employees CSV"}}
{"__type":"$$EventMessageConfirm","confirm":"01e58412-cd51-4272-8b03-764abb4cb6a8","ts":"2025-05-02T22:27:48.175+03:00","source":{"id":"0","name":"eventBus"}}
{"__type":"$$EventMessageNode","id":"190bc539-0b95-4bba-89f5-f428b25501ea","ts":"2025-05-02T22:27:48.183+03:00","eventName":"n8n.node.finished","message":"n8n.node.finished","payload":{"workflowId":"AA1JULOQyw6wmZHH","workflowName":"My workflow","executionId":"138","nodeType":"n8n-nodes-base.extractFromFile","nodeName":"Extract Employees CSV"}}
{"__type":"$$EventMessageConfirm","confirm":"190bc539-0b95-4bba-89f5-f428b25501ea","ts":"2025-05-02T22:27:48.183+03:00","source":{"id":"0","name":"eventBus"}}
{"__type":"$$EventMessageNode","id":"a21a74b6-941e-4028-9e5d-87cf28c8f92d","ts":"2025-05-02T22:27:48.184+03:00","eventName":"n8n.node.started","message":"n8n.node.started","payload":{"workflowId":"AA1JULOQyw6wmZHH","workflowName":"My workflow","executionId":"138","nodeType":"n8n-nodes-base.readWriteFile","nodeName":"Shifts"}}
{"__type":"$$EventMessageConfirm","confirm":"a21a74b6-941e-4028-9e5d-87cf28c8f92d","ts":"2025-05-02T22:27:48.184+03:00","source":{"id":"0","name":"eventBus"}}
{"__type":"$$EventMessageNode","id":"1900e377-10d2-4b04-a462-176bf7c48892","ts":"2025-05-02T22:27:48.206+03:00","eventName":"n8n.node.finished","message":"n8n.node.finished","payload":{"workflowId":"AA1JULOQyw6wmZHH","workflowName":"My workflow","executionId":"138","nodeType":"n8n-nodes-base.readWriteFile","nodeName":"Shifts"}}
{"__type":"$$EventMessageConfirm","confirm":"1900e377-10d2-4b04-a462-176bf7c48892","ts":"2025-05-02T22:27:48.206+03:00","source":{"id":"0","name":"eventBus"}}
{"__type":"$$EventMessageNode","id":"bab1032d-9114-433f-b0ec-cd957b2332d0","ts":"2025-05-02T22:27:48.207+03:00","eventName":"n8n.node.started","message":"n8n.node.started","payload":{"workflowId":"AA1JULOQyw6wmZHH","workflowName":"My workflow","executionId":"138","nodeType":"n8n-nodes-base.extractFromFile","nodeName":"Extract Shifts CSV"}}
{"__type":"$$EventMessageConfirm","confirm":"bab1032d-9114-433f-b0ec-cd957b2332d0","ts":"2025-05-02T22:27:48.207+03:00","source":{"id":"0","name":"eventBus"}}
{"__type":"$$EventMessageNode","id":"c41cd20e-6288-429c-9c59-3271f0a63040","ts":"2025-05-02T22:27:48.211+03:00","eventName":"n8n.node.finished","message":"n8n.node.finished","payload":{"workflowId":"AA1JULOQyw6wmZHH","workflowName":"My workflow","executionId":"138","nodeType":"n8n-nodes-base.extractFromFile","nodeName":"Extract Shifts CSV"}}
{"__type":"$$EventMessageConfirm","confirm":"c41cd20e-6288-429c-9c59-3271f0a63040","ts":"2025-05-02T22:27:48.211+03:00","source":{"id":"0","name":"eventBus"}}
{"__type":"$$EventMessageNode","id":"62e69a87-6845-479f-9acc-cf42d317b1fd","ts":"2025-05-02T22:27:48.212+03:00","eventName":"n8n.node.started","message":"n8n.node.started","payload":{"workflowId":"AA1JULOQyw6wmZHH","workflowName":"My workflow","executionId":"138","nodeType":"n8n-nodes-base.readWriteFile","nodeName":"Avaibility"}}
{"__type":"$$EventMessageConfirm","confirm":"62e69a87-6845-479f-9acc-cf42d317b1fd","ts":"2025-05-02T22:27:48.212+03:00","source":{"id":"0","name":"eventBus"}}
{"__type":"$$EventMessageNode","id":"bcb34a0f-4a76-4c91-9f22-8426351bb766","ts":"2025-05-02T22:27:48.234+03:00","eventName":"n8n.node.finished","message":"n8n.node.finished","payload":{"workflowId":"AA1JULOQyw6wmZHH","workflowName":"My workflow","executionId":"138","nodeType":"n8n-nodes-base.readWriteFile","nodeName":"Avaibility"}}
{"__type":"$$EventMessageConfirm","confirm":"bcb34a0f-4a76-4c91-9f22-8426351bb766","ts":"2025-05-02T22:27:48.234+03:00","source":{"id":"0","name":"eventBus"}}
{"__type":"$$EventMessageNode","id":"b06f67e3-ecd9-4f92-aedc-e39183c0a388","ts":"2025-05-02T22:27:48.234+03:00","eventName":"n8n.node.started","message":"n8n.node.started","payload":{"workflowId":"AA1JULOQyw6wmZHH","workflowName":"My workflow","executionId":"138","nodeType":"n8n-nodes-base.extractFromFile","nodeName":"Extract Availability CSV"}}
{"__type":"$$EventMessageConfirm","confirm":"b06f67e3-ecd9-4f92-aedc-e39183c0a388","ts":"2025-05-02T22:27:48.235+03:00","source":{"id":"0","name":"eventBus"}}
{"__type":"$$EventMessageNode","id":"9368cd5f-a1d5-4507-beeb-b7ce861c48f7","ts":"2025-05-02T22:27:48.254+03:00","eventName":"n8n.node.finished","message":"n8n.node.finished","payload":{"workflowId":"AA1JULOQyw6wmZHH","workflowName":"My workflow","executionId":"138","nodeType":"n8n-nodes-base.extractFromFile","nodeName":"Extract Availability CSV"}}
{"__type":"$$EventMessageConfirm","confirm":"9368cd5f-a1d5-4507-beeb-b7ce861c48f7","ts":"2025-05-02T22:27:48.255+03:00","source":{"id":"0","name":"eventBus"}}
{"__type":"$$EventMessageNode","id":"e3ae9554-c30c-400c-8e43-0da2aef49361","ts":"2025-05-02T22:27:48.257+03:00","eventName":"n8n.node.started","message":"n8n.node.started","payload":{"workflowId":"AA1JULOQyw6wmZHH","workflowName":"My workflow","executionId":"138","nodeType":"n8n-nodes-base.readWriteFile","nodeName":"Preferences"}}
{"__type":"$$EventMessageConfirm","confirm":"e3ae9554-c30c-400c-8e43-0da2aef49361","ts":"2025-05-02T22:27:48.258+03:00","source":{"id":"0","name":"eventBus"}}
{"__type":"$$EventMessageNode","id":"26aa23e3-789e-4eef-9a4c-a854e7945810","ts":"2025-05-02T22:27:48.275+03:00","eventName":"n8n.node.finished","message":"n8n.node.finished","payload":{"workflowId":"AA1JULOQyw6wmZHH","workflowName":"My workflow","executionId":"138","nodeType":"n8n-nodes-base.readWriteFile","nodeName":"Preferences"}}
{"__type":"$$EventMessageConfirm","confirm":"26aa23e3-789e-4eef-9a4c-a854e7945810","ts":"2025-05-02T22:27:48.276+03:00","source":{"id":"0","name":"eventBus"}}
{"__type":"$$EventMessageNode","id":"10513d1a-27ca-4f2f-9015-2c7903e08b0d","ts":"2025-05-02T22:27:48.276+03:00","eventName":"n8n.node.started","message":"n8n.node.started","payload":{"workflowId":"AA1JULOQyw6wmZHH","workflowName":"My workflow","executionId":"138","nodeType":"n8n-nodes-base.extractFromFile","nodeName":"Extract Preferences CSV"}}
{"__type":"$$EventMessageConfirm","confirm":"10513d1a-27ca-4f2f-9015-2c7903e08b0d","ts":"2025-05-02T22:27:48.276+03:00","source":{"id":"0","name":"eventBus"}}
{"__type":"$$EventMessageNode","id":"fb4e3e77-4804-4b3f-b12f-4cace2b1614a","ts":"2025-05-02T22:27:48.279+03:00","eventName":"n8n.node.finished","message":"n8n.node.finished","payload":{"workflowId":"AA1JULOQyw6wmZHH","workflowName":"My workflow","executionId":"138","nodeType":"n8n-nodes-base.extractFromFile","nodeName":"Extract Preferences CSV"}}
{"__type":"$$EventMessageConfirm","confirm":"fb4e3e77-4804-4b3f-b12f-4cace2b1614a","ts":"2025-05-02T22:27:48.279+03:00","source":{"id":"0","name":"eventBus"}}
{"__type":"$$EventMessageNode","id":"e1e749d4-440f-4128-9024-ed16ee731f3e","ts":"2025-05-02T22:27:48.279+03:00","eventName":"n8n.node.started","message":"n8n.node.started","payload":{"workflowId":"AA1JULOQyw6wmZHH","workflowName":"My workflow","executionId":"138","nodeType":"n8n-nodes-base.readWriteFile","nodeName":"Skills"}}
{"__type":"$$EventMessageConfirm","confirm":"e1e749d4-440f-4128-9024-ed16ee731f3e","ts":"2025-05-02T22:27:48.280+03:00","source":{"id":"0","name":"eventBus"}}
{"__type":"$$EventMessageNode","id":"278795fa-552c-40a4-abcc-c8df0b9eafac","ts":"2025-05-02T22:27:48.301+03:00","eventName":"n8n.node.finished","message":"n8n.node.finished","payload":{"workflowId":"AA1JULOQyw6wmZHH","workflowName":"My workflow","executionId":"138","nodeType":"n8n-nodes-base.readWriteFile","nodeName":"Skills"}}
{"__type":"$$EventMessageConfirm","confirm":"278795fa-552c-40a4-abcc-c8df0b9eafac","ts":"2025-05-02T22:27:48.302+03:00","source":{"id":"0","name":"eventBus"}}
{"__type":"$$EventMessageNode","id":"0a2bd2d9-96fb-42c8-ba52-645b850987ae","ts":"2025-05-02T22:27:48.302+03:00","eventName":"n8n.node.started","message":"n8n.node.started","payload":{"workflowId":"AA1JULOQyw6wmZHH","workflowName":"My workflow","executionId":"138","nodeType":"n8n-nodes-base.extractFromFile","nodeName":"Extract Skills CSV"}}
{"__type":"$$EventMessageConfirm","confirm":"0a2bd2d9-96fb-42c8-ba52-645b850987ae","ts":"2025-05-02T22:27:48.302+03:00","source":{"id":"0","name":"eventBus"}}
{"__type":"$$EventMessageNode","id":"8e76b716-6c70-4236-97a9-98282e5828b6","ts":"2025-05-02T22:27:48.310+03:00","eventName":"n8n.node.finished","message":"n8n.node.finished","payload":{"workflowId":"AA1JULOQyw6wmZHH","workflowName":"My workflow","executionId":"138","nodeType":"n8n-nodes-base.extractFromFile","nodeName":"Extract Skills CSV"}}
{"__type":"$$EventMessageConfirm","confirm":"8e76b716-6c70-4236-97a9-98282e5828b6","ts":"2025-05-02T22:27:48.310+03:00","source":{"id":"0","name":"eventBus"}}
{"__type":"$$EventMessageNode","id":"3d052777-aa48-4fb7-a414-0f82686dfd96","ts":"2025-05-02T22:27:48.313+03:00","eventName":"n8n.node.started","message":"n8n.node.started","payload":{"workflowId":"AA1JULOQyw6wmZHH","workflowName":"My workflow","executionId":"138","nodeType":"n8n-nodes-base.merge","nodeName":"Merge"}}
{"__type":"$$EventMessageConfirm","confirm":"3d052777-aa48-4fb7-a414-0f82686dfd96","ts":"2025-05-02T22:27:48.313+03:00","source":{"id":"0","name":"eventBus"}}
{"__type":"$$EventMessageNode","id":"07a36af3-5c18-42db-a9de-2867f2872b7e","ts":"2025-05-02T22:27:48.317+03:00","eventName":"n8n.node.finished","message":"n8n.node.finished","payload":{"workflowId":"AA1JULOQyw6wmZHH","workflowName":"My workflow","executionId":"138","nodeType":"n8n-nodes-base.merge","nodeName":"Merge"}}
{"__type":"$$EventMessageConfirm","confirm":"07a36af3-5c18-42db-a9de-2867f2872b7e","ts":"2025-05-02T22:27:48.317+03:00","source":{"id":"0","name":"eventBus"}}
{"__type":"$$EventMessageNode","id":"7fece14d-052a-46f3-bf15-63eec336fa27","ts":"2025-05-02T22:27:48.319+03:00","eventName":"n8n.node.started","message":"n8n.node.started","payload":{"workflowId":"AA1JULOQyw6wmZHH","workflowName":"My workflow","executionId":"138","nodeType":"n8n-nodes-base.code","nodeName":"Code"}}
{"__type":"$$EventMessageConfirm","confirm":"7fece14d-052a-46f3-bf15-63eec336fa27","ts":"2025-05-02T22:27:48.319+03:00","source":{"id":"0","name":"eventBus"}}
{"__type":"$$EventMessageNode","id":"bbcd54f8-457e-4d47-89e7-918668dc511f","ts":"2025-05-02T22:27:48.447+03:00","eventName":"n8n.node.finished","message":"n8n.node.finished","payload":{"workflowId":"AA1JULOQyw6wmZHH","workflowName":"My workflow","executionId":"138","nodeType":"n8n-nodes-base.code","nodeName":"Code"}}
{"__type":"$$EventMessageConfirm","confirm":"bbcd54f8-457e-4d47-89e7-918668dc511f","ts":"2025-05-02T22:27:48.447+03:00","source":{"id":"0","name":"eventBus"}}
{"__type":"$$EventMessageNode","id":"891de8f8-24c4-4b53-aa7c-8c074348ced9","ts":"2025-05-02T22:27:48.464+03:00","eventName":"n8n.node.started","message":"n8n.node.started","payload":{"workflowId":"AA1JULOQyw6wmZHH","workflowName":"My workflow","executionId":"138","nodeType":"n8n-nodes-base.httpRequest","nodeName":"HTTP Request"}}
{"__type":"$$EventMessageConfirm","confirm":"891de8f8-24c4-4b53-aa7c-8c074348ced9","ts":"2025-05-02T22:27:48.465+03:00","source":{"id":"0","name":"eventBus"}}
{"__type":"$$EventMessageNode","id":"4bfd5191-2240-4950-9866-1c2b78b13fe8","ts":"2025-05-02T22:27:48.679+03:00","eventName":"n8n.node.finished","message":"n8n.node.finished","payload":{"workflowId":"AA1JULOQyw6wmZHH","workflowName":"My workflow","executionId":"138","nodeType":"n8n-nodes-base.httpRequest","nodeName":"HTTP Request"}}
{"__type":"$$EventMessageConfirm","confirm":"4bfd5191-2240-4950-9866-1c2b78b13fe8","ts":"2025-05-02T22:27:48.680+03:00","source":{"id":"0","name":"eventBus"}}
{"__type":"$$EventMessageWorkflow","id":"eb666563-1c9b-45b8-8f1e-1a51db9adb94","ts":"2025-05-02T22:27:48.714+03:00","eventName":"n8n.workflow.failed","message":"n8n.workflow.failed","payload":{"executionId":"138","userId":"47b17605-6eae-49e2-8652-4965cffa9ed5","success":false,"isManual":true,"workflowId":"AA1JULOQyw6wmZHH","workflowName":"My workflow","lastNodeExecuted":"HTTP Request","errorNodeType":"n8n-nodes-base.httpRequest","errorMessage":"Your request is invalid or could not be processed by the service"}}
{"__type":"$$EventMessageConfirm","confirm":"eb666563-1c9b-45b8-8f1e-1a51db9adb94","ts":"2025-05-02T22:27:48.714+03:00","source":{"id":"0","name":"eventBus"}}
{"__type":"$$EventMessageWorkflow","id":"f07a1c02-495c-4f50-bc90-3d38aa73e4db","ts":"2025-05-02T22:34:04.959+03:00","eventName":"n8n.workflow.started","message":"n8n.workflow.started","payload":{"executionId":"139","workflowId":"AA1JULOQyw6wmZHH","isManual":false,"workflowName":"My workflow"}}
{"__type":"$$EventMessageConfirm","confirm":"f07a1c02-495c-4f50-bc90-3d38aa73e4db","ts":"2025-05-02T22:34:04.959+03:00","source":{"id":"0","name":"eventBus"}}
{"__type":"$$EventMessageNode","id":"8ae8f48c-953c-4eb2-bac8-805a56ed486b","ts":"2025-05-02T22:34:04.975+03:00","eventName":"n8n.node.started","message":"n8n.node.started","payload":{"workflowId":"AA1JULOQyw6wmZHH","workflowName":"My workflow","executionId":"139","nodeType":"n8n-nodes-base.httpRequest","nodeName":"HTTP Request"}}
{"__type":"$$EventMessageConfirm","confirm":"8ae8f48c-953c-4eb2-bac8-805a56ed486b","ts":"2025-05-02T22:34:04.976+03:00","source":{"id":"0","name":"eventBus"}}
{"__type":"$$EventMessageNode","id":"6f282af4-d9a3-4838-abf2-a3a42dfaaac8","ts":"2025-05-02T22:34:05.174+03:00","eventName":"n8n.node.finished","message":"n8n.node.finished","payload":{"workflowId":"AA1JULOQyw6wmZHH","workflowName":"My workflow","executionId":"139","nodeType":"n8n-nodes-base.httpRequest","nodeName":"HTTP Request"}}
{"__type":"$$EventMessageConfirm","confirm":"6f282af4-d9a3-4838-abf2-a3a42dfaaac8","ts":"2025-05-02T22:34:05.174+03:00","source":{"id":"0","name":"eventBus"}}
{"__type":"$$EventMessageWorkflow","id":"7fbc1cb2-2025-4b03-abf3-fbb15e34f39e","ts":"2025-05-02T22:34:05.181+03:00","eventName":"n8n.workflow.failed","message":"n8n.workflow.failed","payload":{"executionId":"139","userId":"47b17605-6eae-49e2-8652-4965cffa9ed5","success":false,"isManual":true,"workflowId":"AA1JULOQyw6wmZHH","workflowName":"My workflow","lastNodeExecuted":"HTTP Request","errorNodeType":"n8n-nodes-base.httpRequest","errorMessage":"Your request is invalid or could not be processed by the service"}}
{"__type":"$$EventMessageConfirm","confirm":"7fbc1cb2-2025-4b03-abf3-fbb15e34f39e","ts":"2025-05-02T22:34:05.182+03:00","source":{"id":"0","name":"eventBus"}}
{"__type":"$$EventMessageWorkflow","id":"0e2c3b60-f5f6-4df8-9288-06cd1583059e","ts":"2025-05-02T22:34:22.887+03:00","eventName":"n8n.workflow.started","message":"n8n.workflow.started","payload":{"executionId":"140","workflowId":"AA1JULOQyw6wmZHH","isManual":false,"workflowName":"My workflow"}}
{"__type":"$$EventMessageConfirm","confirm":"0e2c3b60-f5f6-4df8-9288-06cd1583059e","ts":"2025-05-02T22:34:22.887+03:00","source":{"id":"0","name":"eventBus"}}
{"__type":"$$EventMessageNode","id":"5eb6ca9d-79b4-4883-a3fc-ec4cdfa79512","ts":"2025-05-02T22:34:22.900+03:00","eventName":"n8n.node.started","message":"n8n.node.started","payload":{"workflowId":"AA1JULOQyw6wmZHH","workflowName":"My workflow","executionId":"140","nodeType":"n8n-nodes-base.httpRequest","nodeName":"HTTP Request"}}
{"__type":"$$EventMessageConfirm","confirm":"5eb6ca9d-79b4-4883-a3fc-ec4cdfa79512","ts":"2025-05-02T22:34:22.900+03:00","source":{"id":"0","name":"eventBus"}}
{"__type":"$$EventMessageNode","id":"04545a60-2b4c-44da-9b6f-2a2078dcd199","ts":"2025-05-02T22:34:23.072+03:00","eventName":"n8n.node.finished","message":"n8n.node.finished","payload":{"workflowId":"AA1JULOQyw6wmZHH","workflowName":"My workflow","executionId":"140","nodeType":"n8n-nodes-base.httpRequest","nodeName":"HTTP Request"}}
{"__type":"$$EventMessageConfirm","confirm":"04545a60-2b4c-44da-9b6f-2a2078dcd199","ts":"2025-05-02T22:34:23.072+03:00","source":{"id":"0","name":"eventBus"}}
{"__type":"$$EventMessageWorkflow","id":"0636470b-6d3b-4536-9e30-71f81bc6b20d","ts":"2025-05-02T22:34:23.077+03:00","eventName":"n8n.workflow.failed","message":"n8n.workflow.failed","payload":{"executionId":"140","userId":"47b17605-6eae-49e2-8652-4965cffa9ed5","success":false,"isManual":true,"workflowId":"AA1JULOQyw6wmZHH","workflowName":"My workflow","lastNodeExecuted":"HTTP Request","errorNodeType":"n8n-nodes-base.httpRequest","errorMessage":"Your request is invalid or could not be processed by the service"}}
{"__type":"$$EventMessageConfirm","confirm":"0636470b-6d3b-4536-9e30-71f81bc6b20d","ts":"2025-05-02T22:34:23.077+03:00","source":{"id":"0","name":"eventBus"}}
{"__type":"$$EventMessageWorkflow","id":"a46adf8d-2960-42b6-a7f2-5460e6161c2a","ts":"2025-05-02T22:34:54.847+03:00","eventName":"n8n.workflow.started","message":"n8n.workflow.started","payload":{"executionId":"141","workflowId":"AA1JULOQyw6wmZHH","isManual":false,"workflowName":"My workflow"}}
{"__type":"$$EventMessageConfirm","confirm":"a46adf8d-2960-42b6-a7f2-5460e6161c2a","ts":"2025-05-02T22:34:54.847+03:00","source":{"id":"0","name":"eventBus"}}
{"__type":"$$EventMessageNode","id":"5d34dd60-b9bd-4209-b6d2-1cbd03191b13","ts":"2025-05-02T22:34:54.880+03:00","eventName":"n8n.node.started","message":"n8n.node.started","payload":{"workflowId":"AA1JULOQyw6wmZHH","workflowName":"My workflow","executionId":"141","nodeType":"n8n-nodes-base.code","nodeName":"Code"}}
{"__type":"$$EventMessageConfirm","confirm":"5d34dd60-b9bd-4209-b6d2-1cbd03191b13","ts":"2025-05-02T22:34:54.880+03:00","source":{"id":"0","name":"eventBus"}}
{"__type":"$$EventMessageNode","id":"eaea1816-581d-470b-9a86-27f9f926a68e","ts":"2025-05-02T22:34:55.040+03:00","eventName":"n8n.node.finished","message":"n8n.node.finished","payload":{"workflowId":"AA1JULOQyw6wmZHH","workflowName":"My workflow","executionId":"141","nodeType":"n8n-nodes-base.code","nodeName":"Code"}}
{"__type":"$$EventMessageConfirm","confirm":"eaea1816-581d-470b-9a86-27f9f926a68e","ts":"2025-05-02T22:34:55.040+03:00","source":{"id":"0","name":"eventBus"}}
{"__type":"$$EventMessageWorkflow","id":"0dd9c13c-faa8-40bd-90db-c845f34866d3","ts":"2025-05-02T22:34:55.070+03:00","eventName":"n8n.workflow.success","message":"n8n.workflow.success","payload":{"executionId":"141","userId":"47b17605-6eae-49e2-8652-4965cffa9ed5","success":true,"isManual":true,"workflowId":"AA1JULOQyw6wmZHH","workflowName":"My workflow"}}
{"__type":"$$EventMessageConfirm","confirm":"0dd9c13c-faa8-40bd-90db-c845f34866d3","ts":"2025-05-02T22:34:55.070+03:00","source":{"id":"0","name":"eventBus"}}
{"__type":"$$EventMessageAudit","id":"b4c7d400-31f3-4fe0-83d4-bf94cae74e77","ts":"2025-05-02T22:34:57.746+03:00","eventName":"n8n.audit.workflow.updated","message":"n8n.audit.workflow.updated","payload":{"userId":"47b17605-6eae-49e2-8652-4965cffa9ed5","_email":"fhycix@gmail.com","_firstName":"Uygar","_lastName":"YILDIZ","globalRole":"global:owner","workflowId":"AA1JULOQyw6wmZHH","workflowName":"My workflow"}}
{"__type":"$$EventMessageConfirm","confirm":"b4c7d400-31f3-4fe0-83d4-bf94cae74e77","ts":"2025-05-02T22:34:57.746+03:00","source":{"id":"0","name":"eventBus"}}
{"__type":"$$EventMessageWorkflow","id":"5add91b6-75c3-4d76-8b26-88caf9b3175d","ts":"2025-05-02T22:35:01.537+03:00","eventName":"n8n.workflow.started","message":"n8n.workflow.started","payload":{"executionId":"142","workflowId":"AA1JULOQyw6wmZHH","isManual":false,"workflowName":"My workflow"}}
{"__type":"$$EventMessageConfirm","confirm":"5add91b6-75c3-4d76-8b26-88caf9b3175d","ts":"2025-05-02T22:35:01.538+03:00","source":{"id":"0","name":"eventBus"}}
{"__type":"$$EventMessageNode","id":"eff53a67-119a-4173-969c-3bb5834760e8","ts":"2025-05-02T22:35:01.552+03:00","eventName":"n8n.node.started","message":"n8n.node.started","payload":{"workflowId":"AA1JULOQyw6wmZHH","workflowName":"My workflow","executionId":"142","nodeType":"n8n-nodes-base.httpRequest","nodeName":"HTTP Request"}}
{"__type":"$$EventMessageConfirm","confirm":"eff53a67-119a-4173-969c-3bb5834760e8","ts":"2025-05-02T22:35:01.552+03:00","source":{"id":"0","name":"eventBus"}}
{"__type":"$$EventMessageNode","id":"f634aca0-0b6c-4a90-8a6c-40309e7375c0","ts":"2025-05-02T22:35:01.830+03:00","eventName":"n8n.node.finished","message":"n8n.node.finished","payload":{"workflowId":"AA1JULOQyw6wmZHH","workflowName":"My workflow","executionId":"142","nodeType":"n8n-nodes-base.httpRequest","nodeName":"HTTP Request"}}
{"__type":"$$EventMessageConfirm","confirm":"f634aca0-0b6c-4a90-8a6c-40309e7375c0","ts":"2025-05-02T22:35:01.830+03:00","source":{"id":"0","name":"eventBus"}}
{"__type":"$$EventMessageWorkflow","id":"91157ca8-a93c-48e8-a937-782ca19ae08f","ts":"2025-05-02T22:35:01.834+03:00","eventName":"n8n.workflow.success","message":"n8n.workflow.success","payload":{"executionId":"142","userId":"47b17605-6eae-49e2-8652-4965cffa9ed5","success":true,"isManual":true,"workflowId":"AA1JULOQyw6wmZHH","workflowName":"My workflow"}}
{"__type":"$$EventMessageConfirm","confirm":"91157ca8-a93c-48e8-a937-782ca19ae08f","ts":"2025-05-02T22:35:01.834+03:00","source":{"id":"0","name":"eventBus"}}
{"__type":"$$EventMessageWorkflow","id":"f5730bf0-7bb0-4f96-af7f-3fbb9ed2aa7b","ts":"2025-05-02T22:35:20.749+03:00","eventName":"n8n.workflow.started","message":"n8n.workflow.started","payload":{"executionId":"143","workflowId":"AA1JULOQyw6wmZHH","isManual":false,"workflowName":"My workflow"}}
{"__type":"$$EventMessageConfirm","confirm":"f5730bf0-7bb0-4f96-af7f-3fbb9ed2aa7b","ts":"2025-05-02T22:35:20.749+03:00","source":{"id":"0","name":"eventBus"}}
{"__type":"$$EventMessageNode","id":"29b4832d-a6a8-45b1-a57c-13d00bfd9a8b","ts":"2025-05-02T22:35:20.768+03:00","eventName":"n8n.node.started","message":"n8n.node.started","payload":{"workflowId":"AA1JULOQyw6wmZHH","workflowName":"My workflow","executionId":"143","nodeType":"n8n-nodes-base.httpRequest","nodeName":"HTTP Request"}}
{"__type":"$$EventMessageConfirm","confirm":"29b4832d-a6a8-45b1-a57c-13d00bfd9a8b","ts":"2025-05-02T22:35:20.768+03:00","source":{"id":"0","name":"eventBus"}}
{"__type":"$$EventMessageNode","id":"b41c150c-6b6e-47e0-b98e-39c656af4242","ts":"2025-05-02T22:35:20.934+03:00","eventName":"n8n.node.finished","message":"n8n.node.finished","payload":{"workflowId":"AA1JULOQyw6wmZHH","workflowName":"My workflow","executionId":"143","nodeType":"n8n-nodes-base.httpRequest","nodeName":"HTTP Request"}}
{"__type":"$$EventMessageConfirm","confirm":"b41c150c-6b6e-47e0-b98e-39c656af4242","ts":"2025-05-02T22:35:20.934+03:00","source":{"id":"0","name":"eventBus"}}
{"__type":"$$EventMessageWorkflow","id":"fe983d49-14ff-401d-93ac-6696ed52f1c0","ts":"2025-05-02T22:35:20.937+03:00","eventName":"n8n.workflow.success","message":"n8n.workflow.success","payload":{"executionId":"143","userId":"47b17605-6eae-49e2-8652-4965cffa9ed5","success":true,"isManual":true,"workflowId":"AA1JULOQyw6wmZHH","workflowName":"My workflow"}}
{"__type":"$$EventMessageConfirm","confirm":"fe983d49-14ff-401d-93ac-6696ed52f1c0","ts":"2025-05-02T22:35:20.938+03:00","source":{"id":"0","name":"eventBus"}}
{"__type":"$$EventMessageWorkflow","id":"53057ac0-c8d6-459f-913a-7196f9c5eb97","ts":"2025-05-02T22:37:09.019+03:00","eventName":"n8n.workflow.started","message":"n8n.workflow.started","payload":{"executionId":"144","workflowId":"AA1JULOQyw6wmZHH","isManual":false,"workflowName":"My workflow"}}
{"__type":"$$EventMessageConfirm","confirm":"53057ac0-c8d6-459f-913a-7196f9c5eb97","ts":"2025-05-02T22:37:09.020+03:00","source":{"id":"0","name":"eventBus"}}
{"__type":"$$EventMessageNode","id":"bf778316-68dc-461c-bcbd-0a7e6dd063a5","ts":"2025-05-02T22:37:09.056+03:00","eventName":"n8n.node.started","message":"n8n.node.started","payload":{"workflowId":"AA1JULOQyw6wmZHH","workflowName":"My workflow","executionId":"144","nodeType":"n8n-nodes-base.httpRequest","nodeName":"HTTP Request"}}
{"__type":"$$EventMessageConfirm","confirm":"bf778316-68dc-461c-bcbd-0a7e6dd063a5","ts":"2025-05-02T22:37:09.056+03:00","source":{"id":"0","name":"eventBus"}}
{"__type":"$$EventMessageNode","id":"ead3c86c-e912-4f37-b5c6-23c200dfc4cc","ts":"2025-05-02T22:37:09.463+03:00","eventName":"n8n.node.finished","message":"n8n.node.finished","payload":{"workflowId":"AA1JULOQyw6wmZHH","workflowName":"My workflow","executionId":"144","nodeType":"n8n-nodes-base.httpRequest","nodeName":"HTTP Request"}}
{"__type":"$$EventMessageConfirm","confirm":"ead3c86c-e912-4f37-b5c6-23c200dfc4cc","ts":"2025-05-02T22:37:09.463+03:00","source":{"id":"0","name":"eventBus"}}
{"__type":"$$EventMessageWorkflow","id":"1402aed2-ac46-44f9-8799-b967b6ebd840","ts":"2025-05-02T22:37:09.465+03:00","eventName":"n8n.workflow.success","message":"n8n.workflow.success","payload":{"executionId":"144","userId":"47b17605-6eae-49e2-8652-4965cffa9ed5","success":true,"isManual":true,"workflowId":"AA1JULOQyw6wmZHH","workflowName":"My workflow"}}
{"__type":"$$EventMessageConfirm","confirm":"1402aed2-ac46-44f9-8799-b967b6ebd840","ts":"2025-05-02T22:37:09.466+03:00","source":{"id":"0","name":"eventBus"}}
{"__type":"$$EventMessageWorkflow","id":"e52c1f5f-e875-4758-a769-168bbd915f0e","ts":"2025-05-03T01:30:01.278+03:00","eventName":"n8n.workflow.started","message":"n8n.workflow.started","payload":{"executionId":"145","workflowId":"AA1JULOQyw6wmZHH","isManual":false,"workflowName":"My workflow"}}
{"__type":"$$EventMessageConfirm","confirm":"e52c1f5f-e875-4758-a769-168bbd915f0e","ts":"2025-05-03T01:30:01.281+03:00","source":{"id":"0","name":"eventBus"}}
{"__type":"$$EventMessageNode","id":"206389fb-8e22-42e1-bf2a-3b1e2edf74ba","ts":"2025-05-03T01:30:01.304+03:00","eventName":"n8n.node.started","message":"n8n.node.started","payload":{"workflowId":"AA1JULOQyw6wmZHH","workflowName":"My workflow","executionId":"145","nodeType":"n8n-nodes-base.httpRequest","nodeName":"HTTP Request"}}
{"__type":"$$EventMessageConfirm","confirm":"206389fb-8e22-42e1-bf2a-3b1e2edf74ba","ts":"2025-05-03T01:30:01.305+03:00","source":{"id":"0","name":"eventBus"}}
{"__type":"$$EventMessageNode","id":"a6557a30-7366-489c-a1dc-a5f5a7938725","ts":"2025-05-03T01:30:01.829+03:00","eventName":"n8n.node.finished","message":"n8n.node.finished","payload":{"workflowId":"AA1JULOQyw6wmZHH","workflowName":"My workflow","executionId":"145","nodeType":"n8n-nodes-base.httpRequest","nodeName":"HTTP Request"}}
{"__type":"$$EventMessageConfirm","confirm":"a6557a30-7366-489c-a1dc-a5f5a7938725","ts":"2025-05-03T01:30:01.829+03:00","source":{"id":"0","name":"eventBus"}}
{"__type":"$$EventMessageWorkflow","id":"d1a99f8e-52e9-43d4-9d03-3d4763c90743","ts":"2025-05-03T01:30:01.835+03:00","eventName":"n8n.workflow.success","message":"n8n.workflow.success","payload":{"executionId":"145","userId":"47b17605-6eae-49e2-8652-4965cffa9ed5","success":true,"isManual":true,"workflowId":"AA1JULOQyw6wmZHH","workflowName":"My workflow"}}
{"__type":"$$EventMessageConfirm","confirm":"d1a99f8e-52e9-43d4-9d03-3d4763c90743","ts":"2025-05-03T01:30:01.835+03:00","source":{"id":"0","name":"eventBus"}}
{"__type":"$$EventMessageWorkflow","id":"27759f4f-35c2-4457-87e9-72836770be6a","ts":"2025-05-03T01:35:14.004+03:00","eventName":"n8n.workflow.started","message":"n8n.workflow.started","payload":{"executionId":"146","workflowId":"AA1JULOQyw6wmZHH","isManual":false,"workflowName":"My workflow"}}
{"__type":"$$EventMessageConfirm","confirm":"27759f4f-35c2-4457-87e9-72836770be6a","ts":"2025-05-03T01:35:14.005+03:00","source":{"id":"0","name":"eventBus"}}
{"__type":"$$EventMessageNode","id":"98801450-3228-418a-822c-5bafca0c157c","ts":"2025-05-03T01:35:14.025+03:00","eventName":"n8n.node.started","message":"n8n.node.started","payload":{"workflowId":"AA1JULOQyw6wmZHH","workflowName":"My workflow","executionId":"146","nodeType":"n8n-nodes-base.httpRequest","nodeName":"HTTP Request"}}
{"__type":"$$EventMessageConfirm","confirm":"98801450-3228-418a-822c-5bafca0c157c","ts":"2025-05-03T01:35:14.025+03:00","source":{"id":"0","name":"eventBus"}}
{"__type":"$$EventMessageNode","id":"58245583-affa-405a-ba95-c839300de248","ts":"2025-05-03T01:35:14.396+03:00","eventName":"n8n.node.finished","message":"n8n.node.finished","payload":{"workflowId":"AA1JULOQyw6wmZHH","workflowName":"My workflow","executionId":"146","nodeType":"n8n-nodes-base.httpRequest","nodeName":"HTTP Request"}}
{"__type":"$$EventMessageConfirm","confirm":"58245583-affa-405a-ba95-c839300de248","ts":"2025-05-03T01:35:14.396+03:00","source":{"id":"0","name":"eventBus"}}
{"__type":"$$EventMessageWorkflow","id":"fe3edd53-74ee-4dc2-a9be-7f93aba9f7df","ts":"2025-05-03T01:35:14.401+03:00","eventName":"n8n.workflow.success","message":"n8n.workflow.success","payload":{"executionId":"146","userId":"47b17605-6eae-49e2-8652-4965cffa9ed5","success":true,"isManual":true,"workflowId":"AA1JULOQyw6wmZHH","workflowName":"My workflow"}}
{"__type":"$$EventMessageConfirm","confirm":"fe3edd53-74ee-4dc2-a9be-7f93aba9f7df","ts":"2025-05-03T01:35:14.401+03:00","source":{"id":"0","name":"eventBus"}}
