{"__type":"$$EventMessageWorkflow","id":"206c9edd-18f2-45fa-a12a-b05d43a91237","ts":"2025-05-22T22:20:10.047+03:00","eventName":"n8n.workflow.started","message":"n8n.workflow.started","payload":{"executionId":"468","workflowId":"nEKfZ30L6vLyUMXe","isManual":false,"workflowName":"My workflow"}}
{"__type":"$$EventMessageConfirm","confirm":"206c9edd-18f2-45fa-a12a-b05d43a91237","ts":"2025-05-22T22:20:10.048+03:00","source":{"id":"0","name":"eventBus"}}
{"__type":"$$EventMessageNode","id":"3dfd3695-1c32-44c9-83db-be9904f8b5b1","ts":"2025-05-22T22:20:10.049+03:00","eventName":"n8n.node.started","message":"n8n.node.started","payload":{"workflowId":"nEKfZ30L6vLyUMXe","workflowName":"My workflow","executionId":"468","nodeType":"n8n-nodes-base.webhook","nodeName":"Webhook"}}
{"__type":"$$EventMessageConfirm","confirm":"3dfd3695-1c32-44c9-83db-be9904f8b5b1","ts":"2025-05-22T22:20:10.049+03:00","source":{"id":"0","name":"eventBus"}}
{"__type":"$$EventMessageNode","id":"1167f1de-8e77-4692-9061-51742be16ab1","ts":"2025-05-22T22:20:10.052+03:00","eventName":"n8n.node.finished","message":"n8n.node.finished","payload":{"workflowId":"nEKfZ30L6vLyUMXe","workflowName":"My workflow","executionId":"468","nodeType":"n8n-nodes-base.webhook","nodeName":"Webhook"}}
{"__type":"$$EventMessageConfirm","confirm":"1167f1de-8e77-4692-9061-51742be16ab1","ts":"2025-05-22T22:20:10.052+03:00","source":{"id":"0","name":"eventBus"}}
{"__type":"$$EventMessageNode","id":"a2860ce7-a774-49f3-a67d-9f3f07da6b27","ts":"2025-05-22T22:20:10.053+03:00","eventName":"n8n.node.started","message":"n8n.node.started","payload":{"workflowId":"nEKfZ30L6vLyUMXe","workflowName":"My workflow","executionId":"468","nodeType":"n8n-nodes-base.readWriteFile","nodeName":"Read/Write Files from Disk"}}
{"__type":"$$EventMessageConfirm","confirm":"a2860ce7-a774-49f3-a67d-9f3f07da6b27","ts":"2025-05-22T22:20:10.053+03:00","source":{"id":"0","name":"eventBus"}}
{"__type":"$$EventMessageNode","id":"387ae4d5-8452-4fb6-be70-cbd0729be024","ts":"2025-05-22T22:20:10.068+03:00","eventName":"n8n.node.finished","message":"n8n.node.finished","payload":{"workflowId":"nEKfZ30L6vLyUMXe","workflowName":"My workflow","executionId":"468","nodeType":"n8n-nodes-base.readWriteFile","nodeName":"Read/Write Files from Disk"}}
{"__type":"$$EventMessageConfirm","confirm":"387ae4d5-8452-4fb6-be70-cbd0729be024","ts":"2025-05-22T22:20:10.069+03:00","source":{"id":"0","name":"eventBus"}}
{"__type":"$$EventMessageNode","id":"dd361296-faa9-48c9-9c57-0ef8bc8f1836","ts":"2025-05-22T22:20:10.069+03:00","eventName":"n8n.node.started","message":"n8n.node.started","payload":{"workflowId":"nEKfZ30L6vLyUMXe","workflowName":"My workflow","executionId":"468","nodeType":"n8n-nodes-base.set","nodeName":"Edit Fields"}}
{"__type":"$$EventMessageConfirm","confirm":"dd361296-faa9-48c9-9c57-0ef8bc8f1836","ts":"2025-05-22T22:20:10.069+03:00","source":{"id":"0","name":"eventBus"}}
{"__type":"$$EventMessageNode","id":"8d0702ac-01e1-4c36-9766-69682aec37e2","ts":"2025-05-22T22:20:10.128+03:00","eventName":"n8n.node.finished","message":"n8n.node.finished","payload":{"workflowId":"nEKfZ30L6vLyUMXe","workflowName":"My workflow","executionId":"468","nodeType":"n8n-nodes-base.set","nodeName":"Edit Fields"}}
{"__type":"$$EventMessageConfirm","confirm":"8d0702ac-01e1-4c36-9766-69682aec37e2","ts":"2025-05-22T22:20:10.128+03:00","source":{"id":"0","name":"eventBus"}}
{"__type":"$$EventMessageNode","id":"5e3007f7-a354-40c9-8711-9b777ea3fdbf","ts":"2025-05-22T22:20:10.129+03:00","eventName":"n8n.node.started","message":"n8n.node.started","payload":{"workflowId":"nEKfZ30L6vLyUMXe","workflowName":"My workflow","executionId":"468","nodeType":"n8n-nodes-base.code","nodeName":"Ayar"}}
{"__type":"$$EventMessageConfirm","confirm":"5e3007f7-a354-40c9-8711-9b777ea3fdbf","ts":"2025-05-22T22:20:10.129+03:00","source":{"id":"0","name":"eventBus"}}
{"__type":"$$EventMessageNode","id":"88879ab2-2252-4f07-bc89-4011d477940f","ts":"2025-05-22T22:20:10.166+03:00","eventName":"n8n.node.finished","message":"n8n.node.finished","payload":{"workflowId":"nEKfZ30L6vLyUMXe","workflowName":"My workflow","executionId":"468","nodeType":"n8n-nodes-base.code","nodeName":"Ayar"}}
{"__type":"$$EventMessageConfirm","confirm":"88879ab2-2252-4f07-bc89-4011d477940f","ts":"2025-05-22T22:20:10.166+03:00","source":{"id":"0","name":"eventBus"}}
{"__type":"$$EventMessageNode","id":"fd4a3055-72ab-4f45-af15-ce70a396c392","ts":"2025-05-22T22:20:10.168+03:00","eventName":"n8n.node.started","message":"n8n.node.started","payload":{"workflowId":"nEKfZ30L6vLyUMXe","workflowName":"My workflow","executionId":"468","nodeType":"n8n-nodes-base.readWriteFile","nodeName":"Employees"}}
{"__type":"$$EventMessageConfirm","confirm":"fd4a3055-72ab-4f45-af15-ce70a396c392","ts":"2025-05-22T22:20:10.168+03:00","source":{"id":"0","name":"eventBus"}}
{"__type":"$$EventMessageNode","id":"2c8ccf91-5d29-41d0-8969-20aff3926523","ts":"2025-05-22T22:20:10.181+03:00","eventName":"n8n.node.finished","message":"n8n.node.finished","payload":{"workflowId":"nEKfZ30L6vLyUMXe","workflowName":"My workflow","executionId":"468","nodeType":"n8n-nodes-base.readWriteFile","nodeName":"Employees"}}
{"__type":"$$EventMessageConfirm","confirm":"2c8ccf91-5d29-41d0-8969-20aff3926523","ts":"2025-05-22T22:20:10.181+03:00","source":{"id":"0","name":"eventBus"}}
{"__type":"$$EventMessageNode","id":"bf02918c-fc16-442a-afc9-dd7a4ddb410d","ts":"2025-05-22T22:20:10.181+03:00","eventName":"n8n.node.started","message":"n8n.node.started","payload":{"workflowId":"nEKfZ30L6vLyUMXe","workflowName":"My workflow","executionId":"468","nodeType":"n8n-nodes-base.extractFromFile","nodeName":"Extract Employees CSV"}}
{"__type":"$$EventMessageConfirm","confirm":"bf02918c-fc16-442a-afc9-dd7a4ddb410d","ts":"2025-05-22T22:20:10.181+03:00","source":{"id":"0","name":"eventBus"}}
{"__type":"$$EventMessageNode","id":"2608acb5-fc58-4543-a36d-3ce825b8d426","ts":"2025-05-22T22:20:10.191+03:00","eventName":"n8n.node.finished","message":"n8n.node.finished","payload":{"workflowId":"nEKfZ30L6vLyUMXe","workflowName":"My workflow","executionId":"468","nodeType":"n8n-nodes-base.extractFromFile","nodeName":"Extract Employees CSV"}}
{"__type":"$$EventMessageConfirm","confirm":"2608acb5-fc58-4543-a36d-3ce825b8d426","ts":"2025-05-22T22:20:10.192+03:00","source":{"id":"0","name":"eventBus"}}
{"__type":"$$EventMessageNode","id":"049e67f3-db9b-4d83-8ca9-468fabfb36e5","ts":"2025-05-22T22:20:10.192+03:00","eventName":"n8n.node.started","message":"n8n.node.started","payload":{"workflowId":"nEKfZ30L6vLyUMXe","workflowName":"My workflow","executionId":"468","nodeType":"n8n-nodes-base.readWriteFile","nodeName":"Shifts"}}
{"__type":"$$EventMessageConfirm","confirm":"049e67f3-db9b-4d83-8ca9-468fabfb36e5","ts":"2025-05-22T22:20:10.192+03:00","source":{"id":"0","name":"eventBus"}}
{"__type":"$$EventMessageNode","id":"220ab11e-3424-41aa-b52a-7980e76d7b5a","ts":"2025-05-22T22:20:10.206+03:00","eventName":"n8n.node.finished","message":"n8n.node.finished","payload":{"workflowId":"nEKfZ30L6vLyUMXe","workflowName":"My workflow","executionId":"468","nodeType":"n8n-nodes-base.readWriteFile","nodeName":"Shifts"}}
{"__type":"$$EventMessageConfirm","confirm":"220ab11e-3424-41aa-b52a-7980e76d7b5a","ts":"2025-05-22T22:20:10.206+03:00","source":{"id":"0","name":"eventBus"}}
{"__type":"$$EventMessageNode","id":"174ada39-890d-417a-9480-90b7eef45fdb","ts":"2025-05-22T22:20:10.206+03:00","eventName":"n8n.node.started","message":"n8n.node.started","payload":{"workflowId":"nEKfZ30L6vLyUMXe","workflowName":"My workflow","executionId":"468","nodeType":"n8n-nodes-base.extractFromFile","nodeName":"Extract Shifts CSV"}}
{"__type":"$$EventMessageConfirm","confirm":"174ada39-890d-417a-9480-90b7eef45fdb","ts":"2025-05-22T22:20:10.206+03:00","source":{"id":"0","name":"eventBus"}}
{"__type":"$$EventMessageNode","id":"524fe8b7-2c58-47ae-900f-29ad50030f91","ts":"2025-05-22T22:20:10.217+03:00","eventName":"n8n.node.finished","message":"n8n.node.finished","payload":{"workflowId":"nEKfZ30L6vLyUMXe","workflowName":"My workflow","executionId":"468","nodeType":"n8n-nodes-base.extractFromFile","nodeName":"Extract Shifts CSV"}}
{"__type":"$$EventMessageConfirm","confirm":"524fe8b7-2c58-47ae-900f-29ad50030f91","ts":"2025-05-22T22:20:10.217+03:00","source":{"id":"0","name":"eventBus"}}
{"__type":"$$EventMessageNode","id":"7a36d494-ac4d-47e6-bf06-d32ae3fcf62d","ts":"2025-05-22T22:20:10.217+03:00","eventName":"n8n.node.started","message":"n8n.node.started","payload":{"workflowId":"nEKfZ30L6vLyUMXe","workflowName":"My workflow","executionId":"468","nodeType":"n8n-nodes-base.readWriteFile","nodeName":"Avaibility"}}
{"__type":"$$EventMessageConfirm","confirm":"7a36d494-ac4d-47e6-bf06-d32ae3fcf62d","ts":"2025-05-22T22:20:10.218+03:00","source":{"id":"0","name":"eventBus"}}
{"__type":"$$EventMessageNode","id":"41fe7a43-d5b7-48dc-95a4-6110dd8eda47","ts":"2025-05-22T22:20:10.232+03:00","eventName":"n8n.node.finished","message":"n8n.node.finished","payload":{"workflowId":"nEKfZ30L6vLyUMXe","workflowName":"My workflow","executionId":"468","nodeType":"n8n-nodes-base.readWriteFile","nodeName":"Avaibility"}}
{"__type":"$$EventMessageConfirm","confirm":"41fe7a43-d5b7-48dc-95a4-6110dd8eda47","ts":"2025-05-22T22:20:10.232+03:00","source":{"id":"0","name":"eventBus"}}
{"__type":"$$EventMessageNode","id":"65462e3f-4c97-4f3c-8704-ffa5342a3c6e","ts":"2025-05-22T22:20:10.233+03:00","eventName":"n8n.node.started","message":"n8n.node.started","payload":{"workflowId":"nEKfZ30L6vLyUMXe","workflowName":"My workflow","executionId":"468","nodeType":"n8n-nodes-base.extractFromFile","nodeName":"Extract Availability CSV"}}
{"__type":"$$EventMessageConfirm","confirm":"65462e3f-4c97-4f3c-8704-ffa5342a3c6e","ts":"2025-05-22T22:20:10.233+03:00","source":{"id":"0","name":"eventBus"}}
{"__type":"$$EventMessageNode","id":"53dcdead-af0b-4d05-a8b0-733bad1a040b","ts":"2025-05-22T22:20:10.247+03:00","eventName":"n8n.node.finished","message":"n8n.node.finished","payload":{"workflowId":"nEKfZ30L6vLyUMXe","workflowName":"My workflow","executionId":"468","nodeType":"n8n-nodes-base.extractFromFile","nodeName":"Extract Availability CSV"}}
{"__type":"$$EventMessageConfirm","confirm":"53dcdead-af0b-4d05-a8b0-733bad1a040b","ts":"2025-05-22T22:20:10.247+03:00","source":{"id":"0","name":"eventBus"}}
{"__type":"$$EventMessageNode","id":"5f8141a0-625d-465f-a22c-838ae8eb9910","ts":"2025-05-22T22:20:10.248+03:00","eventName":"n8n.node.started","message":"n8n.node.started","payload":{"workflowId":"nEKfZ30L6vLyUMXe","workflowName":"My workflow","executionId":"468","nodeType":"n8n-nodes-base.readWriteFile","nodeName":"Oku Temel Konfig"}}
{"__type":"$$EventMessageConfirm","confirm":"5f8141a0-625d-465f-a22c-838ae8eb9910","ts":"2025-05-22T22:20:10.248+03:00","source":{"id":"0","name":"eventBus"}}
{"__type":"$$EventMessageNode","id":"a2e9375b-cd05-4cd4-ae39-1c5df84ebd24","ts":"2025-05-22T22:20:10.257+03:00","eventName":"n8n.node.finished","message":"n8n.node.finished","payload":{"workflowId":"nEKfZ30L6vLyUMXe","workflowName":"My workflow","executionId":"468","nodeType":"n8n-nodes-base.readWriteFile","nodeName":"Oku Temel Konfig"}}
{"__type":"$$EventMessageConfirm","confirm":"a2e9375b-cd05-4cd4-ae39-1c5df84ebd24","ts":"2025-05-22T22:20:10.257+03:00","source":{"id":"0","name":"eventBus"}}
{"__type":"$$EventMessageNode","id":"44d5ea9d-5485-4d7a-a6f3-f6b9a5da454c","ts":"2025-05-22T22:20:10.258+03:00","eventName":"n8n.node.started","message":"n8n.node.started","payload":{"workflowId":"nEKfZ30L6vLyUMXe","workflowName":"My workflow","executionId":"468","nodeType":"n8n-nodes-base.readWriteFile","nodeName":"Preferences"}}
{"__type":"$$EventMessageConfirm","confirm":"44d5ea9d-5485-4d7a-a6f3-f6b9a5da454c","ts":"2025-05-22T22:20:10.258+03:00","source":{"id":"0","name":"eventBus"}}
{"__type":"$$EventMessageNode","id":"f6148620-1787-4757-b057-3cb43f6671b7","ts":"2025-05-22T22:20:10.271+03:00","eventName":"n8n.node.finished","message":"n8n.node.finished","payload":{"workflowId":"nEKfZ30L6vLyUMXe","workflowName":"My workflow","executionId":"468","nodeType":"n8n-nodes-base.readWriteFile","nodeName":"Preferences"}}
{"__type":"$$EventMessageConfirm","confirm":"f6148620-1787-4757-b057-3cb43f6671b7","ts":"2025-05-22T22:20:10.271+03:00","source":{"id":"0","name":"eventBus"}}
{"__type":"$$EventMessageNode","id":"6dce521d-7b74-4e40-9758-b31095cddddc","ts":"2025-05-22T22:20:10.272+03:00","eventName":"n8n.node.started","message":"n8n.node.started","payload":{"workflowId":"nEKfZ30L6vLyUMXe","workflowName":"My workflow","executionId":"468","nodeType":"n8n-nodes-base.extractFromFile","nodeName":"Extract Preferences CSV"}}
{"__type":"$$EventMessageConfirm","confirm":"6dce521d-7b74-4e40-9758-b31095cddddc","ts":"2025-05-22T22:20:10.272+03:00","source":{"id":"0","name":"eventBus"}}
{"__type":"$$EventMessageNode","id":"0452ef9b-32f1-490d-b6f9-2b7e291561b6","ts":"2025-05-22T22:20:10.274+03:00","eventName":"n8n.node.finished","message":"n8n.node.finished","payload":{"workflowId":"nEKfZ30L6vLyUMXe","workflowName":"My workflow","executionId":"468","nodeType":"n8n-nodes-base.extractFromFile","nodeName":"Extract Preferences CSV"}}
{"__type":"$$EventMessageConfirm","confirm":"0452ef9b-32f1-490d-b6f9-2b7e291561b6","ts":"2025-05-22T22:20:10.274+03:00","source":{"id":"0","name":"eventBus"}}
{"__type":"$$EventMessageNode","id":"2fff429b-df8f-42ba-8d94-f972e6454245","ts":"2025-05-22T22:20:10.275+03:00","eventName":"n8n.node.started","message":"n8n.node.started","payload":{"workflowId":"nEKfZ30L6vLyUMXe","workflowName":"My workflow","executionId":"468","nodeType":"n8n-nodes-base.readWriteFile","nodeName":"Skills"}}
{"__type":"$$EventMessageConfirm","confirm":"2fff429b-df8f-42ba-8d94-f972e6454245","ts":"2025-05-22T22:20:10.275+03:00","source":{"id":"0","name":"eventBus"}}
{"__type":"$$EventMessageNode","id":"d221d7eb-9819-4d3a-8cdf-99cb1316ccb0","ts":"2025-05-22T22:20:10.289+03:00","eventName":"n8n.node.finished","message":"n8n.node.finished","payload":{"workflowId":"nEKfZ30L6vLyUMXe","workflowName":"My workflow","executionId":"468","nodeType":"n8n-nodes-base.readWriteFile","nodeName":"Skills"}}
{"__type":"$$EventMessageConfirm","confirm":"d221d7eb-9819-4d3a-8cdf-99cb1316ccb0","ts":"2025-05-22T22:20:10.289+03:00","source":{"id":"0","name":"eventBus"}}
{"__type":"$$EventMessageNode","id":"9502475c-2452-4519-8da1-bfa2faafaffb","ts":"2025-05-22T22:20:10.289+03:00","eventName":"n8n.node.started","message":"n8n.node.started","payload":{"workflowId":"nEKfZ30L6vLyUMXe","workflowName":"My workflow","executionId":"468","nodeType":"n8n-nodes-base.extractFromFile","nodeName":"Extract Skills CSV"}}
{"__type":"$$EventMessageConfirm","confirm":"9502475c-2452-4519-8da1-bfa2faafaffb","ts":"2025-05-22T22:20:10.289+03:00","source":{"id":"0","name":"eventBus"}}
{"__type":"$$EventMessageNode","id":"5acf1931-ab7f-4aa8-bade-6d830216e7b5","ts":"2025-05-22T22:20:10.300+03:00","eventName":"n8n.node.finished","message":"n8n.node.finished","payload":{"workflowId":"nEKfZ30L6vLyUMXe","workflowName":"My workflow","executionId":"468","nodeType":"n8n-nodes-base.extractFromFile","nodeName":"Extract Skills CSV"}}
{"__type":"$$EventMessageConfirm","confirm":"5acf1931-ab7f-4aa8-bade-6d830216e7b5","ts":"2025-05-22T22:20:10.300+03:00","source":{"id":"0","name":"eventBus"}}
{"__type":"$$EventMessageNode","id":"b7ca444e-bf4c-4893-8c26-f591296128ce","ts":"2025-05-22T22:20:10.301+03:00","eventName":"n8n.node.started","message":"n8n.node.started","payload":{"workflowId":"nEKfZ30L6vLyUMXe","workflowName":"My workflow","executionId":"468","nodeType":"n8n-nodes-base.merge","nodeName":"Merge"}}
{"__type":"$$EventMessageConfirm","confirm":"b7ca444e-bf4c-4893-8c26-f591296128ce","ts":"2025-05-22T22:20:10.301+03:00","source":{"id":"0","name":"eventBus"}}
{"__type":"$$EventMessageNode","id":"728e4b31-6f1f-40f2-88e9-84dc828d64f5","ts":"2025-05-22T22:20:10.319+03:00","eventName":"n8n.node.finished","message":"n8n.node.finished","payload":{"workflowId":"nEKfZ30L6vLyUMXe","workflowName":"My workflow","executionId":"468","nodeType":"n8n-nodes-base.merge","nodeName":"Merge"}}
{"__type":"$$EventMessageConfirm","confirm":"728e4b31-6f1f-40f2-88e9-84dc828d64f5","ts":"2025-05-22T22:20:10.319+03:00","source":{"id":"0","name":"eventBus"}}
{"__type":"$$EventMessageNode","id":"653c2f27-752f-4d52-86af-ee458fd41e07","ts":"2025-05-22T22:20:10.320+03:00","eventName":"n8n.node.started","message":"n8n.node.started","payload":{"workflowId":"nEKfZ30L6vLyUMXe","workflowName":"My workflow","executionId":"468","nodeType":"n8n-nodes-base.code","nodeName":"Code"}}
{"__type":"$$EventMessageConfirm","confirm":"653c2f27-752f-4d52-86af-ee458fd41e07","ts":"2025-05-22T22:20:10.320+03:00","source":{"id":"0","name":"eventBus"}}
{"__type":"$$EventMessageNode","id":"f77a3759-3455-4a40-b335-7448d4cd45a1","ts":"2025-05-22T22:20:10.418+03:00","eventName":"n8n.node.finished","message":"n8n.node.finished","payload":{"workflowId":"nEKfZ30L6vLyUMXe","workflowName":"My workflow","executionId":"468","nodeType":"n8n-nodes-base.code","nodeName":"Code"}}
{"__type":"$$EventMessageConfirm","confirm":"f77a3759-3455-4a40-b335-7448d4cd45a1","ts":"2025-05-22T22:20:10.418+03:00","source":{"id":"0","name":"eventBus"}}
{"__type":"$$EventMessageNode","id":"af24293d-a5bc-4dcd-803d-9a467f5ecb40","ts":"2025-05-22T22:20:10.418+03:00","eventName":"n8n.node.started","message":"n8n.node.started","payload":{"workflowId":"nEKfZ30L6vLyUMXe","workflowName":"My workflow","executionId":"468","nodeType":"n8n-nodes-base.httpRequest","nodeName":"HTTP Request"}}
{"__type":"$$EventMessageConfirm","confirm":"af24293d-a5bc-4dcd-803d-9a467f5ecb40","ts":"2025-05-22T22:20:10.418+03:00","source":{"id":"0","name":"eventBus"}}
{"__type":"$$EventMessageNode","id":"7af61e20-37d6-4a3b-815b-e218e73fb732","ts":"2025-05-22T22:20:10.889+03:00","eventName":"n8n.node.finished","message":"n8n.node.finished","payload":{"workflowId":"nEKfZ30L6vLyUMXe","workflowName":"My workflow","executionId":"468","nodeType":"n8n-nodes-base.httpRequest","nodeName":"HTTP Request"}}
{"__type":"$$EventMessageConfirm","confirm":"7af61e20-37d6-4a3b-815b-e218e73fb732","ts":"2025-05-22T22:20:10.889+03:00","source":{"id":"0","name":"eventBus"}}
{"__type":"$$EventMessageWorkflow","id":"6352a1a9-158f-4223-b8bf-91b3ae81f70d","ts":"2025-05-22T22:20:10.890+03:00","eventName":"n8n.workflow.success","message":"n8n.workflow.success","payload":{"executionId":"468","success":true,"isManual":false,"workflowId":"nEKfZ30L6vLyUMXe","workflowName":"My workflow"}}
{"__type":"$$EventMessageConfirm","confirm":"6352a1a9-158f-4223-b8bf-91b3ae81f70d","ts":"2025-05-22T22:20:10.891+03:00","source":{"id":"0","name":"eventBus"}}
{"__type":"$$EventMessageWorkflow","id":"37d528b9-c88d-4848-8ca6-78bb3e140d54","ts":"2025-05-22T22:20:44.830+03:00","eventName":"n8n.workflow.started","message":"n8n.workflow.started","payload":{"executionId":"469","workflowId":"nEKfZ30L6vLyUMXe","isManual":false,"workflowName":"My workflow"}}
{"__type":"$$EventMessageConfirm","confirm":"37d528b9-c88d-4848-8ca6-78bb3e140d54","ts":"2025-05-22T22:20:44.830+03:00","source":{"id":"0","name":"eventBus"}}
{"__type":"$$EventMessageNode","id":"c1ff9c0f-81cd-4bae-b31d-a2611e7bb73b","ts":"2025-05-22T22:20:44.831+03:00","eventName":"n8n.node.started","message":"n8n.node.started","payload":{"workflowId":"nEKfZ30L6vLyUMXe","workflowName":"My workflow","executionId":"469","nodeType":"n8n-nodes-base.webhook","nodeName":"Webhook"}}
{"__type":"$$EventMessageConfirm","confirm":"c1ff9c0f-81cd-4bae-b31d-a2611e7bb73b","ts":"2025-05-22T22:20:44.831+03:00","source":{"id":"0","name":"eventBus"}}
{"__type":"$$EventMessageNode","id":"64c4472b-1d79-447e-950c-30f2c40aa52e","ts":"2025-05-22T22:20:44.831+03:00","eventName":"n8n.node.finished","message":"n8n.node.finished","payload":{"workflowId":"nEKfZ30L6vLyUMXe","workflowName":"My workflow","executionId":"469","nodeType":"n8n-nodes-base.webhook","nodeName":"Webhook"}}
{"__type":"$$EventMessageConfirm","confirm":"64c4472b-1d79-447e-950c-30f2c40aa52e","ts":"2025-05-22T22:20:44.831+03:00","source":{"id":"0","name":"eventBus"}}
{"__type":"$$EventMessageNode","id":"c0dc511e-b88c-42d4-994c-cec5b22cb49e","ts":"2025-05-22T22:20:44.832+03:00","eventName":"n8n.node.started","message":"n8n.node.started","payload":{"workflowId":"nEKfZ30L6vLyUMXe","workflowName":"My workflow","executionId":"469","nodeType":"n8n-nodes-base.readWriteFile","nodeName":"Read/Write Files from Disk"}}
{"__type":"$$EventMessageConfirm","confirm":"c0dc511e-b88c-42d4-994c-cec5b22cb49e","ts":"2025-05-22T22:20:44.832+03:00","source":{"id":"0","name":"eventBus"}}
{"__type":"$$EventMessageNode","id":"0ca247de-4309-4eb2-bb75-cf21936c5023","ts":"2025-05-22T22:20:44.842+03:00","eventName":"n8n.node.finished","message":"n8n.node.finished","payload":{"workflowId":"nEKfZ30L6vLyUMXe","workflowName":"My workflow","executionId":"469","nodeType":"n8n-nodes-base.readWriteFile","nodeName":"Read/Write Files from Disk"}}
{"__type":"$$EventMessageConfirm","confirm":"0ca247de-4309-4eb2-bb75-cf21936c5023","ts":"2025-05-22T22:20:44.843+03:00","source":{"id":"0","name":"eventBus"}}
{"__type":"$$EventMessageNode","id":"661bb118-944a-4d6e-b43e-38e6019a9c0e","ts":"2025-05-22T22:20:44.843+03:00","eventName":"n8n.node.started","message":"n8n.node.started","payload":{"workflowId":"nEKfZ30L6vLyUMXe","workflowName":"My workflow","executionId":"469","nodeType":"n8n-nodes-base.set","nodeName":"Edit Fields"}}
{"__type":"$$EventMessageConfirm","confirm":"661bb118-944a-4d6e-b43e-38e6019a9c0e","ts":"2025-05-22T22:20:44.843+03:00","source":{"id":"0","name":"eventBus"}}
{"__type":"$$EventMessageNode","id":"c97c2269-f53e-42ef-9550-cbaefce14f06","ts":"2025-05-22T22:20:44.848+03:00","eventName":"n8n.node.finished","message":"n8n.node.finished","payload":{"workflowId":"nEKfZ30L6vLyUMXe","workflowName":"My workflow","executionId":"469","nodeType":"n8n-nodes-base.set","nodeName":"Edit Fields"}}
{"__type":"$$EventMessageConfirm","confirm":"c97c2269-f53e-42ef-9550-cbaefce14f06","ts":"2025-05-22T22:20:44.848+03:00","source":{"id":"0","name":"eventBus"}}
{"__type":"$$EventMessageNode","id":"a02ee982-f381-4103-bf68-b08f51b5baa9","ts":"2025-05-22T22:20:44.848+03:00","eventName":"n8n.node.started","message":"n8n.node.started","payload":{"workflowId":"nEKfZ30L6vLyUMXe","workflowName":"My workflow","executionId":"469","nodeType":"n8n-nodes-base.code","nodeName":"Ayar"}}
{"__type":"$$EventMessageConfirm","confirm":"a02ee982-f381-4103-bf68-b08f51b5baa9","ts":"2025-05-22T22:20:44.848+03:00","source":{"id":"0","name":"eventBus"}}
{"__type":"$$EventMessageNode","id":"2e15e5ce-b4d5-4288-8a16-0642fc365896","ts":"2025-05-22T22:20:44.866+03:00","eventName":"n8n.node.finished","message":"n8n.node.finished","payload":{"workflowId":"nEKfZ30L6vLyUMXe","workflowName":"My workflow","executionId":"469","nodeType":"n8n-nodes-base.code","nodeName":"Ayar"}}
{"__type":"$$EventMessageConfirm","confirm":"2e15e5ce-b4d5-4288-8a16-0642fc365896","ts":"2025-05-22T22:20:44.866+03:00","source":{"id":"0","name":"eventBus"}}
{"__type":"$$EventMessageNode","id":"8e32762f-ce26-4387-833a-56f670679b54","ts":"2025-05-22T22:20:44.866+03:00","eventName":"n8n.node.started","message":"n8n.node.started","payload":{"workflowId":"nEKfZ30L6vLyUMXe","workflowName":"My workflow","executionId":"469","nodeType":"n8n-nodes-base.readWriteFile","nodeName":"Employees"}}
{"__type":"$$EventMessageConfirm","confirm":"8e32762f-ce26-4387-833a-56f670679b54","ts":"2025-05-22T22:20:44.867+03:00","source":{"id":"0","name":"eventBus"}}
{"__type":"$$EventMessageNode","id":"d4aad041-6c27-42a6-81e1-066086715d50","ts":"2025-05-22T22:20:44.876+03:00","eventName":"n8n.node.finished","message":"n8n.node.finished","payload":{"workflowId":"nEKfZ30L6vLyUMXe","workflowName":"My workflow","executionId":"469","nodeType":"n8n-nodes-base.readWriteFile","nodeName":"Employees"}}
{"__type":"$$EventMessageConfirm","confirm":"d4aad041-6c27-42a6-81e1-066086715d50","ts":"2025-05-22T22:20:44.877+03:00","source":{"id":"0","name":"eventBus"}}
{"__type":"$$EventMessageNode","id":"a96f046e-6956-449f-9d0a-507d4172ac2d","ts":"2025-05-22T22:20:44.877+03:00","eventName":"n8n.node.started","message":"n8n.node.started","payload":{"workflowId":"nEKfZ30L6vLyUMXe","workflowName":"My workflow","executionId":"469","nodeType":"n8n-nodes-base.extractFromFile","nodeName":"Extract Employees CSV"}}
{"__type":"$$EventMessageConfirm","confirm":"a96f046e-6956-449f-9d0a-507d4172ac2d","ts":"2025-05-22T22:20:44.877+03:00","source":{"id":"0","name":"eventBus"}}
{"__type":"$$EventMessageNode","id":"9e6a6f1e-e71c-4155-879a-cac1ba5b1daa","ts":"2025-05-22T22:20:44.884+03:00","eventName":"n8n.node.finished","message":"n8n.node.finished","payload":{"workflowId":"nEKfZ30L6vLyUMXe","workflowName":"My workflow","executionId":"469","nodeType":"n8n-nodes-base.extractFromFile","nodeName":"Extract Employees CSV"}}
{"__type":"$$EventMessageConfirm","confirm":"9e6a6f1e-e71c-4155-879a-cac1ba5b1daa","ts":"2025-05-22T22:20:44.885+03:00","source":{"id":"0","name":"eventBus"}}
{"__type":"$$EventMessageNode","id":"242fc41f-61bd-4334-9a57-b34da50defe0","ts":"2025-05-22T22:20:44.886+03:00","eventName":"n8n.node.started","message":"n8n.node.started","payload":{"workflowId":"nEKfZ30L6vLyUMXe","workflowName":"My workflow","executionId":"469","nodeType":"n8n-nodes-base.readWriteFile","nodeName":"Shifts"}}
{"__type":"$$EventMessageConfirm","confirm":"242fc41f-61bd-4334-9a57-b34da50defe0","ts":"2025-05-22T22:20:44.886+03:00","source":{"id":"0","name":"eventBus"}}
{"__type":"$$EventMessageNode","id":"453785e0-96d2-4280-9781-1174363802c4","ts":"2025-05-22T22:20:44.896+03:00","eventName":"n8n.node.finished","message":"n8n.node.finished","payload":{"workflowId":"nEKfZ30L6vLyUMXe","workflowName":"My workflow","executionId":"469","nodeType":"n8n-nodes-base.readWriteFile","nodeName":"Shifts"}}
{"__type":"$$EventMessageConfirm","confirm":"453785e0-96d2-4280-9781-1174363802c4","ts":"2025-05-22T22:20:44.896+03:00","source":{"id":"0","name":"eventBus"}}
{"__type":"$$EventMessageNode","id":"eae9d892-fda8-4ce7-868f-931ef1c02789","ts":"2025-05-22T22:20:44.896+03:00","eventName":"n8n.node.started","message":"n8n.node.started","payload":{"workflowId":"nEKfZ30L6vLyUMXe","workflowName":"My workflow","executionId":"469","nodeType":"n8n-nodes-base.extractFromFile","nodeName":"Extract Shifts CSV"}}
{"__type":"$$EventMessageConfirm","confirm":"eae9d892-fda8-4ce7-868f-931ef1c02789","ts":"2025-05-22T22:20:44.896+03:00","source":{"id":"0","name":"eventBus"}}
{"__type":"$$EventMessageNode","id":"9b1d4f6b-c7d8-46f1-be45-572e80038a42","ts":"2025-05-22T22:20:44.904+03:00","eventName":"n8n.node.finished","message":"n8n.node.finished","payload":{"workflowId":"nEKfZ30L6vLyUMXe","workflowName":"My workflow","executionId":"469","nodeType":"n8n-nodes-base.extractFromFile","nodeName":"Extract Shifts CSV"}}
{"__type":"$$EventMessageConfirm","confirm":"9b1d4f6b-c7d8-46f1-be45-572e80038a42","ts":"2025-05-22T22:20:44.904+03:00","source":{"id":"0","name":"eventBus"}}
{"__type":"$$EventMessageNode","id":"34d1bd8e-3f12-4884-b7b6-88b85ac0a469","ts":"2025-05-22T22:20:44.905+03:00","eventName":"n8n.node.started","message":"n8n.node.started","payload":{"workflowId":"nEKfZ30L6vLyUMXe","workflowName":"My workflow","executionId":"469","nodeType":"n8n-nodes-base.readWriteFile","nodeName":"Avaibility"}}
{"__type":"$$EventMessageConfirm","confirm":"34d1bd8e-3f12-4884-b7b6-88b85ac0a469","ts":"2025-05-22T22:20:44.905+03:00","source":{"id":"0","name":"eventBus"}}
{"__type":"$$EventMessageNode","id":"099c0d34-14f9-4082-9e52-dd1a14fddf02","ts":"2025-05-22T22:20:44.914+03:00","eventName":"n8n.node.finished","message":"n8n.node.finished","payload":{"workflowId":"nEKfZ30L6vLyUMXe","workflowName":"My workflow","executionId":"469","nodeType":"n8n-nodes-base.readWriteFile","nodeName":"Avaibility"}}
{"__type":"$$EventMessageConfirm","confirm":"099c0d34-14f9-4082-9e52-dd1a14fddf02","ts":"2025-05-22T22:20:44.914+03:00","source":{"id":"0","name":"eventBus"}}
{"__type":"$$EventMessageNode","id":"b5514a83-a78b-4ac3-89bf-02e506fe593c","ts":"2025-05-22T22:20:44.914+03:00","eventName":"n8n.node.started","message":"n8n.node.started","payload":{"workflowId":"nEKfZ30L6vLyUMXe","workflowName":"My workflow","executionId":"469","nodeType":"n8n-nodes-base.extractFromFile","nodeName":"Extract Availability CSV"}}
{"__type":"$$EventMessageConfirm","confirm":"b5514a83-a78b-4ac3-89bf-02e506fe593c","ts":"2025-05-22T22:20:44.915+03:00","source":{"id":"0","name":"eventBus"}}
{"__type":"$$EventMessageNode","id":"e5b08b9c-d7eb-4896-a4c1-57ab5477570a","ts":"2025-05-22T22:20:44.930+03:00","eventName":"n8n.node.finished","message":"n8n.node.finished","payload":{"workflowId":"nEKfZ30L6vLyUMXe","workflowName":"My workflow","executionId":"469","nodeType":"n8n-nodes-base.extractFromFile","nodeName":"Extract Availability CSV"}}
{"__type":"$$EventMessageConfirm","confirm":"e5b08b9c-d7eb-4896-a4c1-57ab5477570a","ts":"2025-05-22T22:20:44.930+03:00","source":{"id":"0","name":"eventBus"}}
{"__type":"$$EventMessageNode","id":"080b866b-9cf5-47bf-9a49-5e0b11d3b1d8","ts":"2025-05-22T22:20:44.931+03:00","eventName":"n8n.node.started","message":"n8n.node.started","payload":{"workflowId":"nEKfZ30L6vLyUMXe","workflowName":"My workflow","executionId":"469","nodeType":"n8n-nodes-base.readWriteFile","nodeName":"Oku Temel Konfig"}}
{"__type":"$$EventMessageConfirm","confirm":"080b866b-9cf5-47bf-9a49-5e0b11d3b1d8","ts":"2025-05-22T22:20:44.931+03:00","source":{"id":"0","name":"eventBus"}}
{"__type":"$$EventMessageNode","id":"8bcdff5e-7178-45c5-837a-57a42d4d2b4e","ts":"2025-05-22T22:20:44.939+03:00","eventName":"n8n.node.finished","message":"n8n.node.finished","payload":{"workflowId":"nEKfZ30L6vLyUMXe","workflowName":"My workflow","executionId":"469","nodeType":"n8n-nodes-base.readWriteFile","nodeName":"Oku Temel Konfig"}}
{"__type":"$$EventMessageConfirm","confirm":"8bcdff5e-7178-45c5-837a-57a42d4d2b4e","ts":"2025-05-22T22:20:44.939+03:00","source":{"id":"0","name":"eventBus"}}
{"__type":"$$EventMessageNode","id":"04ed88d7-e54c-4350-a823-3d0a61f2417d","ts":"2025-05-22T22:20:44.939+03:00","eventName":"n8n.node.started","message":"n8n.node.started","payload":{"workflowId":"nEKfZ30L6vLyUMXe","workflowName":"My workflow","executionId":"469","nodeType":"n8n-nodes-base.readWriteFile","nodeName":"Preferences"}}
{"__type":"$$EventMessageConfirm","confirm":"04ed88d7-e54c-4350-a823-3d0a61f2417d","ts":"2025-05-22T22:20:44.939+03:00","source":{"id":"0","name":"eventBus"}}
{"__type":"$$EventMessageNode","id":"e93ea570-880e-4871-857b-16a6123921b7","ts":"2025-05-22T22:20:44.949+03:00","eventName":"n8n.node.finished","message":"n8n.node.finished","payload":{"workflowId":"nEKfZ30L6vLyUMXe","workflowName":"My workflow","executionId":"469","nodeType":"n8n-nodes-base.readWriteFile","nodeName":"Preferences"}}
{"__type":"$$EventMessageConfirm","confirm":"e93ea570-880e-4871-857b-16a6123921b7","ts":"2025-05-22T22:20:44.949+03:00","source":{"id":"0","name":"eventBus"}}
{"__type":"$$EventMessageNode","id":"45d2b249-0420-440c-a0f1-f99d677545eb","ts":"2025-05-22T22:20:44.949+03:00","eventName":"n8n.node.started","message":"n8n.node.started","payload":{"workflowId":"nEKfZ30L6vLyUMXe","workflowName":"My workflow","executionId":"469","nodeType":"n8n-nodes-base.extractFromFile","nodeName":"Extract Preferences CSV"}}
{"__type":"$$EventMessageConfirm","confirm":"45d2b249-0420-440c-a0f1-f99d677545eb","ts":"2025-05-22T22:20:44.949+03:00","source":{"id":"0","name":"eventBus"}}
{"__type":"$$EventMessageNode","id":"3cda0566-1c06-48d8-8ca2-dbdbb4621ba0","ts":"2025-05-22T22:20:44.954+03:00","eventName":"n8n.node.finished","message":"n8n.node.finished","payload":{"workflowId":"nEKfZ30L6vLyUMXe","workflowName":"My workflow","executionId":"469","nodeType":"n8n-nodes-base.extractFromFile","nodeName":"Extract Preferences CSV"}}
{"__type":"$$EventMessageConfirm","confirm":"3cda0566-1c06-48d8-8ca2-dbdbb4621ba0","ts":"2025-05-22T22:20:44.954+03:00","source":{"id":"0","name":"eventBus"}}
{"__type":"$$EventMessageNode","id":"646eaab2-a5b4-4416-94df-0f858fb8c939","ts":"2025-05-22T22:20:44.955+03:00","eventName":"n8n.node.started","message":"n8n.node.started","payload":{"workflowId":"nEKfZ30L6vLyUMXe","workflowName":"My workflow","executionId":"469","nodeType":"n8n-nodes-base.readWriteFile","nodeName":"Skills"}}
{"__type":"$$EventMessageConfirm","confirm":"646eaab2-a5b4-4416-94df-0f858fb8c939","ts":"2025-05-22T22:20:44.955+03:00","source":{"id":"0","name":"eventBus"}}
{"__type":"$$EventMessageNode","id":"aa31b118-cbfc-46e7-ae70-37836b8ca38a","ts":"2025-05-22T22:20:44.963+03:00","eventName":"n8n.node.finished","message":"n8n.node.finished","payload":{"workflowId":"nEKfZ30L6vLyUMXe","workflowName":"My workflow","executionId":"469","nodeType":"n8n-nodes-base.readWriteFile","nodeName":"Skills"}}
{"__type":"$$EventMessageConfirm","confirm":"aa31b118-cbfc-46e7-ae70-37836b8ca38a","ts":"2025-05-22T22:20:44.963+03:00","source":{"id":"0","name":"eventBus"}}
{"__type":"$$EventMessageNode","id":"98952ae4-bb2b-4e28-b3d8-8e7e5aec178f","ts":"2025-05-22T22:20:44.964+03:00","eventName":"n8n.node.started","message":"n8n.node.started","payload":{"workflowId":"nEKfZ30L6vLyUMXe","workflowName":"My workflow","executionId":"469","nodeType":"n8n-nodes-base.extractFromFile","nodeName":"Extract Skills CSV"}}
{"__type":"$$EventMessageConfirm","confirm":"98952ae4-bb2b-4e28-b3d8-8e7e5aec178f","ts":"2025-05-22T22:20:44.964+03:00","source":{"id":"0","name":"eventBus"}}
{"__type":"$$EventMessageNode","id":"5003747b-0d04-484a-b1d6-99f1e307f8d4","ts":"2025-05-22T22:20:44.968+03:00","eventName":"n8n.node.finished","message":"n8n.node.finished","payload":{"workflowId":"nEKfZ30L6vLyUMXe","workflowName":"My workflow","executionId":"469","nodeType":"n8n-nodes-base.extractFromFile","nodeName":"Extract Skills CSV"}}
{"__type":"$$EventMessageConfirm","confirm":"5003747b-0d04-484a-b1d6-99f1e307f8d4","ts":"2025-05-22T22:20:44.968+03:00","source":{"id":"0","name":"eventBus"}}
{"__type":"$$EventMessageNode","id":"ba7f744e-330a-49e6-b901-dd20b23aed91","ts":"2025-05-22T22:20:44.968+03:00","eventName":"n8n.node.started","message":"n8n.node.started","payload":{"workflowId":"nEKfZ30L6vLyUMXe","workflowName":"My workflow","executionId":"469","nodeType":"n8n-nodes-base.merge","nodeName":"Merge"}}
{"__type":"$$EventMessageConfirm","confirm":"ba7f744e-330a-49e6-b901-dd20b23aed91","ts":"2025-05-22T22:20:44.968+03:00","source":{"id":"0","name":"eventBus"}}
{"__type":"$$EventMessageNode","id":"676d154f-cdba-4136-81f1-eeb6d1511526","ts":"2025-05-22T22:20:44.974+03:00","eventName":"n8n.node.finished","message":"n8n.node.finished","payload":{"workflowId":"nEKfZ30L6vLyUMXe","workflowName":"My workflow","executionId":"469","nodeType":"n8n-nodes-base.merge","nodeName":"Merge"}}
{"__type":"$$EventMessageConfirm","confirm":"676d154f-cdba-4136-81f1-eeb6d1511526","ts":"2025-05-22T22:20:44.974+03:00","source":{"id":"0","name":"eventBus"}}
{"__type":"$$EventMessageNode","id":"de1fe8b4-b585-4a8d-a9e9-10611d6eb3da","ts":"2025-05-22T22:20:44.975+03:00","eventName":"n8n.node.started","message":"n8n.node.started","payload":{"workflowId":"nEKfZ30L6vLyUMXe","workflowName":"My workflow","executionId":"469","nodeType":"n8n-nodes-base.code","nodeName":"Code"}}
{"__type":"$$EventMessageConfirm","confirm":"de1fe8b4-b585-4a8d-a9e9-10611d6eb3da","ts":"2025-05-22T22:20:44.975+03:00","source":{"id":"0","name":"eventBus"}}
{"__type":"$$EventMessageNode","id":"3fdcc347-eaa8-4b01-b460-aafc1bf5d5b9","ts":"2025-05-22T22:20:45.093+03:00","eventName":"n8n.node.finished","message":"n8n.node.finished","payload":{"workflowId":"nEKfZ30L6vLyUMXe","workflowName":"My workflow","executionId":"469","nodeType":"n8n-nodes-base.code","nodeName":"Code"}}
{"__type":"$$EventMessageConfirm","confirm":"3fdcc347-eaa8-4b01-b460-aafc1bf5d5b9","ts":"2025-05-22T22:20:45.094+03:00","source":{"id":"0","name":"eventBus"}}
{"__type":"$$EventMessageNode","id":"959f370b-978f-40ab-b394-afffebf3e5e0","ts":"2025-05-22T22:20:45.094+03:00","eventName":"n8n.node.started","message":"n8n.node.started","payload":{"workflowId":"nEKfZ30L6vLyUMXe","workflowName":"My workflow","executionId":"469","nodeType":"n8n-nodes-base.httpRequest","nodeName":"HTTP Request"}}
{"__type":"$$EventMessageConfirm","confirm":"959f370b-978f-40ab-b394-afffebf3e5e0","ts":"2025-05-22T22:20:45.094+03:00","source":{"id":"0","name":"eventBus"}}
{"__type":"$$EventMessageNode","id":"9b85619e-b728-4316-acf8-c8f82b56ea5c","ts":"2025-05-22T22:20:52.025+03:00","eventName":"n8n.node.finished","message":"n8n.node.finished","payload":{"workflowId":"nEKfZ30L6vLyUMXe","workflowName":"My workflow","executionId":"469","nodeType":"n8n-nodes-base.httpRequest","nodeName":"HTTP Request"}}
{"__type":"$$EventMessageConfirm","confirm":"9b85619e-b728-4316-acf8-c8f82b56ea5c","ts":"2025-05-22T22:20:52.026+03:00","source":{"id":"0","name":"eventBus"}}
{"__type":"$$EventMessageWorkflow","id":"5ac9f45a-ed55-4fcf-b93e-126f9e489576","ts":"2025-05-22T22:20:52.026+03:00","eventName":"n8n.workflow.success","message":"n8n.workflow.success","payload":{"executionId":"469","success":true,"isManual":false,"workflowId":"nEKfZ30L6vLyUMXe","workflowName":"My workflow"}}
{"__type":"$$EventMessageConfirm","confirm":"5ac9f45a-ed55-4fcf-b93e-126f9e489576","ts":"2025-05-22T22:20:52.026+03:00","source":{"id":"0","name":"eventBus"}}
