{"__type":"$$EventMessageWorkflow","id":"24394807-10ce-495a-bdbe-9b1ad58bea01","ts":"2025-05-23T16:54:58.090+03:00","eventName":"n8n.workflow.started","message":"n8n.workflow.started","payload":{"executionId":"470","workflowId":"nEKfZ30L6vLyUMXe","isManual":false,"workflowName":"My workflow"}}
{"__type":"$$EventMessageConfirm","confirm":"24394807-10ce-495a-bdbe-9b1ad58bea01","ts":"2025-05-23T16:54:58.091+03:00","source":{"id":"0","name":"eventBus"}}
{"__type":"$$EventMessageNode","id":"800cb5aa-0ab9-4854-9571-a00c94e142f7","ts":"2025-05-23T16:54:58.092+03:00","eventName":"n8n.node.started","message":"n8n.node.started","payload":{"workflowId":"nEKfZ30L6vLyUMXe","workflowName":"My workflow","executionId":"470","nodeType":"n8n-nodes-base.webhook","nodeName":"Webhook"}}
{"__type":"$$EventMessageConfirm","confirm":"800cb5aa-0ab9-4854-9571-a00c94e142f7","ts":"2025-05-23T16:54:58.092+03:00","source":{"id":"0","name":"eventBus"}}
{"__type":"$$EventMessageNode","id":"eb6db0c0-2baa-4206-af29-4ddeac8277f2","ts":"2025-05-23T16:54:58.095+03:00","eventName":"n8n.node.finished","message":"n8n.node.finished","payload":{"workflowId":"nEKfZ30L6vLyUMXe","workflowName":"My workflow","executionId":"470","nodeType":"n8n-nodes-base.webhook","nodeName":"Webhook"}}
{"__type":"$$EventMessageConfirm","confirm":"eb6db0c0-2baa-4206-af29-4ddeac8277f2","ts":"2025-05-23T16:54:58.096+03:00","source":{"id":"0","name":"eventBus"}}
{"__type":"$$EventMessageNode","id":"b156b870-7cf4-4ae1-aeab-ef1857e3dd9e","ts":"2025-05-23T16:54:58.096+03:00","eventName":"n8n.node.started","message":"n8n.node.started","payload":{"workflowId":"nEKfZ30L6vLyUMXe","workflowName":"My workflow","executionId":"470","nodeType":"n8n-nodes-base.readWriteFile","nodeName":"Read/Write Files from Disk"}}
{"__type":"$$EventMessageConfirm","confirm":"b156b870-7cf4-4ae1-aeab-ef1857e3dd9e","ts":"2025-05-23T16:54:58.097+03:00","source":{"id":"0","name":"eventBus"}}
{"__type":"$$EventMessageNode","id":"f594b583-f9ec-43c9-8f2a-842bd1a8e320","ts":"2025-05-23T16:54:58.114+03:00","eventName":"n8n.node.finished","message":"n8n.node.finished","payload":{"workflowId":"nEKfZ30L6vLyUMXe","workflowName":"My workflow","executionId":"470","nodeType":"n8n-nodes-base.readWriteFile","nodeName":"Read/Write Files from Disk"}}
{"__type":"$$EventMessageConfirm","confirm":"f594b583-f9ec-43c9-8f2a-842bd1a8e320","ts":"2025-05-23T16:54:58.115+03:00","source":{"id":"0","name":"eventBus"}}
{"__type":"$$EventMessageNode","id":"c94ac415-6f25-4399-bc0b-3270a39e40f8","ts":"2025-05-23T16:54:58.115+03:00","eventName":"n8n.node.started","message":"n8n.node.started","payload":{"workflowId":"nEKfZ30L6vLyUMXe","workflowName":"My workflow","executionId":"470","nodeType":"n8n-nodes-base.set","nodeName":"Edit Fields"}}
{"__type":"$$EventMessageConfirm","confirm":"c94ac415-6f25-4399-bc0b-3270a39e40f8","ts":"2025-05-23T16:54:58.115+03:00","source":{"id":"0","name":"eventBus"}}
{"__type":"$$EventMessageNode","id":"1ce58b25-2298-4be7-ba15-6e25cf4ba374","ts":"2025-05-23T16:54:58.175+03:00","eventName":"n8n.node.finished","message":"n8n.node.finished","payload":{"workflowId":"nEKfZ30L6vLyUMXe","workflowName":"My workflow","executionId":"470","nodeType":"n8n-nodes-base.set","nodeName":"Edit Fields"}}
{"__type":"$$EventMessageConfirm","confirm":"1ce58b25-2298-4be7-ba15-6e25cf4ba374","ts":"2025-05-23T16:54:58.175+03:00","source":{"id":"0","name":"eventBus"}}
{"__type":"$$EventMessageNode","id":"3f10ca97-fd1d-4724-8669-2d9d14f082a7","ts":"2025-05-23T16:54:58.176+03:00","eventName":"n8n.node.started","message":"n8n.node.started","payload":{"workflowId":"nEKfZ30L6vLyUMXe","workflowName":"My workflow","executionId":"470","nodeType":"n8n-nodes-base.code","nodeName":"Ayar"}}
{"__type":"$$EventMessageConfirm","confirm":"3f10ca97-fd1d-4724-8669-2d9d14f082a7","ts":"2025-05-23T16:54:58.176+03:00","source":{"id":"0","name":"eventBus"}}
{"__type":"$$EventMessageNode","id":"97c4634c-a159-42f0-9892-c5aadd9e089e","ts":"2025-05-23T16:54:58.216+03:00","eventName":"n8n.node.finished","message":"n8n.node.finished","payload":{"workflowId":"nEKfZ30L6vLyUMXe","workflowName":"My workflow","executionId":"470","nodeType":"n8n-nodes-base.code","nodeName":"Ayar"}}
{"__type":"$$EventMessageConfirm","confirm":"97c4634c-a159-42f0-9892-c5aadd9e089e","ts":"2025-05-23T16:54:58.216+03:00","source":{"id":"0","name":"eventBus"}}
{"__type":"$$EventMessageNode","id":"14d52f16-d608-4942-b081-129f1395d748","ts":"2025-05-23T16:54:58.217+03:00","eventName":"n8n.node.started","message":"n8n.node.started","payload":{"workflowId":"nEKfZ30L6vLyUMXe","workflowName":"My workflow","executionId":"470","nodeType":"n8n-nodes-base.readWriteFile","nodeName":"Employees"}}
{"__type":"$$EventMessageConfirm","confirm":"14d52f16-d608-4942-b081-129f1395d748","ts":"2025-05-23T16:54:58.217+03:00","source":{"id":"0","name":"eventBus"}}
{"__type":"$$EventMessageNode","id":"9732654c-27fd-428f-8ea3-69648558790c","ts":"2025-05-23T16:54:58.247+03:00","eventName":"n8n.node.finished","message":"n8n.node.finished","payload":{"workflowId":"nEKfZ30L6vLyUMXe","workflowName":"My workflow","executionId":"470","nodeType":"n8n-nodes-base.readWriteFile","nodeName":"Employees"}}
{"__type":"$$EventMessageConfirm","confirm":"9732654c-27fd-428f-8ea3-69648558790c","ts":"2025-05-23T16:54:58.248+03:00","source":{"id":"0","name":"eventBus"}}
{"__type":"$$EventMessageNode","id":"e46bb121-868d-4441-a75e-207586ca9245","ts":"2025-05-23T16:54:58.248+03:00","eventName":"n8n.node.started","message":"n8n.node.started","payload":{"workflowId":"nEKfZ30L6vLyUMXe","workflowName":"My workflow","executionId":"470","nodeType":"n8n-nodes-base.extractFromFile","nodeName":"Extract Employees CSV"}}
{"__type":"$$EventMessageConfirm","confirm":"e46bb121-868d-4441-a75e-207586ca9245","ts":"2025-05-23T16:54:58.248+03:00","source":{"id":"0","name":"eventBus"}}
{"__type":"$$EventMessageNode","id":"04547f78-ceb8-426e-afb4-47d7a9fa7760","ts":"2025-05-23T16:54:58.268+03:00","eventName":"n8n.node.finished","message":"n8n.node.finished","payload":{"workflowId":"nEKfZ30L6vLyUMXe","workflowName":"My workflow","executionId":"470","nodeType":"n8n-nodes-base.extractFromFile","nodeName":"Extract Employees CSV"}}
{"__type":"$$EventMessageConfirm","confirm":"04547f78-ceb8-426e-afb4-47d7a9fa7760","ts":"2025-05-23T16:54:58.268+03:00","source":{"id":"0","name":"eventBus"}}
{"__type":"$$EventMessageNode","id":"0e812577-794b-4a2a-8c35-7e4555e41393","ts":"2025-05-23T16:54:58.269+03:00","eventName":"n8n.node.started","message":"n8n.node.started","payload":{"workflowId":"nEKfZ30L6vLyUMXe","workflowName":"My workflow","executionId":"470","nodeType":"n8n-nodes-base.readWriteFile","nodeName":"Shifts"}}
{"__type":"$$EventMessageConfirm","confirm":"0e812577-794b-4a2a-8c35-7e4555e41393","ts":"2025-05-23T16:54:58.269+03:00","source":{"id":"0","name":"eventBus"}}
{"__type":"$$EventMessageNode","id":"1ff07846-dba4-472d-ac29-c02233044f87","ts":"2025-05-23T16:54:58.296+03:00","eventName":"n8n.node.finished","message":"n8n.node.finished","payload":{"workflowId":"nEKfZ30L6vLyUMXe","workflowName":"My workflow","executionId":"470","nodeType":"n8n-nodes-base.readWriteFile","nodeName":"Shifts"}}
{"__type":"$$EventMessageConfirm","confirm":"1ff07846-dba4-472d-ac29-c02233044f87","ts":"2025-05-23T16:54:58.296+03:00","source":{"id":"0","name":"eventBus"}}
{"__type":"$$EventMessageNode","id":"c103d07a-8bb4-45f5-b216-3a32948ef5ee","ts":"2025-05-23T16:54:58.296+03:00","eventName":"n8n.node.started","message":"n8n.node.started","payload":{"workflowId":"nEKfZ30L6vLyUMXe","workflowName":"My workflow","executionId":"470","nodeType":"n8n-nodes-base.extractFromFile","nodeName":"Extract Shifts CSV"}}
{"__type":"$$EventMessageConfirm","confirm":"c103d07a-8bb4-45f5-b216-3a32948ef5ee","ts":"2025-05-23T16:54:58.297+03:00","source":{"id":"0","name":"eventBus"}}
{"__type":"$$EventMessageNode","id":"8428cb29-e2f7-4f30-ba75-044dbef96220","ts":"2025-05-23T16:54:58.306+03:00","eventName":"n8n.node.finished","message":"n8n.node.finished","payload":{"workflowId":"nEKfZ30L6vLyUMXe","workflowName":"My workflow","executionId":"470","nodeType":"n8n-nodes-base.extractFromFile","nodeName":"Extract Shifts CSV"}}
{"__type":"$$EventMessageConfirm","confirm":"8428cb29-e2f7-4f30-ba75-044dbef96220","ts":"2025-05-23T16:54:58.307+03:00","source":{"id":"0","name":"eventBus"}}
{"__type":"$$EventMessageNode","id":"919f017c-6d15-46bd-aec8-b9e49795d67c","ts":"2025-05-23T16:54:58.307+03:00","eventName":"n8n.node.started","message":"n8n.node.started","payload":{"workflowId":"nEKfZ30L6vLyUMXe","workflowName":"My workflow","executionId":"470","nodeType":"n8n-nodes-base.readWriteFile","nodeName":"Avaibility"}}
{"__type":"$$EventMessageConfirm","confirm":"919f017c-6d15-46bd-aec8-b9e49795d67c","ts":"2025-05-23T16:54:58.307+03:00","source":{"id":"0","name":"eventBus"}}
{"__type":"$$EventMessageNode","id":"c7bf0061-5b93-4bb1-bddd-68ddc20b0f3e","ts":"2025-05-23T16:54:58.339+03:00","eventName":"n8n.node.finished","message":"n8n.node.finished","payload":{"workflowId":"nEKfZ30L6vLyUMXe","workflowName":"My workflow","executionId":"470","nodeType":"n8n-nodes-base.readWriteFile","nodeName":"Avaibility"}}
{"__type":"$$EventMessageConfirm","confirm":"c7bf0061-5b93-4bb1-bddd-68ddc20b0f3e","ts":"2025-05-23T16:54:58.339+03:00","source":{"id":"0","name":"eventBus"}}
{"__type":"$$EventMessageNode","id":"69a3e8bd-578b-4f9a-85e1-ba9283abe256","ts":"2025-05-23T16:54:58.339+03:00","eventName":"n8n.node.started","message":"n8n.node.started","payload":{"workflowId":"nEKfZ30L6vLyUMXe","workflowName":"My workflow","executionId":"470","nodeType":"n8n-nodes-base.extractFromFile","nodeName":"Extract Availability CSV"}}
{"__type":"$$EventMessageConfirm","confirm":"69a3e8bd-578b-4f9a-85e1-ba9283abe256","ts":"2025-05-23T16:54:58.339+03:00","source":{"id":"0","name":"eventBus"}}
{"__type":"$$EventMessageNode","id":"51bd5923-c3aa-4f64-9b72-22a26fe44f20","ts":"2025-05-23T16:54:58.355+03:00","eventName":"n8n.node.finished","message":"n8n.node.finished","payload":{"workflowId":"nEKfZ30L6vLyUMXe","workflowName":"My workflow","executionId":"470","nodeType":"n8n-nodes-base.extractFromFile","nodeName":"Extract Availability CSV"}}
{"__type":"$$EventMessageConfirm","confirm":"51bd5923-c3aa-4f64-9b72-22a26fe44f20","ts":"2025-05-23T16:54:58.355+03:00","source":{"id":"0","name":"eventBus"}}
{"__type":"$$EventMessageNode","id":"fcb9fed1-9c6b-4b06-8cdb-f3410c3551a3","ts":"2025-05-23T16:54:58.356+03:00","eventName":"n8n.node.started","message":"n8n.node.started","payload":{"workflowId":"nEKfZ30L6vLyUMXe","workflowName":"My workflow","executionId":"470","nodeType":"n8n-nodes-base.readWriteFile","nodeName":"Oku Temel Konfig"}}
{"__type":"$$EventMessageConfirm","confirm":"fcb9fed1-9c6b-4b06-8cdb-f3410c3551a3","ts":"2025-05-23T16:54:58.356+03:00","source":{"id":"0","name":"eventBus"}}
{"__type":"$$EventMessageNode","id":"ee81dd4a-ff1f-4fe0-9764-529161544243","ts":"2025-05-23T16:54:58.370+03:00","eventName":"n8n.node.finished","message":"n8n.node.finished","payload":{"workflowId":"nEKfZ30L6vLyUMXe","workflowName":"My workflow","executionId":"470","nodeType":"n8n-nodes-base.readWriteFile","nodeName":"Oku Temel Konfig"}}
{"__type":"$$EventMessageConfirm","confirm":"ee81dd4a-ff1f-4fe0-9764-529161544243","ts":"2025-05-23T16:54:58.371+03:00","source":{"id":"0","name":"eventBus"}}
{"__type":"$$EventMessageNode","id":"c608232e-2b1e-423c-935e-090295a53e44","ts":"2025-05-23T16:54:58.371+03:00","eventName":"n8n.node.started","message":"n8n.node.started","payload":{"workflowId":"nEKfZ30L6vLyUMXe","workflowName":"My workflow","executionId":"470","nodeType":"n8n-nodes-base.readWriteFile","nodeName":"Preferences"}}
{"__type":"$$EventMessageConfirm","confirm":"c608232e-2b1e-423c-935e-090295a53e44","ts":"2025-05-23T16:54:58.371+03:00","source":{"id":"0","name":"eventBus"}}
{"__type":"$$EventMessageNode","id":"d4edd658-2815-4f1e-ba05-e4b00e108748","ts":"2025-05-23T16:54:58.396+03:00","eventName":"n8n.node.finished","message":"n8n.node.finished","payload":{"workflowId":"nEKfZ30L6vLyUMXe","workflowName":"My workflow","executionId":"470","nodeType":"n8n-nodes-base.readWriteFile","nodeName":"Preferences"}}
{"__type":"$$EventMessageConfirm","confirm":"d4edd658-2815-4f1e-ba05-e4b00e108748","ts":"2025-05-23T16:54:58.396+03:00","source":{"id":"0","name":"eventBus"}}
{"__type":"$$EventMessageNode","id":"66b8b152-1e26-414e-b90a-90785c6ebac7","ts":"2025-05-23T16:54:58.397+03:00","eventName":"n8n.node.started","message":"n8n.node.started","payload":{"workflowId":"nEKfZ30L6vLyUMXe","workflowName":"My workflow","executionId":"470","nodeType":"n8n-nodes-base.extractFromFile","nodeName":"Extract Preferences CSV"}}
{"__type":"$$EventMessageConfirm","confirm":"66b8b152-1e26-414e-b90a-90785c6ebac7","ts":"2025-05-23T16:54:58.397+03:00","source":{"id":"0","name":"eventBus"}}
{"__type":"$$EventMessageNode","id":"ca0cd98a-9f8a-4885-95a0-e743d0e8413e","ts":"2025-05-23T16:54:58.399+03:00","eventName":"n8n.node.finished","message":"n8n.node.finished","payload":{"workflowId":"nEKfZ30L6vLyUMXe","workflowName":"My workflow","executionId":"470","nodeType":"n8n-nodes-base.extractFromFile","nodeName":"Extract Preferences CSV"}}
{"__type":"$$EventMessageConfirm","confirm":"ca0cd98a-9f8a-4885-95a0-e743d0e8413e","ts":"2025-05-23T16:54:58.400+03:00","source":{"id":"0","name":"eventBus"}}
{"__type":"$$EventMessageNode","id":"b0943500-cc2a-4b49-bcec-564486c2cb5c","ts":"2025-05-23T16:54:58.400+03:00","eventName":"n8n.node.started","message":"n8n.node.started","payload":{"workflowId":"nEKfZ30L6vLyUMXe","workflowName":"My workflow","executionId":"470","nodeType":"n8n-nodes-base.readWriteFile","nodeName":"Skills"}}
{"__type":"$$EventMessageConfirm","confirm":"b0943500-cc2a-4b49-bcec-564486c2cb5c","ts":"2025-05-23T16:54:58.400+03:00","source":{"id":"0","name":"eventBus"}}
{"__type":"$$EventMessageNode","id":"dde2f16b-6bce-4bd0-a1c9-89fd8e821dfc","ts":"2025-05-23T16:54:58.427+03:00","eventName":"n8n.node.finished","message":"n8n.node.finished","payload":{"workflowId":"nEKfZ30L6vLyUMXe","workflowName":"My workflow","executionId":"470","nodeType":"n8n-nodes-base.readWriteFile","nodeName":"Skills"}}
{"__type":"$$EventMessageConfirm","confirm":"dde2f16b-6bce-4bd0-a1c9-89fd8e821dfc","ts":"2025-05-23T16:54:58.427+03:00","source":{"id":"0","name":"eventBus"}}
{"__type":"$$EventMessageNode","id":"da0a77d7-8370-45de-8314-41496712ef2a","ts":"2025-05-23T16:54:58.427+03:00","eventName":"n8n.node.started","message":"n8n.node.started","payload":{"workflowId":"nEKfZ30L6vLyUMXe","workflowName":"My workflow","executionId":"470","nodeType":"n8n-nodes-base.extractFromFile","nodeName":"Extract Skills CSV"}}
{"__type":"$$EventMessageConfirm","confirm":"da0a77d7-8370-45de-8314-41496712ef2a","ts":"2025-05-23T16:54:58.427+03:00","source":{"id":"0","name":"eventBus"}}
{"__type":"$$EventMessageNode","id":"4048b5fe-5b38-431a-b55c-ccb7446978f5","ts":"2025-05-23T16:54:58.431+03:00","eventName":"n8n.node.finished","message":"n8n.node.finished","payload":{"workflowId":"nEKfZ30L6vLyUMXe","workflowName":"My workflow","executionId":"470","nodeType":"n8n-nodes-base.extractFromFile","nodeName":"Extract Skills CSV"}}
{"__type":"$$EventMessageConfirm","confirm":"4048b5fe-5b38-431a-b55c-ccb7446978f5","ts":"2025-05-23T16:54:58.432+03:00","source":{"id":"0","name":"eventBus"}}
{"__type":"$$EventMessageNode","id":"7fb7d292-2864-4e52-95f0-a57c51158116","ts":"2025-05-23T16:54:58.432+03:00","eventName":"n8n.node.started","message":"n8n.node.started","payload":{"workflowId":"nEKfZ30L6vLyUMXe","workflowName":"My workflow","executionId":"470","nodeType":"n8n-nodes-base.merge","nodeName":"Merge"}}
{"__type":"$$EventMessageConfirm","confirm":"7fb7d292-2864-4e52-95f0-a57c51158116","ts":"2025-05-23T16:54:58.432+03:00","source":{"id":"0","name":"eventBus"}}
{"__type":"$$EventMessageNode","id":"7594c3eb-c59a-4675-8abe-97d85889abd9","ts":"2025-05-23T16:54:58.449+03:00","eventName":"n8n.node.finished","message":"n8n.node.finished","payload":{"workflowId":"nEKfZ30L6vLyUMXe","workflowName":"My workflow","executionId":"470","nodeType":"n8n-nodes-base.merge","nodeName":"Merge"}}
{"__type":"$$EventMessageConfirm","confirm":"7594c3eb-c59a-4675-8abe-97d85889abd9","ts":"2025-05-23T16:54:58.449+03:00","source":{"id":"0","name":"eventBus"}}
{"__type":"$$EventMessageNode","id":"2c5c50c8-0d2a-44e4-9bea-840b12a3c30f","ts":"2025-05-23T16:54:58.450+03:00","eventName":"n8n.node.started","message":"n8n.node.started","payload":{"workflowId":"nEKfZ30L6vLyUMXe","workflowName":"My workflow","executionId":"470","nodeType":"n8n-nodes-base.code","nodeName":"Code"}}
{"__type":"$$EventMessageConfirm","confirm":"2c5c50c8-0d2a-44e4-9bea-840b12a3c30f","ts":"2025-05-23T16:54:58.450+03:00","source":{"id":"0","name":"eventBus"}}
{"__type":"$$EventMessageNode","id":"847e5f81-bf89-4289-a710-b9ca5e3bf4eb","ts":"2025-05-23T16:54:58.566+03:00","eventName":"n8n.node.finished","message":"n8n.node.finished","payload":{"workflowId":"nEKfZ30L6vLyUMXe","workflowName":"My workflow","executionId":"470","nodeType":"n8n-nodes-base.code","nodeName":"Code"}}
{"__type":"$$EventMessageConfirm","confirm":"847e5f81-bf89-4289-a710-b9ca5e3bf4eb","ts":"2025-05-23T16:54:58.566+03:00","source":{"id":"0","name":"eventBus"}}
{"__type":"$$EventMessageNode","id":"44f8108b-5ad5-4fdb-a949-b8032b56a6f8","ts":"2025-05-23T16:54:58.567+03:00","eventName":"n8n.node.started","message":"n8n.node.started","payload":{"workflowId":"nEKfZ30L6vLyUMXe","workflowName":"My workflow","executionId":"470","nodeType":"n8n-nodes-base.httpRequest","nodeName":"HTTP Request"}}
{"__type":"$$EventMessageConfirm","confirm":"44f8108b-5ad5-4fdb-a949-b8032b56a6f8","ts":"2025-05-23T16:54:58.567+03:00","source":{"id":"0","name":"eventBus"}}
{"__type":"$$EventMessageNode","id":"bf1d2cb4-50ab-4252-8dcc-7c966f4a6686","ts":"2025-05-23T16:55:05.771+03:00","eventName":"n8n.node.finished","message":"n8n.node.finished","payload":{"workflowId":"nEKfZ30L6vLyUMXe","workflowName":"My workflow","executionId":"470","nodeType":"n8n-nodes-base.httpRequest","nodeName":"HTTP Request"}}
{"__type":"$$EventMessageConfirm","confirm":"bf1d2cb4-50ab-4252-8dcc-7c966f4a6686","ts":"2025-05-23T16:55:05.771+03:00","source":{"id":"0","name":"eventBus"}}
{"__type":"$$EventMessageWorkflow","id":"f8334544-38c1-4c4b-a096-8ee8c8321f89","ts":"2025-05-23T16:55:05.773+03:00","eventName":"n8n.workflow.success","message":"n8n.workflow.success","payload":{"executionId":"470","success":true,"isManual":false,"workflowId":"nEKfZ30L6vLyUMXe","workflowName":"My workflow"}}
{"__type":"$$EventMessageConfirm","confirm":"f8334544-38c1-4c4b-a096-8ee8c8321f89","ts":"2025-05-23T16:55:05.773+03:00","source":{"id":"0","name":"eventBus"}}
