{"__type":"$$EventMessageWorkflow","id":"ace007bc-502b-4ae5-9967-c71287ea5dbc","ts":"2025-05-08T15:40:50.571+03:00","eventName":"n8n.workflow.started","message":"n8n.workflow.started","payload":{"executionId":"354","workflowId":"nEKfZ30L6vLyUMXe","isManual":false,"workflowName":"My workflow"}}
{"__type":"$$EventMessageConfirm","confirm":"ace007bc-502b-4ae5-9967-c71287ea5dbc","ts":"2025-05-08T15:40:50.572+03:00","source":{"id":"0","name":"eventBus"}}
{"__type":"$$EventMessageNode","id":"d337bba7-f1ec-4424-aa4c-98b525126653","ts":"2025-05-08T15:40:50.573+03:00","eventName":"n8n.node.started","message":"n8n.node.started","payload":{"workflowId":"nEKfZ30L6vLyUMXe","workflowName":"My workflow","executionId":"354","nodeType":"n8n-nodes-base.webhook","nodeName":"Webhook"}}
{"__type":"$$EventMessageConfirm","confirm":"d337bba7-f1ec-4424-aa4c-98b525126653","ts":"2025-05-08T15:40:50.573+03:00","source":{"id":"0","name":"eventBus"}}
{"__type":"$$EventMessageNode","id":"2be5bd74-9bd5-4cf1-a2e9-eff41b1012d0","ts":"2025-05-08T15:40:50.575+03:00","eventName":"n8n.node.finished","message":"n8n.node.finished","payload":{"workflowId":"nEKfZ30L6vLyUMXe","workflowName":"My workflow","executionId":"354","nodeType":"n8n-nodes-base.webhook","nodeName":"Webhook"}}
{"__type":"$$EventMessageConfirm","confirm":"2be5bd74-9bd5-4cf1-a2e9-eff41b1012d0","ts":"2025-05-08T15:40:50.575+03:00","source":{"id":"0","name":"eventBus"}}
{"__type":"$$EventMessageNode","id":"4c9cee3f-76cd-4796-a444-c25004f02e10","ts":"2025-05-08T15:40:50.575+03:00","eventName":"n8n.node.started","message":"n8n.node.started","payload":{"workflowId":"nEKfZ30L6vLyUMXe","workflowName":"My workflow","executionId":"354","nodeType":"n8n-nodes-base.readWriteFile","nodeName":"Read/Write Files from Disk"}}
{"__type":"$$EventMessageConfirm","confirm":"4c9cee3f-76cd-4796-a444-c25004f02e10","ts":"2025-05-08T15:40:50.575+03:00","source":{"id":"0","name":"eventBus"}}
{"__type":"$$EventMessageNode","id":"601ceb16-feda-4c58-8289-9d97295bed3e","ts":"2025-05-08T15:40:50.589+03:00","eventName":"n8n.node.finished","message":"n8n.node.finished","payload":{"workflowId":"nEKfZ30L6vLyUMXe","workflowName":"My workflow","executionId":"354","nodeType":"n8n-nodes-base.readWriteFile","nodeName":"Read/Write Files from Disk"}}
{"__type":"$$EventMessageConfirm","confirm":"601ceb16-feda-4c58-8289-9d97295bed3e","ts":"2025-05-08T15:40:50.589+03:00","source":{"id":"0","name":"eventBus"}}
{"__type":"$$EventMessageNode","id":"1c98bdd6-4b3f-4a0c-a596-d3951481084b","ts":"2025-05-08T15:40:50.589+03:00","eventName":"n8n.node.started","message":"n8n.node.started","payload":{"workflowId":"nEKfZ30L6vLyUMXe","workflowName":"My workflow","executionId":"354","nodeType":"n8n-nodes-base.set","nodeName":"Edit Fields"}}
{"__type":"$$EventMessageConfirm","confirm":"1c98bdd6-4b3f-4a0c-a596-d3951481084b","ts":"2025-05-08T15:40:50.589+03:00","source":{"id":"0","name":"eventBus"}}
{"__type":"$$EventMessageNode","id":"4ec1b84f-9db0-4362-9e8a-d9d49890566b","ts":"2025-05-08T15:40:50.630+03:00","eventName":"n8n.node.finished","message":"n8n.node.finished","payload":{"workflowId":"nEKfZ30L6vLyUMXe","workflowName":"My workflow","executionId":"354","nodeType":"n8n-nodes-base.set","nodeName":"Edit Fields"}}
{"__type":"$$EventMessageConfirm","confirm":"4ec1b84f-9db0-4362-9e8a-d9d49890566b","ts":"2025-05-08T15:40:50.630+03:00","source":{"id":"0","name":"eventBus"}}
{"__type":"$$EventMessageNode","id":"d79a6e2f-1ad8-4e3d-8751-260ed193ea21","ts":"2025-05-08T15:40:50.631+03:00","eventName":"n8n.node.started","message":"n8n.node.started","payload":{"workflowId":"nEKfZ30L6vLyUMXe","workflowName":"My workflow","executionId":"354","nodeType":"n8n-nodes-base.code","nodeName":"Ayar"}}
{"__type":"$$EventMessageConfirm","confirm":"d79a6e2f-1ad8-4e3d-8751-260ed193ea21","ts":"2025-05-08T15:40:50.631+03:00","source":{"id":"0","name":"eventBus"}}
{"__type":"$$EventMessageNode","id":"1e125220-374c-4b04-a1ed-30e270fe1ed9","ts":"2025-05-08T15:40:50.662+03:00","eventName":"n8n.node.finished","message":"n8n.node.finished","payload":{"workflowId":"nEKfZ30L6vLyUMXe","workflowName":"My workflow","executionId":"354","nodeType":"n8n-nodes-base.code","nodeName":"Ayar"}}
{"__type":"$$EventMessageConfirm","confirm":"1e125220-374c-4b04-a1ed-30e270fe1ed9","ts":"2025-05-08T15:40:50.662+03:00","source":{"id":"0","name":"eventBus"}}
{"__type":"$$EventMessageWorkflow","id":"ac9c38b2-222c-49be-9b43-db7aafea45ae","ts":"2025-05-08T15:40:50.664+03:00","eventName":"n8n.workflow.success","message":"n8n.workflow.success","payload":{"executionId":"354","success":true,"isManual":false,"workflowId":"nEKfZ30L6vLyUMXe","workflowName":"My workflow"}}
{"__type":"$$EventMessageConfirm","confirm":"ac9c38b2-222c-49be-9b43-db7aafea45ae","ts":"2025-05-08T15:40:50.664+03:00","source":{"id":"0","name":"eventBus"}}
{"__type":"$$EventMessageAudit","id":"c9202500-46b8-4e50-bce7-4c678f7cb610","ts":"2025-05-08T15:41:42.806+03:00","eventName":"n8n.audit.workflow.updated","message":"n8n.audit.workflow.updated","payload":{"userId":"47b17605-6eae-49e2-8652-4965cffa9ed5","_email":"fhycix@gmail.com","_firstName":"Uygar","_lastName":"YILDIZ","globalRole":"global:owner","workflowId":"nEKfZ30L6vLyUMXe","workflowName":"My workflow"}}
{"__type":"$$EventMessageConfirm","confirm":"c9202500-46b8-4e50-bce7-4c678f7cb610","ts":"2025-05-08T15:41:42.806+03:00","source":{"id":"0","name":"eventBus"}}
{"__type":"$$EventMessageWorkflow","id":"603c9bd6-ad84-442e-a95d-6c1655951fcf","ts":"2025-05-08T15:41:44.600+03:00","eventName":"n8n.workflow.started","message":"n8n.workflow.started","payload":{"executionId":"355","workflowId":"nEKfZ30L6vLyUMXe","isManual":false,"workflowName":"My workflow"}}
{"__type":"$$EventMessageConfirm","confirm":"603c9bd6-ad84-442e-a95d-6c1655951fcf","ts":"2025-05-08T15:41:44.601+03:00","source":{"id":"0","name":"eventBus"}}
{"__type":"$$EventMessageNode","id":"627a5f04-7a0b-45d8-82b2-b678847cc375","ts":"2025-05-08T15:41:44.601+03:00","eventName":"n8n.node.started","message":"n8n.node.started","payload":{"workflowId":"nEKfZ30L6vLyUMXe","workflowName":"My workflow","executionId":"355","nodeType":"n8n-nodes-base.webhook","nodeName":"Webhook"}}
{"__type":"$$EventMessageConfirm","confirm":"627a5f04-7a0b-45d8-82b2-b678847cc375","ts":"2025-05-08T15:41:44.601+03:00","source":{"id":"0","name":"eventBus"}}
{"__type":"$$EventMessageNode","id":"47d9ba95-ce70-43bf-87df-fb5632bce142","ts":"2025-05-08T15:41:44.601+03:00","eventName":"n8n.node.finished","message":"n8n.node.finished","payload":{"workflowId":"nEKfZ30L6vLyUMXe","workflowName":"My workflow","executionId":"355","nodeType":"n8n-nodes-base.webhook","nodeName":"Webhook"}}
{"__type":"$$EventMessageConfirm","confirm":"47d9ba95-ce70-43bf-87df-fb5632bce142","ts":"2025-05-08T15:41:44.601+03:00","source":{"id":"0","name":"eventBus"}}
{"__type":"$$EventMessageNode","id":"4d5ab5c9-1b57-455b-b097-adb60f3a88c8","ts":"2025-05-08T15:41:44.602+03:00","eventName":"n8n.node.started","message":"n8n.node.started","payload":{"workflowId":"nEKfZ30L6vLyUMXe","workflowName":"My workflow","executionId":"355","nodeType":"n8n-nodes-base.readWriteFile","nodeName":"Read/Write Files from Disk"}}
{"__type":"$$EventMessageConfirm","confirm":"4d5ab5c9-1b57-455b-b097-adb60f3a88c8","ts":"2025-05-08T15:41:44.602+03:00","source":{"id":"0","name":"eventBus"}}
{"__type":"$$EventMessageNode","id":"fd66bd14-eb5f-4c29-8837-1cf7ad8714b6","ts":"2025-05-08T15:41:44.610+03:00","eventName":"n8n.node.finished","message":"n8n.node.finished","payload":{"workflowId":"nEKfZ30L6vLyUMXe","workflowName":"My workflow","executionId":"355","nodeType":"n8n-nodes-base.readWriteFile","nodeName":"Read/Write Files from Disk"}}
{"__type":"$$EventMessageConfirm","confirm":"fd66bd14-eb5f-4c29-8837-1cf7ad8714b6","ts":"2025-05-08T15:41:44.610+03:00","source":{"id":"0","name":"eventBus"}}
{"__type":"$$EventMessageNode","id":"88661a38-500d-4c58-aee2-afaf1e59a224","ts":"2025-05-08T15:41:44.610+03:00","eventName":"n8n.node.started","message":"n8n.node.started","payload":{"workflowId":"nEKfZ30L6vLyUMXe","workflowName":"My workflow","executionId":"355","nodeType":"n8n-nodes-base.set","nodeName":"Edit Fields"}}
{"__type":"$$EventMessageConfirm","confirm":"88661a38-500d-4c58-aee2-afaf1e59a224","ts":"2025-05-08T15:41:44.610+03:00","source":{"id":"0","name":"eventBus"}}
{"__type":"$$EventMessageNode","id":"e3a486bb-dbab-4711-ab54-6688dbbef80f","ts":"2025-05-08T15:41:44.614+03:00","eventName":"n8n.node.finished","message":"n8n.node.finished","payload":{"workflowId":"nEKfZ30L6vLyUMXe","workflowName":"My workflow","executionId":"355","nodeType":"n8n-nodes-base.set","nodeName":"Edit Fields"}}
{"__type":"$$EventMessageConfirm","confirm":"e3a486bb-dbab-4711-ab54-6688dbbef80f","ts":"2025-05-08T15:41:44.614+03:00","source":{"id":"0","name":"eventBus"}}
{"__type":"$$EventMessageNode","id":"5852146b-fe77-4114-85b4-7b6d9dc14b14","ts":"2025-05-08T15:41:44.614+03:00","eventName":"n8n.node.started","message":"n8n.node.started","payload":{"workflowId":"nEKfZ30L6vLyUMXe","workflowName":"My workflow","executionId":"355","nodeType":"n8n-nodes-base.code","nodeName":"Ayar"}}
{"__type":"$$EventMessageConfirm","confirm":"5852146b-fe77-4114-85b4-7b6d9dc14b14","ts":"2025-05-08T15:41:44.614+03:00","source":{"id":"0","name":"eventBus"}}
{"__type":"$$EventMessageNode","id":"4c08b293-33ca-4526-b283-4269e642b89f","ts":"2025-05-08T15:41:44.626+03:00","eventName":"n8n.node.finished","message":"n8n.node.finished","payload":{"workflowId":"nEKfZ30L6vLyUMXe","workflowName":"My workflow","executionId":"355","nodeType":"n8n-nodes-base.code","nodeName":"Ayar"}}
{"__type":"$$EventMessageConfirm","confirm":"4c08b293-33ca-4526-b283-4269e642b89f","ts":"2025-05-08T15:41:44.626+03:00","source":{"id":"0","name":"eventBus"}}
{"__type":"$$EventMessageNode","id":"3bbbafa6-52c8-4759-944e-85790439abfd","ts":"2025-05-08T15:41:44.626+03:00","eventName":"n8n.node.started","message":"n8n.node.started","payload":{"workflowId":"nEKfZ30L6vLyUMXe","workflowName":"My workflow","executionId":"355","nodeType":"n8n-nodes-base.readWriteFile","nodeName":"Oku Temel Konfig"}}
{"__type":"$$EventMessageConfirm","confirm":"3bbbafa6-52c8-4759-944e-85790439abfd","ts":"2025-05-08T15:41:44.626+03:00","source":{"id":"0","name":"eventBus"}}
{"__type":"$$EventMessageNode","id":"c6159fc9-4176-4555-9f6b-8c3c85976806","ts":"2025-05-08T15:41:44.641+03:00","eventName":"n8n.node.finished","message":"n8n.node.finished","payload":{"workflowId":"nEKfZ30L6vLyUMXe","workflowName":"My workflow","executionId":"355","nodeType":"n8n-nodes-base.readWriteFile","nodeName":"Oku Temel Konfig"}}
{"__type":"$$EventMessageConfirm","confirm":"c6159fc9-4176-4555-9f6b-8c3c85976806","ts":"2025-05-08T15:41:44.641+03:00","source":{"id":"0","name":"eventBus"}}
{"__type":"$$EventMessageNode","id":"9f1f8fd4-6756-4f9b-bb3a-ed12a6ec21d9","ts":"2025-05-08T15:41:44.642+03:00","eventName":"n8n.node.started","message":"n8n.node.started","payload":{"workflowId":"nEKfZ30L6vLyUMXe","workflowName":"My workflow","executionId":"355","nodeType":"n8n-nodes-base.readWriteFile","nodeName":"Employees"}}
{"__type":"$$EventMessageConfirm","confirm":"9f1f8fd4-6756-4f9b-bb3a-ed12a6ec21d9","ts":"2025-05-08T15:41:44.642+03:00","source":{"id":"0","name":"eventBus"}}
{"__type":"$$EventMessageNode","id":"7ecddfae-5149-4e43-b286-58ca71b03a7c","ts":"2025-05-08T15:41:44.652+03:00","eventName":"n8n.node.finished","message":"n8n.node.finished","payload":{"workflowId":"nEKfZ30L6vLyUMXe","workflowName":"My workflow","executionId":"355","nodeType":"n8n-nodes-base.readWriteFile","nodeName":"Employees"}}
{"__type":"$$EventMessageConfirm","confirm":"7ecddfae-5149-4e43-b286-58ca71b03a7c","ts":"2025-05-08T15:41:44.652+03:00","source":{"id":"0","name":"eventBus"}}
{"__type":"$$EventMessageNode","id":"f250f703-4384-4dd4-9cf4-0c090ff0c351","ts":"2025-05-08T15:41:44.652+03:00","eventName":"n8n.node.started","message":"n8n.node.started","payload":{"workflowId":"nEKfZ30L6vLyUMXe","workflowName":"My workflow","executionId":"355","nodeType":"n8n-nodes-base.readWriteFile","nodeName":"Shifts"}}
{"__type":"$$EventMessageConfirm","confirm":"f250f703-4384-4dd4-9cf4-0c090ff0c351","ts":"2025-05-08T15:41:44.652+03:00","source":{"id":"0","name":"eventBus"}}
{"__type":"$$EventMessageNode","id":"50b7deba-c10e-43f3-a0cf-4b3f51c5619d","ts":"2025-05-08T15:41:44.665+03:00","eventName":"n8n.node.finished","message":"n8n.node.finished","payload":{"workflowId":"nEKfZ30L6vLyUMXe","workflowName":"My workflow","executionId":"355","nodeType":"n8n-nodes-base.readWriteFile","nodeName":"Shifts"}}
{"__type":"$$EventMessageConfirm","confirm":"50b7deba-c10e-43f3-a0cf-4b3f51c5619d","ts":"2025-05-08T15:41:44.665+03:00","source":{"id":"0","name":"eventBus"}}
{"__type":"$$EventMessageNode","id":"3b0711e9-63a5-4dbb-a76e-62ce2dcfe4eb","ts":"2025-05-08T15:41:44.665+03:00","eventName":"n8n.node.started","message":"n8n.node.started","payload":{"workflowId":"nEKfZ30L6vLyUMXe","workflowName":"My workflow","executionId":"355","nodeType":"n8n-nodes-base.readWriteFile","nodeName":"Avaibility"}}
{"__type":"$$EventMessageConfirm","confirm":"3b0711e9-63a5-4dbb-a76e-62ce2dcfe4eb","ts":"2025-05-08T15:41:44.665+03:00","source":{"id":"0","name":"eventBus"}}
{"__type":"$$EventMessageNode","id":"2fa21519-b5aa-48e6-9361-a42783949a0b","ts":"2025-05-08T15:41:44.672+03:00","eventName":"n8n.node.finished","message":"n8n.node.finished","payload":{"workflowId":"nEKfZ30L6vLyUMXe","workflowName":"My workflow","executionId":"355","nodeType":"n8n-nodes-base.readWriteFile","nodeName":"Avaibility"}}
{"__type":"$$EventMessageConfirm","confirm":"2fa21519-b5aa-48e6-9361-a42783949a0b","ts":"2025-05-08T15:41:44.672+03:00","source":{"id":"0","name":"eventBus"}}
{"__type":"$$EventMessageNode","id":"f8dcf8d3-017a-4185-9da2-aade8359995e","ts":"2025-05-08T15:41:44.672+03:00","eventName":"n8n.node.started","message":"n8n.node.started","payload":{"workflowId":"nEKfZ30L6vLyUMXe","workflowName":"My workflow","executionId":"355","nodeType":"n8n-nodes-base.readWriteFile","nodeName":"Preferences"}}
{"__type":"$$EventMessageConfirm","confirm":"f8dcf8d3-017a-4185-9da2-aade8359995e","ts":"2025-05-08T15:41:44.672+03:00","source":{"id":"0","name":"eventBus"}}
{"__type":"$$EventMessageNode","id":"bb3e79f9-cb3e-4394-85a1-21015f6fb86b","ts":"2025-05-08T15:41:44.678+03:00","eventName":"n8n.node.finished","message":"n8n.node.finished","payload":{"workflowId":"nEKfZ30L6vLyUMXe","workflowName":"My workflow","executionId":"355","nodeType":"n8n-nodes-base.readWriteFile","nodeName":"Preferences"}}
{"__type":"$$EventMessageConfirm","confirm":"bb3e79f9-cb3e-4394-85a1-21015f6fb86b","ts":"2025-05-08T15:41:44.678+03:00","source":{"id":"0","name":"eventBus"}}
{"__type":"$$EventMessageNode","id":"b5d007d3-e20a-42c6-9a9c-7ae525f85734","ts":"2025-05-08T15:41:44.679+03:00","eventName":"n8n.node.started","message":"n8n.node.started","payload":{"workflowId":"nEKfZ30L6vLyUMXe","workflowName":"My workflow","executionId":"355","nodeType":"n8n-nodes-base.readWriteFile","nodeName":"Skills"}}
{"__type":"$$EventMessageConfirm","confirm":"b5d007d3-e20a-42c6-9a9c-7ae525f85734","ts":"2025-05-08T15:41:44.679+03:00","source":{"id":"0","name":"eventBus"}}
{"__type":"$$EventMessageNode","id":"36c56ffe-e0fc-4b50-b0dc-64ce728a8915","ts":"2025-05-08T15:41:44.689+03:00","eventName":"n8n.node.finished","message":"n8n.node.finished","payload":{"workflowId":"nEKfZ30L6vLyUMXe","workflowName":"My workflow","executionId":"355","nodeType":"n8n-nodes-base.readWriteFile","nodeName":"Skills"}}
{"__type":"$$EventMessageConfirm","confirm":"36c56ffe-e0fc-4b50-b0dc-64ce728a8915","ts":"2025-05-08T15:41:44.689+03:00","source":{"id":"0","name":"eventBus"}}
{"__type":"$$EventMessageWorkflow","id":"aa2b2ffb-1e73-4188-96c8-08da181934cd","ts":"2025-05-08T15:41:44.689+03:00","eventName":"n8n.workflow.success","message":"n8n.workflow.success","payload":{"executionId":"355","success":true,"isManual":false,"workflowId":"nEKfZ30L6vLyUMXe","workflowName":"My workflow"}}
{"__type":"$$EventMessageConfirm","confirm":"aa2b2ffb-1e73-4188-96c8-08da181934cd","ts":"2025-05-08T15:41:44.689+03:00","source":{"id":"0","name":"eventBus"}}
{"__type":"$$EventMessageAudit","id":"fb3fdc40-84cf-4c33-bd45-6d1f531e8eb2","ts":"2025-05-08T15:45:27.995+03:00","eventName":"n8n.audit.workflow.updated","message":"n8n.audit.workflow.updated","payload":{"userId":"47b17605-6eae-49e2-8652-4965cffa9ed5","_email":"fhycix@gmail.com","_firstName":"Uygar","_lastName":"YILDIZ","globalRole":"global:owner","workflowId":"nEKfZ30L6vLyUMXe","workflowName":"My workflow"}}
{"__type":"$$EventMessageConfirm","confirm":"fb3fdc40-84cf-4c33-bd45-6d1f531e8eb2","ts":"2025-05-08T15:45:27.995+03:00","source":{"id":"0","name":"eventBus"}}
{"__type":"$$EventMessageWorkflow","id":"85f0ce6a-4cbf-4f05-8b90-9fdb092e6252","ts":"2025-05-08T15:45:31.798+03:00","eventName":"n8n.workflow.started","message":"n8n.workflow.started","payload":{"executionId":"356","workflowId":"nEKfZ30L6vLyUMXe","isManual":false,"workflowName":"My workflow"}}
{"__type":"$$EventMessageConfirm","confirm":"85f0ce6a-4cbf-4f05-8b90-9fdb092e6252","ts":"2025-05-08T15:45:31.798+03:00","source":{"id":"0","name":"eventBus"}}
{"__type":"$$EventMessageNode","id":"33f2691f-a334-42aa-abec-0b03a2c4996e","ts":"2025-05-08T15:45:31.798+03:00","eventName":"n8n.node.started","message":"n8n.node.started","payload":{"workflowId":"nEKfZ30L6vLyUMXe","workflowName":"My workflow","executionId":"356","nodeType":"n8n-nodes-base.webhook","nodeName":"Webhook"}}
{"__type":"$$EventMessageConfirm","confirm":"33f2691f-a334-42aa-abec-0b03a2c4996e","ts":"2025-05-08T15:45:31.798+03:00","source":{"id":"0","name":"eventBus"}}
{"__type":"$$EventMessageNode","id":"5e3430cd-036a-4ec3-8c90-c2bfedb23294","ts":"2025-05-08T15:45:31.799+03:00","eventName":"n8n.node.finished","message":"n8n.node.finished","payload":{"workflowId":"nEKfZ30L6vLyUMXe","workflowName":"My workflow","executionId":"356","nodeType":"n8n-nodes-base.webhook","nodeName":"Webhook"}}
{"__type":"$$EventMessageConfirm","confirm":"5e3430cd-036a-4ec3-8c90-c2bfedb23294","ts":"2025-05-08T15:45:31.799+03:00","source":{"id":"0","name":"eventBus"}}
{"__type":"$$EventMessageNode","id":"da96eea7-3d01-42d5-827d-50a9322d643b","ts":"2025-05-08T15:45:31.799+03:00","eventName":"n8n.node.started","message":"n8n.node.started","payload":{"workflowId":"nEKfZ30L6vLyUMXe","workflowName":"My workflow","executionId":"356","nodeType":"n8n-nodes-base.readWriteFile","nodeName":"Read/Write Files from Disk"}}
{"__type":"$$EventMessageConfirm","confirm":"da96eea7-3d01-42d5-827d-50a9322d643b","ts":"2025-05-08T15:45:31.799+03:00","source":{"id":"0","name":"eventBus"}}
{"__type":"$$EventMessageNode","id":"58f44005-239b-4bcb-a63d-4582d5c6ebcb","ts":"2025-05-08T15:45:31.807+03:00","eventName":"n8n.node.finished","message":"n8n.node.finished","payload":{"workflowId":"nEKfZ30L6vLyUMXe","workflowName":"My workflow","executionId":"356","nodeType":"n8n-nodes-base.readWriteFile","nodeName":"Read/Write Files from Disk"}}
{"__type":"$$EventMessageConfirm","confirm":"58f44005-239b-4bcb-a63d-4582d5c6ebcb","ts":"2025-05-08T15:45:31.807+03:00","source":{"id":"0","name":"eventBus"}}
{"__type":"$$EventMessageNode","id":"422f6954-8eef-4ed3-895c-4a2c0010c095","ts":"2025-05-08T15:45:31.807+03:00","eventName":"n8n.node.started","message":"n8n.node.started","payload":{"workflowId":"nEKfZ30L6vLyUMXe","workflowName":"My workflow","executionId":"356","nodeType":"n8n-nodes-base.set","nodeName":"Edit Fields"}}
{"__type":"$$EventMessageConfirm","confirm":"422f6954-8eef-4ed3-895c-4a2c0010c095","ts":"2025-05-08T15:45:31.807+03:00","source":{"id":"0","name":"eventBus"}}
{"__type":"$$EventMessageNode","id":"3cad3177-e3b4-4825-94af-ebdd1e40fd50","ts":"2025-05-08T15:45:31.811+03:00","eventName":"n8n.node.finished","message":"n8n.node.finished","payload":{"workflowId":"nEKfZ30L6vLyUMXe","workflowName":"My workflow","executionId":"356","nodeType":"n8n-nodes-base.set","nodeName":"Edit Fields"}}
{"__type":"$$EventMessageConfirm","confirm":"3cad3177-e3b4-4825-94af-ebdd1e40fd50","ts":"2025-05-08T15:45:31.811+03:00","source":{"id":"0","name":"eventBus"}}
{"__type":"$$EventMessageNode","id":"21b1c68b-5da3-460a-8d73-730223619a9d","ts":"2025-05-08T15:45:31.811+03:00","eventName":"n8n.node.started","message":"n8n.node.started","payload":{"workflowId":"nEKfZ30L6vLyUMXe","workflowName":"My workflow","executionId":"356","nodeType":"n8n-nodes-base.code","nodeName":"Ayar"}}
{"__type":"$$EventMessageConfirm","confirm":"21b1c68b-5da3-460a-8d73-730223619a9d","ts":"2025-05-08T15:45:31.812+03:00","source":{"id":"0","name":"eventBus"}}
{"__type":"$$EventMessageNode","id":"6ef04c20-393d-4f14-8ccb-30c73e37b5d6","ts":"2025-05-08T15:45:31.826+03:00","eventName":"n8n.node.finished","message":"n8n.node.finished","payload":{"workflowId":"nEKfZ30L6vLyUMXe","workflowName":"My workflow","executionId":"356","nodeType":"n8n-nodes-base.code","nodeName":"Ayar"}}
{"__type":"$$EventMessageConfirm","confirm":"6ef04c20-393d-4f14-8ccb-30c73e37b5d6","ts":"2025-05-08T15:45:31.826+03:00","source":{"id":"0","name":"eventBus"}}
{"__type":"$$EventMessageNode","id":"99300ce0-f801-48fc-b405-12fee5342690","ts":"2025-05-08T15:45:31.827+03:00","eventName":"n8n.node.started","message":"n8n.node.started","payload":{"workflowId":"nEKfZ30L6vLyUMXe","workflowName":"My workflow","executionId":"356","nodeType":"n8n-nodes-base.readWriteFile","nodeName":"Oku Temel Konfig"}}
{"__type":"$$EventMessageConfirm","confirm":"99300ce0-f801-48fc-b405-12fee5342690","ts":"2025-05-08T15:45:31.827+03:00","source":{"id":"0","name":"eventBus"}}
{"__type":"$$EventMessageNode","id":"86ee455f-1235-4a46-9f92-d38e12891286","ts":"2025-05-08T15:45:31.835+03:00","eventName":"n8n.node.finished","message":"n8n.node.finished","payload":{"workflowId":"nEKfZ30L6vLyUMXe","workflowName":"My workflow","executionId":"356","nodeType":"n8n-nodes-base.readWriteFile","nodeName":"Oku Temel Konfig"}}
{"__type":"$$EventMessageConfirm","confirm":"86ee455f-1235-4a46-9f92-d38e12891286","ts":"2025-05-08T15:45:31.835+03:00","source":{"id":"0","name":"eventBus"}}
{"__type":"$$EventMessageNode","id":"09745122-2911-46c7-a683-05348f2d3cc7","ts":"2025-05-08T15:45:31.835+03:00","eventName":"n8n.node.started","message":"n8n.node.started","payload":{"workflowId":"nEKfZ30L6vLyUMXe","workflowName":"My workflow","executionId":"356","nodeType":"n8n-nodes-base.readWriteFile","nodeName":"Employees"}}
{"__type":"$$EventMessageConfirm","confirm":"09745122-2911-46c7-a683-05348f2d3cc7","ts":"2025-05-08T15:45:31.835+03:00","source":{"id":"0","name":"eventBus"}}
{"__type":"$$EventMessageNode","id":"e32fb973-432b-4266-ad23-81d587f2bf2c","ts":"2025-05-08T15:45:31.838+03:00","eventName":"n8n.node.finished","message":"n8n.node.finished","payload":{"workflowId":"nEKfZ30L6vLyUMXe","workflowName":"My workflow","executionId":"356","nodeType":"n8n-nodes-base.readWriteFile","nodeName":"Employees"}}
{"__type":"$$EventMessageConfirm","confirm":"e32fb973-432b-4266-ad23-81d587f2bf2c","ts":"2025-05-08T15:45:31.838+03:00","source":{"id":"0","name":"eventBus"}}
{"__type":"$$EventMessageNode","id":"4f25cf3e-97a3-40b6-bab7-58377f3f620f","ts":"2025-05-08T15:45:31.838+03:00","eventName":"n8n.node.started","message":"n8n.node.started","payload":{"workflowId":"nEKfZ30L6vLyUMXe","workflowName":"My workflow","executionId":"356","nodeType":"n8n-nodes-base.readWriteFile","nodeName":"Shifts"}}
{"__type":"$$EventMessageConfirm","confirm":"4f25cf3e-97a3-40b6-bab7-58377f3f620f","ts":"2025-05-08T15:45:31.838+03:00","source":{"id":"0","name":"eventBus"}}
{"__type":"$$EventMessageNode","id":"781639bb-d285-4e3e-a70a-6f2bfe513238","ts":"2025-05-08T15:45:31.840+03:00","eventName":"n8n.node.finished","message":"n8n.node.finished","payload":{"workflowId":"nEKfZ30L6vLyUMXe","workflowName":"My workflow","executionId":"356","nodeType":"n8n-nodes-base.readWriteFile","nodeName":"Shifts"}}
{"__type":"$$EventMessageConfirm","confirm":"781639bb-d285-4e3e-a70a-6f2bfe513238","ts":"2025-05-08T15:45:31.840+03:00","source":{"id":"0","name":"eventBus"}}
{"__type":"$$EventMessageNode","id":"d0e89dc4-53c2-4d5c-a722-402602dfe2ee","ts":"2025-05-08T15:45:31.840+03:00","eventName":"n8n.node.started","message":"n8n.node.started","payload":{"workflowId":"nEKfZ30L6vLyUMXe","workflowName":"My workflow","executionId":"356","nodeType":"n8n-nodes-base.readWriteFile","nodeName":"Avaibility"}}
{"__type":"$$EventMessageConfirm","confirm":"d0e89dc4-53c2-4d5c-a722-402602dfe2ee","ts":"2025-05-08T15:45:31.840+03:00","source":{"id":"0","name":"eventBus"}}
{"__type":"$$EventMessageNode","id":"3af54d53-6f69-43ca-a3f7-34d9ac84c94c","ts":"2025-05-08T15:45:31.842+03:00","eventName":"n8n.node.finished","message":"n8n.node.finished","payload":{"workflowId":"nEKfZ30L6vLyUMXe","workflowName":"My workflow","executionId":"356","nodeType":"n8n-nodes-base.readWriteFile","nodeName":"Avaibility"}}
{"__type":"$$EventMessageConfirm","confirm":"3af54d53-6f69-43ca-a3f7-34d9ac84c94c","ts":"2025-05-08T15:45:31.842+03:00","source":{"id":"0","name":"eventBus"}}
{"__type":"$$EventMessageNode","id":"fe45b050-1eb7-4958-888c-6aabc3b33d94","ts":"2025-05-08T15:45:31.842+03:00","eventName":"n8n.node.started","message":"n8n.node.started","payload":{"workflowId":"nEKfZ30L6vLyUMXe","workflowName":"My workflow","executionId":"356","nodeType":"n8n-nodes-base.readWriteFile","nodeName":"Preferences"}}
{"__type":"$$EventMessageConfirm","confirm":"fe45b050-1eb7-4958-888c-6aabc3b33d94","ts":"2025-05-08T15:45:31.842+03:00","source":{"id":"0","name":"eventBus"}}
{"__type":"$$EventMessageNode","id":"6f6854c7-4452-4e9f-bfa2-660a2c5c2d4c","ts":"2025-05-08T15:45:31.844+03:00","eventName":"n8n.node.finished","message":"n8n.node.finished","payload":{"workflowId":"nEKfZ30L6vLyUMXe","workflowName":"My workflow","executionId":"356","nodeType":"n8n-nodes-base.readWriteFile","nodeName":"Preferences"}}
{"__type":"$$EventMessageConfirm","confirm":"6f6854c7-4452-4e9f-bfa2-660a2c5c2d4c","ts":"2025-05-08T15:45:31.844+03:00","source":{"id":"0","name":"eventBus"}}
{"__type":"$$EventMessageNode","id":"a41059a4-1ec8-48e1-b00a-adcf2cb94612","ts":"2025-05-08T15:45:31.844+03:00","eventName":"n8n.node.started","message":"n8n.node.started","payload":{"workflowId":"nEKfZ30L6vLyUMXe","workflowName":"My workflow","executionId":"356","nodeType":"n8n-nodes-base.readWriteFile","nodeName":"Skills"}}
{"__type":"$$EventMessageConfirm","confirm":"a41059a4-1ec8-48e1-b00a-adcf2cb94612","ts":"2025-05-08T15:45:31.845+03:00","source":{"id":"0","name":"eventBus"}}
{"__type":"$$EventMessageNode","id":"e920e437-2764-4fb6-b9e4-dd20b9fdb283","ts":"2025-05-08T15:45:31.848+03:00","eventName":"n8n.node.finished","message":"n8n.node.finished","payload":{"workflowId":"nEKfZ30L6vLyUMXe","workflowName":"My workflow","executionId":"356","nodeType":"n8n-nodes-base.readWriteFile","nodeName":"Skills"}}
{"__type":"$$EventMessageConfirm","confirm":"e920e437-2764-4fb6-b9e4-dd20b9fdb283","ts":"2025-05-08T15:45:31.848+03:00","source":{"id":"0","name":"eventBus"}}
{"__type":"$$EventMessageWorkflow","id":"32d3ef8c-81c7-49ea-b7f5-9922524279b8","ts":"2025-05-08T15:45:31.848+03:00","eventName":"n8n.workflow.success","message":"n8n.workflow.success","payload":{"executionId":"356","success":true,"isManual":false,"workflowId":"nEKfZ30L6vLyUMXe","workflowName":"My workflow"}}
{"__type":"$$EventMessageConfirm","confirm":"32d3ef8c-81c7-49ea-b7f5-9922524279b8","ts":"2025-05-08T15:45:31.848+03:00","source":{"id":"0","name":"eventBus"}}
